2026-04-06 03:10:06,316 INFO === MODIS / Satellite Water Quality Download ===
2026-04-06 03:10:06,316 INFO Output: /home/bcheng/SENTINEL/data/raw/modis_oc
2026-04-06 03:10:06,316 INFO Trying NASA Earthdata...
2026-04-06 03:10:06,471 INFO   [C2007631329-LANCEMODIS] MODIS/Aqua Snow Cover 5-Min L2 Swath 500m NRT
2026-04-06 03:10:06,471 INFO   [C2763384055-LPCLOUD] VIIRS/NPP Burned Area Monthly L4 Global 500m SIN Grid V001
2026-04-06 03:10:06,471 INFO   [C2801723593-LAADS] Enhanced MODIS Airborne Simulator (eMAS) L2 Cloud Data
2026-04-06 03:10:06,471 INFO   [C2545314559-LPCLOUD] VIIRS/NPP Land Surface Temperature/Emissivity Daily L3 Global 1km SIN Grid Night
2026-04-06 03:10:06,471 INFO   [C2545314555-LPCLOUD] VIIRS/NPP Land Surface Temperature/Emissivity Daily L3 Global 1km SIN Grid Day V
2026-04-06 03:10:06,587 INFO   [C2797469962-ORNL_CLOUD] Delta-X: AVIRIS-NG L3-derived Water Quality, TSS, and Turbidity, MRD, V3
2026-04-06 03:10:06,587 INFO   [C2772847105-ORNL_CLOUD] Delta-X: In Situ Water Surface Reflectance across MRD, LA, USA, 2021, V3
2026-04-06 03:10:06,587 INFO   [C3839054615-AMD_USAPDC] EAGER: Collaborative Research: Mapping Melting Glacial Surfaces with GNSS Reflec
2026-04-06 03:10:06,587 INFO   [C1981395972-LARC_ASDC] LISTOS Yale Coastal Ground Site Data
2026-04-06 03:10:06,587 INFO   [C1981401216-LARC_ASDC] LISTOS Stony Brook Aircraft In-Situ Data
2026-04-06 03:10:06,682 INFO   [C2240727916-ORNL_CLOUD] ABoVE: TVPRM Simulated Net Ecosystem Exchange, Alaskan North Slope, 2008-2017
2026-04-06 03:10:06,683 INFO   [C3380709133-OB_CLOUD] Aqua MODIS Level-3 Global Mapped Chlorophyll (CHL) Data, version 2022.0
2026-04-06 03:10:06,683 INFO   [C3380709159-OB_CLOUD] Aqua MODIS Level-3 Global Mapped Fluorescence Line Height (FLH) Data, version 20
2026-04-06 03:10:06,683 INFO   [C3380709124-OB_CLOUD] Aqua MODIS Level-3 Global Mapped Chlorophyll (CHL) - Near Real-time (NRT) Data, 
2026-04-06 03:10:06,683 INFO   [C3455985655-OB_CLOUD] Aqua MODIS Level-4 Global Mapped Phytoplankton Carbon Data, version 2022.0
2026-04-06 03:10:06,683 INFO Trying Copernicus Inland Water Quality products...
2026-04-06 03:10:21,700 WARNING   WEkEO failed: HTTPSConnectionPool(host='wekeo-broker.apps.mercator.dpi.wekeo.eu', port=443): Max retries exceeded with url: /databroker/queryids (Caused by NameResolutionError("HTTPSConnection(host='wekeo-broker.apps.mercator.dpi.wekeo.eu', port=443): Failed to resolve 'wekeo-broker.apps.mercator.dpi.wekeo.eu' ([Errno -2] Name or service not known)"))
2026-04-06 03:10:37,527 WARNING   WEkEO failed: HTTPSConnectionPool(host='wekeo-broker.apps.mercator.dpi.wekeo.eu', port=443): Max retries exceeded with url: /databroker/queryids (Caused by NameResolutionError("HTTPSConnection(host='wekeo-broker.apps.mercator.dpi.wekeo.eu', port=443): Failed to resolve 'wekeo-broker.apps.mercator.dpi.wekeo.eu' ([Errno -2] Name or service not known)"))
2026-04-06 03:10:37,527 INFO Searching Zenodo for aquatic remote sensing data...
2026-04-06 03:10:38,671 INFO   [18834668] Long-Term Landslide Inventory of the Xiluodu Reservoir, Downstream Jin (4169 MB)
2026-04-06 03:10:38,671 INFO   [19433786] Topography-Derived Cold-Air Pooling Maps of the Colorado Rocky Mountai (6178 MB)
2026-04-06 03:10:38,671 INFO   [18666075] An Agile Business Intelligence Dashboard for Managing Bulk Data Quotas (1 MB)
2026-04-06 03:10:38,671 INFO   [19431611] Microclimate Observation Dataset — Goa, India (0 MB)
2026-04-06 03:10:38,671 INFO   [19431398] SUPPLY CHAIN MANAGEMENT IN MODERN CONDITIONS (0 MB)
2026-04-06 03:10:39,355 INFO   [18834668] Long-Term Landslide Inventory of the Xiluodu Reservoir, Downstream Jin (4169 MB)
2026-04-06 03:10:39,356 INFO   [19433786] Topography-Derived Cold-Air Pooling Maps of the Colorado Rocky Mountai (6178 MB)
2026-04-06 03:10:39,356 INFO   [19431611] Microclimate Observation Dataset — Goa, India (0 MB)
2026-04-06 03:10:39,356 INFO   [19430638] Descriptor: Participatory Mapping of Trade in Pangolin Scales and Othe (0 MB)
2026-04-06 03:10:39,356 INFO   [19429172] COMPARISON OF THE EFFICIENCY OF DIFFERENT NATURAL ADSORBERS IN ABSORPT (0 MB)
2026-04-06 03:10:39,896 INFO   [18834668] Long-Term Landslide Inventory of the Xiluodu Reservoir, Downstream Jin (4169 MB)
2026-04-06 03:10:39,896 INFO   [19434899] Evaluating Deep Learning Models for Urban Tree Species Classification  (14597 MB)
2026-04-06 03:10:39,896 INFO   [19433786] Topography-Derived Cold-Air Pooling Maps of the Colorado Rocky Mountai (6178 MB)
2026-04-06 03:10:39,896 INFO   [18666075] An Agile Business Intelligence Dashboard for Managing Bulk Data Quotas (1 MB)
2026-04-06 03:10:39,896 INFO   [19431764] Dissolved Si:N:P influence on algae and DOM: Raw data files associated (0 MB)
2026-04-06 03:10:40,545 INFO   [18834668] Long-Term Landslide Inventory of the Xiluodu Reservoir, Downstream Jin (4169 MB)
2026-04-06 03:10:40,545 INFO   [19433786] Topography-Derived Cold-Air Pooling Maps of the Colorado Rocky Mountai (6178 MB)
2026-04-06 03:10:40,545 INFO   [19425687] Ground Truth for Medieval Greek Handwritten Text Recognition and Text  (1 MB)
2026-04-06 03:10:40,545 INFO   [19431611] Microclimate Observation Dataset — Goa, India (0 MB)
2026-04-06 03:10:40,545 INFO   [19430638] Descriptor: Participatory Mapping of Trade in Pangolin Scales and Othe (0 MB)
2026-04-06 03:10:40,546 INFO Downloading GLOWABO (Global Water Bodies)...
2026-04-06 03:10:41,362 INFO   [4536808] Synthetic lethality-mediated precision oncology via the tumor transcriptome (beta)
2026-04-06 03:10:41,363 INFO Downloading AquaWatch/water clarity datasets...
2026-04-06 03:10:41,891 INFO Total: 0.0 MB across 0 files
2026-04-06 03:10:41,891 INFO Done.
