[2026-04-04 05:48:14] ======================================================================
[2026-04-04 05:48:14] STEP 1: Discovering USGS NWIS water quality stations (smart mode)
[2026-04-04 05:48:14] ======================================================================
[2026-04-04 05:48:15] Discovering IV stations in OH...
[2026-04-04 05:48:18]   OH: 26 stations with >= 3 params
[2026-04-04 05:48:19] Discovering IV stations in PA...
[2026-04-04 05:48:25]   PA: 80 stations with >= 3 params
[2026-04-04 05:48:26] Discovering IV stations in NY...
[2026-04-04 05:48:33]   NY: 53 stations with >= 3 params
[2026-04-04 05:48:34] Discovering IV stations in VA...
[2026-04-04 05:48:37]   VA: 90 stations with >= 3 params
[2026-04-04 05:48:38] Discovering IV stations in MD...
[2026-04-04 05:48:42]   MD: 31 stations with >= 3 params
[2026-04-04 05:48:43] Discovering IV stations in NC...
[2026-04-04 05:48:47]   NC: 18 stations with >= 3 params
[2026-04-04 05:48:48] Discovering IV stations in GA...
[2026-04-04 05:48:52]   GA: 80 stations with >= 3 params
[2026-04-04 05:48:53] Discovering IV stations in FL...
[2026-04-04 05:49:00]   FL: 63 stations with >= 3 params
[2026-04-04 05:49:01] Discovering IV stations in TX...
[2026-04-04 05:49:07]   TX: 81 stations with >= 3 params
[2026-04-04 05:49:08] Discovering IV stations in CA...
[2026-04-04 05:49:16]   CA: 136 stations with >= 3 params
[2026-04-04 05:49:17] Discovering IV stations in IL...
[2026-04-04 05:49:21]   IL: 35 stations with >= 3 params
[2026-04-04 05:49:22] Discovering IV stations in IN...
[2026-04-04 05:49:26]   IN: 25 stations with >= 3 params
[2026-04-04 05:49:27] Discovering IV stations in MI...
[2026-04-04 05:49:30]   MI: 26 stations with >= 3 params
[2026-04-04 05:49:31] Discovering IV stations in WI...
[2026-04-04 05:49:36]   WI: 28 stations with >= 3 params
[2026-04-04 05:49:37] Discovering IV stations in MN...
[2026-04-04 05:49:45]   MN: 2 stations with >= 3 params
[2026-04-04 05:49:46] Discovering IV stations in IA...
[2026-04-04 05:49:50]   IA: 10 stations with >= 3 params
[2026-04-04 05:49:51] Discovering IV stations in MO...
[2026-04-04 05:49:55]   MO: 21 stations with >= 3 params
[2026-04-04 05:49:56] Discovering IV stations in KY...
[2026-04-04 05:50:00]   KY: 46 stations with >= 3 params
[2026-04-04 05:50:01] Discovering IV stations in TN...
[2026-04-04 05:50:04]   TN: 33 stations with >= 3 params
[2026-04-04 05:50:05] Discovering IV stations in AL...
[2026-04-04 05:50:08]   AL: 14 stations with >= 3 params
[2026-04-04 05:50:09] Discovering IV stations in SC...
[2026-04-04 05:50:13]   SC: 30 stations with >= 3 params
[2026-04-04 05:50:14] Discovering IV stations in WV...
[2026-04-04 05:50:17]   WV: 16 stations with >= 3 params
[2026-04-04 05:50:18] Discovering IV stations in NJ...
[2026-04-04 05:50:22]   NJ: 29 stations with >= 3 params
[2026-04-04 05:50:23] Discovering IV stations in CT...
[2026-04-04 05:50:26]   CT: 44 stations with >= 3 params
[2026-04-04 05:50:27] Discovering IV stations in MA...
[2026-04-04 05:50:31]   MA: 24 stations with >= 3 params
[2026-04-04 05:50:32] Discovering IV stations in OR...
[2026-04-04 05:50:36]   OR: 136 stations with >= 3 params
[2026-04-04 05:50:37] Discovering IV stations in WA...
[2026-04-04 05:50:44]   WA: 31 stations with >= 3 params
[2026-04-04 05:50:45] Discovering IV stations in CO...
[2026-04-04 05:50:49]   CO: 67 stations with >= 3 params
[2026-04-04 05:50:50] Discovering IV stations in NE...
[2026-04-04 05:50:53]   NE: 16 stations with >= 3 params
[2026-04-04 05:50:54] Discovering IV stations in KS...
[2026-04-04 05:50:59]   KS: 45 stations with >= 3 params
[2026-04-04 05:51:00] Discovering IV stations in OK...
[2026-04-04 05:51:05]   OK: 9 stations with >= 3 params
[2026-04-04 05:51:06] Discovering IV stations in AR...
[2026-04-04 05:51:13]   AR: 26 stations with >= 3 params
[2026-04-04 05:51:14] Discovering IV stations in LA...
[2026-04-04 05:51:19]   LA: 24 stations with >= 3 params
[2026-04-04 05:51:20] Discovering IV stations in MS...
[2026-04-04 05:51:26]   MS: 29 stations with >= 3 params
[2026-04-04 05:51:27] Discovering IV stations in NM...
[2026-04-04 05:51:31]   NM: 15 stations with >= 3 params
[2026-04-04 05:51:32] Discovering IV stations in AZ...
[2026-04-04 05:51:38]   AZ: 39 stations with >= 3 params
[2026-04-04 05:51:39] Discovering IV stations in UT...
[2026-04-04 05:51:43]   UT: 18 stations with >= 3 params
[2026-04-04 05:51:44] Discovering IV stations in NV...
[2026-04-04 05:51:47]   NV: 49 stations with >= 3 params
[2026-04-04 05:51:48] Discovering IV stations in ID...
[2026-04-04 05:51:52]   ID: 21 stations with >= 3 params
[2026-04-04 05:51:53] Discovering IV stations in MT...
[2026-04-04 05:51:58]   MT: 21 stations with >= 3 params
[2026-04-04 05:51:59] Discovering IV stations in WY...
[2026-04-04 05:52:02]   WY: 5 stations with >= 3 params
[2026-04-04 05:52:03] Discovering IV stations in ND...
[2026-04-04 05:52:09]   ND: 10 stations with >= 3 params
[2026-04-04 05:52:10] Discovering IV stations in SD...
[2026-04-04 05:52:17]   SD: 4 stations with >= 3 params
[2026-04-04 05:52:18] Discovering IV stations in ME...
[2026-04-04 05:52:21]   ME: 3 stations with >= 3 params
[2026-04-04 05:52:22] Discovering IV stations in NH...
[2026-04-04 05:52:26]   NH: 5 stations with >= 3 params
[2026-04-04 05:52:27] Discovering IV stations in VT...
[2026-04-04 05:52:27]   VT/00300: error - Page Not Found Error. May be the result of an empty query. URL: https://waterservices.usgs.gov/nwis/site?stateCd=VT&parameterCd=00300&hasDataTypeCd=iv&format=rdb
[2026-04-04 05:52:28]   VT/00400: error - Page Not Found Error. May be the result of an empty query. URL: https://waterservices.usgs.gov/nwis/site?stateCd=VT&parameterCd=00400&hasDataTypeCd=iv&format=rdb
[2026-04-04 05:52:30]   VT: 1 stations with >= 3 params
[2026-04-04 05:52:31] Discovering IV stations in RI...
[2026-04-04 05:52:33]   RI: 4 stations with >= 3 params
[2026-04-04 05:52:34] Discovering IV stations in DE...
[2026-04-04 05:52:37]   DE: 15 stations with >= 3 params
[2026-04-04 05:52:38] Discovering IV stations in HI...
[2026-04-04 05:52:39]   HI/00300: error - Page Not Found Error. May be the result of an empty query. URL: https://waterservices.usgs.gov/nwis/site?stateCd=HI&parameterCd=00300&hasDataTypeCd=iv&format=rdb
[2026-04-04 05:52:40]   HI/00400: error - Page Not Found Error. May be the result of an empty query. URL: https://waterservices.usgs.gov/nwis/site?stateCd=HI&parameterCd=00400&hasDataTypeCd=iv&format=rdb
[2026-04-04 05:52:42]   HI: 0 stations with >= 3 params
[2026-04-04 05:52:43] Discovering IV stations in AK...
[2026-04-04 05:52:46]   AK: 10 stations with >= 3 params
[2026-04-04 05:52:47] Discovering IV stations in DC...
[2026-04-04 05:52:49]   DC: 6 stations with >= 3 params
[2026-04-04 05:52:50] Parameter distribution across all sites:
[2026-04-04 05:52:50]   1 params: 1957 sites
[2026-04-04 05:52:50]   2 params: 1113 sites
[2026-04-04 05:52:50]   3 params: 381 sites
[2026-04-04 05:52:50]   4 params: 482 sites
[2026-04-04 05:52:50]   5 params: 787 sites
[2026-04-04 05:52:50] Qualified stations (>= 3 params): 1650
[2026-04-04 05:52:50] Saved 1650 qualified stations to /home/bcheng/SENTINEL/data/raw/sensor/full/station_catalog_smart.json
[2026-04-04 05:52:50] ======================================================================
[2026-04-04 05:52:50] STEP 2: Downloading IV data for 1650 qualified stations
[2026-04-04 05:52:50] ======================================================================
[2026-04-04 05:52:50] Already have 3 parquet files
[2026-04-04 06:02:11]   Progress: 25/1650 (downloaded=17, failed=8, skipped_existing=0)
[2026-04-04 06:17:41]   Progress: 50/1650 (downloaded=41, failed=9, skipped_existing=0)
[2026-04-04 06:27:12]   Progress: 75/1650 (downloaded=60, failed=15, skipped_existing=0)
[2026-04-04 06:37:44]   Progress: 100/1650 (downloaded=78, failed=22, skipped_existing=0)
[2026-04-04 06:56:31]   Progress: 125/1650 (downloaded=101, failed=24, skipped_existing=0)
[2026-04-04 07:07:19]   Progress: 150/1650 (downloaded=115, failed=35, skipped_existing=0)
[2026-04-04 07:22:07]   Progress: 175/1650 (downloaded=134, failed=41, skipped_existing=0)
[2026-04-04 07:35:50]   Progress: 200/1650 (downloaded=159, failed=41, skipped_existing=0)
[2026-04-04 07:50:13]   Progress: 225/1650 (downloaded=184, failed=41, skipped_existing=0)
[2026-04-04 08:04:28]   Progress: 250/1650 (downloaded=208, failed=42, skipped_existing=1)
[2026-04-04 08:12:25]   Progress: 275/1650 (downloaded=222, failed=53, skipped_existing=1)
[2026-04-04 08:22:31]   Progress: 300/1650 (downloaded=244, failed=56, skipped_existing=1)
[2026-04-04 08:29:07]   Progress: 325/1650 (downloaded=258, failed=67, skipped_existing=1)
[2026-04-04 08:36:27]   Progress: 350/1650 (downloaded=273, failed=77, skipped_existing=1)
