[2026-04-04 12:40:56] ============================================================
[2026-04-04 12:40:56] Satellite Imagery Download (Planetary Computer)
[2026-04-04 12:40:56] ============================================================
[2026-04-04 12:40:59] USGS stations: 200
[2026-04-04 12:40:59] GRQA stations: 300
[2026-04-04 12:40:59] Total candidate stations: 500
[2026-04-04 12:40:59] Connected to Planetary Computer STAC API
[2026-04-04 12:40:59] Existing tiles: 0
[2026-04-04 12:47:49]   Progress: 25/500 stations (downloaded=112, failed=13)
[2026-04-04 12:54:31]   Progress: 50/500 stations (downloaded=222, failed=28)
[2026-04-04 13:02:14]   Progress: 75/500 stations (downloaded=332, failed=43)
[2026-04-04 13:08:10]   Progress: 100/500 stations (downloaded=433, failed=67)
[2026-04-04 13:14:30]   Progress: 125/500 stations (downloaded=550, failed=75)
[2026-04-04 13:21:00]   Progress: 150/500 stations (downloaded=675, failed=75)
[2026-04-04 13:27:45]   Progress: 175/500 stations (downloaded=800, failed=75)
[2026-04-04 13:32:45]   Progress: 200/500 stations (downloaded=899, failed=101)
[2026-04-04 13:41:18]   Progress: 225/500 stations (downloaded=1016, failed=109)
[2026-04-04 13:48:39]   Progress: 250/500 stations (downloaded=1121, failed=129)
[2026-04-04 13:55:52]   Progress: 275/500 stations (downloaded=1235, failed=140)
[2026-04-04 14:02:28]   Progress: 300/500 stations (downloaded=1343, failed=157)
[2026-04-04 14:08:14]   Progress: 325/500 stations (downloaded=1443, failed=182)
[2026-04-04 14:14:08]   Progress: 350/500 stations (downloaded=1542, failed=208)
[2026-04-04 14:19:28]   Progress: 375/500 stations (downloaded=1643, failed=232)
[2026-04-04 14:25:41]   Progress: 400/500 stations (downloaded=1743, failed=257)
[2026-04-04 14:33:15]   Progress: 425/500 stations (downloaded=1838, failed=287)
[2026-04-04 14:41:12]   Progress: 450/500 stations (downloaded=1937, failed=313)
[2026-04-04 14:48:35]   Progress: 475/500 stations (downloaded=2041, failed=334)
[2026-04-04 14:56:00]   Progress: 500/500 stations (downloaded=2139, failed=361)
[2026-04-04 14:56:00] 
Done! Total tiles: 2139 (new=2139, existing=0, failed=361)
