[2026-04-04 09:05:11] ======================================================================
[2026-04-04 09:05:11] STEP 1: Discovering USGS NWIS water quality stations (smart mode)
[2026-04-04 09:05:11] ======================================================================
[2026-04-04 09:05:11] Loaded cached smart catalog: 1650 qualified stations
[2026-04-04 09:05:11] ======================================================================
[2026-04-04 09:05:11] STEP 2: Downloading IV data for 1650 qualified stations
[2026-04-04 09:05:11] ======================================================================
[2026-04-04 09:05:11] Already have 277 parquet files
[2026-04-04 09:06:45]   Progress: 125/1650 (downloaded=101, failed=24, skipped_existing=101)
[2026-04-04 09:08:57]   Progress: 300/1650 (downloaded=244, failed=56, skipped_existing=244)
[2026-04-04 09:10:35]   Progress: 350/1650 (downloaded=273, failed=77, skipped_existing=273)
[2026-04-04 09:21:20]   Progress: 375/1650 (downloaded=296, failed=79, skipped_existing=275)
[2026-04-04 09:29:38]   Progress: 400/1650 (downloaded=318, failed=82, skipped_existing=275)
[2026-04-04 09:37:37]   Progress: 425/1650 (downloaded=339, failed=86, skipped_existing=275)
[2026-04-04 09:49:02]   Progress: 450/1650 (downloaded=360, failed=90, skipped_existing=275)
[2026-04-04 10:00:07]   Progress: 475/1650 (downloaded=381, failed=94, skipped_existing=275)
[2026-04-04 10:12:42]   Progress: 500/1650 (downloaded=404, failed=96, skipped_existing=275)
[2026-04-04 10:25:20]   Progress: 525/1650 (downloaded=427, failed=98, skipped_existing=275)
[2026-04-04 10:35:01]   Progress: 550/1650 (downloaded=447, failed=103, skipped_existing=275)
[2026-04-04 10:44:06]   Progress: 575/1650 (downloaded=470, failed=105, skipped_existing=275)
[2026-04-04 10:53:20]   Progress: 600/1650 (downloaded=491, failed=109, skipped_existing=275)
[2026-04-04 11:04:44]   Progress: 625/1650 (downloaded=514, failed=111, skipped_existing=275)
[2026-04-04 11:06:10]   Progress: 650/1650 (downloaded=515, failed=135, skipped_existing=275)
[2026-04-04 11:07:34]   Progress: 675/1650 (downloaded=515, failed=160, skipped_existing=275)
[2026-04-04 11:09:23]   Progress: 700/1650 (downloaded=516, failed=184, skipped_existing=275)
[2026-04-04 11:13:42]   Progress: 725/1650 (downloaded=528, failed=197, skipped_existing=275)
[2026-04-04 11:26:11]   Progress: 750/1650 (downloaded=550, failed=200, skipped_existing=275)
[2026-04-04 11:31:05]   Progress: 775/1650 (downloaded=563, failed=212, skipped_existing=275)
[2026-04-04 11:34:21]   Progress: 800/1650 (downloaded=568, failed=232, skipped_existing=275)
[2026-04-04 11:42:28]   Progress: 825/1650 (downloaded=580, failed=245, skipped_existing=275)
[2026-04-04 11:51:50]   Progress: 850/1650 (downloaded=595, failed=255, skipped_existing=275)
[2026-04-04 12:03:39]   Progress: 875/1650 (downloaded=616, failed=259, skipped_existing=275)
[2026-04-04 12:12:53]   Progress: 900/1650 (downloaded=634, failed=266, skipped_existing=275)
[2026-04-04 12:20:53]   Progress: 925/1650 (downloaded=655, failed=270, skipped_existing=276)
[2026-04-04 12:31:39]   Progress: 950/1650 (downloaded=678, failed=272, skipped_existing=276)
[2026-04-04 12:40:15]   Progress: 975/1650 (downloaded=698, failed=277, skipped_existing=276)
[2026-04-04 12:49:08]   Progress: 1000/1650 (downloaded=719, failed=281, skipped_existing=276)
[2026-04-04 12:55:25]   Progress: 1025/1650 (downloaded=741, failed=284, skipped_existing=276)
[2026-04-04 13:01:06]   Progress: 1050/1650 (downloaded=756, failed=294, skipped_existing=276)
[2026-04-04 13:08:27]   Progress: 1075/1650 (downloaded=776, failed=299, skipped_existing=276)
[2026-04-04 13:14:52]   Progress: 1100/1650 (downloaded=790, failed=310, skipped_existing=276)
[2026-04-04 13:18:30]   Progress: 1125/1650 (downloaded=805, failed=320, skipped_existing=276)
[2026-04-04 13:23:25]   Progress: 1150/1650 (downloaded=817, failed=333, skipped_existing=276)
[2026-04-04 13:26:02]   Progress: 1175/1650 (downloaded=821, failed=354, skipped_existing=276)
[2026-04-04 13:34:23]   Progress: 1200/1650 (downloaded=839, failed=361, skipped_existing=276)
[2026-04-04 13:38:28]   Progress: 1225/1650 (downloaded=853, failed=372, skipped_existing=276)
[2026-04-04 13:41:12]   Progress: 1250/1650 (downloaded=863, failed=387, skipped_existing=276)
[2026-04-04 13:43:50]   Progress: 1275/1650 (downloaded=869, failed=406, skipped_existing=276)
[2026-04-04 13:50:46]   Progress: 1300/1650 (downloaded=887, failed=413, skipped_existing=276)
[2026-04-04 14:06:10]   Progress: 1325/1650 (downloaded=910, failed=415, skipped_existing=276)
[2026-04-04 14:24:56]   Progress: 1350/1650 (downloaded=935, failed=415, skipped_existing=276)
[2026-04-04 14:34:05]   Progress: 1375/1650 (downloaded=954, failed=421, skipped_existing=276)
[2026-04-04 14:42:49]   Progress: 1400/1650 (downloaded=973, failed=427, skipped_existing=276)
[2026-04-04 14:48:02]   Progress: 1425/1650 (downloaded=991, failed=434, skipped_existing=277)
[2026-04-04 14:51:27]   Progress: 1450/1650 (downloaded=1002, failed=448, skipped_existing=277)
[2026-04-04 14:58:05]   Progress: 1475/1650 (downloaded=1021, failed=454, skipped_existing=277)
[2026-04-04 15:03:25]   Progress: 1500/1650 (downloaded=1041, failed=459, skipped_existing=277)
[2026-04-04 15:11:18]   Progress: 1525/1650 (downloaded=1062, failed=463, skipped_existing=277)
[2026-04-04 15:18:52]   Progress: 1550/1650 (downloaded=1081, failed=469, skipped_existing=277)
[2026-04-04 15:25:44]   Progress: 1575/1650 (downloaded=1094, failed=481, skipped_existing=277)
[2026-04-04 15:30:40]   Progress: 1600/1650 (downloaded=1104, failed=496, skipped_existing=277)
[2026-04-04 15:34:57]   Progress: 1625/1650 (downloaded=1118, failed=507, skipped_existing=277)
[2026-04-04 15:37:46]   Progress: 1650/1650 (downloaded=1130, failed=520, skipped_existing=277)
[2026-04-04 15:37:46] Download complete: 1130 stations with data, 520 failed
[2026-04-04 15:37:46] ======================================================================
[2026-04-04 15:37:46] STEP 3: Preprocessing into AquaSSM format
[2026-04-04 15:37:46] ======================================================================
[2026-04-04 15:37:46] Computing global parameter statistics...
[2026-04-04 15:38:06]   DO: mean=-4101.2651, std=63978.6645, n=95953186
[2026-04-04 15:38:06]   pH: mean=-1874.4051, std=43342.3724, n=83285056
[2026-04-04 15:38:06]   SpCond: mean=523.4114, std=55511.1823, n=120448276
[2026-04-04 15:38:06]   Temp: mean=-1506.5370, std=38981.0892, n=131524708
[2026-04-04 15:38:06]   Turb: mean=-3107.5772, std=55796.0330, n=83393934
[2026-04-04 15:38:06]   ORP: NO DATA
[2026-04-04 15:38:06] Saved normalization stats to /home/bcheng/SENTINEL/data/processed/sensor/full/normalization_stats.json
[2026-04-04 15:38:06] Preprocessing 1130 station files into sequences...
[2026-04-04 15:38:26]   Preprocessed 50/1130 stations, 14497 sequences from 47 stations so far
[2026-04-04 15:38:45]   Preprocessed 100/1130 stations, 29358 sequences from 97 stations so far
[2026-04-04 15:39:06]   Preprocessed 150/1130 stations, 48203 sequences from 147 stations so far
[2026-04-04 15:39:39]   Preprocessed 200/1130 stations, 77041 sequences from 197 stations so far
[2026-04-04 15:40:02]   Preprocessed 250/1130 stations, 96338 sequences from 246 stations so far
[2026-04-04 15:40:21]   Preprocessed 300/1130 stations, 113160 sequences from 296 stations so far
[2026-04-04 15:40:41]   Preprocessed 350/1130 stations, 130366 sequences from 346 stations so far
[2026-04-04 15:40:57]   Preprocessed 400/1130 stations, 143473 sequences from 396 stations so far
[2026-04-04 15:41:21]   Preprocessed 450/1130 stations, 160701 sequences from 446 stations so far
[2026-04-04 15:41:36]   Preprocessed 500/1130 stations, 173903 sequences from 496 stations so far
[2026-04-04 15:41:52]   Preprocessed 550/1130 stations, 187661 sequences from 546 stations so far
[2026-04-04 15:42:06]   Preprocessed 600/1130 stations, 198870 sequences from 596 stations so far
[2026-04-04 15:42:19]   Preprocessed 650/1130 stations, 209004 sequences from 646 stations so far
[2026-04-04 15:42:34]   Preprocessed 700/1130 stations, 220811 sequences from 696 stations so far
[2026-04-04 15:42:49]   Preprocessed 750/1130 stations, 233137 sequences from 746 stations so far
[2026-04-04 15:43:05]   Preprocessed 800/1130 stations, 245936 sequences from 795 stations so far
[2026-04-04 15:43:18]   Preprocessed 850/1130 stations, 256305 sequences from 842 stations so far
[2026-04-04 15:43:34]   Preprocessed 900/1130 stations, 267817 sequences from 891 stations so far
[2026-04-04 15:43:44]   Preprocessed 950/1130 stations, 275838 sequences from 939 stations so far
[2026-04-04 15:43:56]   Preprocessed 1000/1130 stations, 285450 sequences from 988 stations so far
[2026-04-04 15:44:04]   Preprocessed 1050/1130 stations, 291578 sequences from 1036 stations so far
[2026-04-04 15:44:18]   Preprocessed 1100/1130 stations, 302637 sequences from 1086 stations so far
[2026-04-04 15:44:21]   Preprocessed 1130/1130 stations, 305337 sequences from 1115 stations so far
[2026-04-04 15:44:21] Preprocessing complete: 305337 sequences from 1115 stations
[2026-04-04 15:44:21] ======================================================================
[2026-04-04 15:44:21] PIPELINE COMPLETE
[2026-04-04 15:44:21]   Stations with sequences: 1115
[2026-04-04 15:44:21]   Total sequences: 305337
[2026-04-04 15:44:21]   Raw data: /home/bcheng/SENTINEL/data/raw/sensor/full
[2026-04-04 15:44:21]   Processed data: /home/bcheng/SENTINEL/data/processed/sensor/full
[2026-04-04 15:44:21] ======================================================================
