[2026-04-04 05:33:27] ======================================================================
[2026-04-04 05:33:27] STEP 1: Discovering USGS NWIS stations across all states
[2026-04-04 05:33:27] ======================================================================
[2026-04-04 05:33:27] Discovering stations in OH...
[2026-04-04 05:33:28]   OH: 225 new stations (225 total)
[2026-04-04 05:33:29] Discovering stations in PA...
[2026-04-04 05:33:29]   PA: 352 new stations (577 total)
[2026-04-04 05:33:30] Discovering stations in NY...
[2026-04-04 05:33:45]   NY: 304 new stations (881 total)
[2026-04-04 05:33:46] Discovering stations in VA...
[2026-04-04 05:33:46]   VA: 202 new stations (1083 total)
[2026-04-04 05:33:47] Discovering stations in MD...
[2026-04-04 05:33:48]   MD: 107 new stations (1190 total)
[2026-04-04 05:33:49] Discovering stations in NC...
[2026-04-04 05:33:49]   NC: 176 new stations (1366 total)
[2026-04-04 05:33:50] Discovering stations in GA...
[2026-04-04 05:33:51]   GA: 288 new stations (1654 total)
[2026-04-04 05:33:52] Discovering stations in FL...
[2026-04-04 05:33:58]   FL: 442 new stations (2096 total)
[2026-04-04 05:33:59] Discovering stations in TX...
[2026-04-04 05:34:00]   TX: 504 new stations (2600 total)
[2026-04-04 05:34:01] Discovering stations in CA...
[2026-04-04 05:34:19]   CA: 493 new stations (3093 total)
[2026-04-04 05:34:20] Discovering stations in IL...
[2026-04-04 05:34:21]   IL: 213 new stations (3306 total)
[2026-04-04 05:34:22] Discovering stations in IN...
[2026-04-04 05:34:22]   IN: 142 new stations (3448 total)
[2026-04-04 05:34:23] Discovering stations in MI...
[2026-04-04 05:34:23]   MI: 152 new stations (3600 total)
[2026-04-04 05:34:24] Discovering stations in WI...
[2026-04-04 05:34:25]   WI: 197 new stations (3797 total)
[2026-04-04 05:34:26] Discovering stations in MN...
[2026-04-04 05:34:38]   MN: 152 new stations (3949 total)
[2026-04-04 05:34:39] Discovering stations in IA...
[2026-04-04 05:34:39]   IA: 159 new stations (4108 total)
[2026-04-04 05:34:40] Discovering stations in MO...
[2026-04-04 05:34:41]   MO: 170 new stations (4278 total)
[2026-04-04 05:34:42] Discovering stations in KY...
[2026-04-04 05:34:42]   KY: 165 new stations (4443 total)
[2026-04-04 05:34:43] Discovering stations in TN...
[2026-04-04 05:34:44]   TN: 131 new stations (4574 total)
[2026-04-04 05:34:45] Discovering stations in AL...
[2026-04-04 05:34:45]   AL: 170 new stations (4744 total)
[2026-04-04 05:34:46] Discovering stations in SC...
[2026-04-04 05:34:47]   SC: 137 new stations (4881 total)
[2026-04-04 05:34:48] Discovering stations in WV...
[2026-04-04 05:34:48]   WV: 114 new stations (4995 total)
[2026-04-04 05:34:49] Discovering stations in NJ...
[2026-04-04 05:34:50]   NJ: 285 new stations (5280 total)
[2026-04-04 05:34:51] Discovering stations in CT...
[2026-04-04 05:34:51]   CT: 64 new stations (5344 total)
[2026-04-04 05:34:52] Discovering stations in MA...
[2026-04-04 05:34:53]   MA: 117 new stations (5461 total)
[2026-04-04 05:34:54] Discovering stations in OR...
[2026-04-04 05:34:54]   OR: 349 new stations (5810 total)
[2026-04-04 05:34:55] Discovering stations in WA...
[2026-04-04 05:35:15]   WA: 288 new stations (6098 total)
[2026-04-04 05:35:16] Discovering stations in CO...
[2026-04-04 05:35:17]   CO: 540 new stations (6638 total)
[2026-04-04 05:35:18] Discovering stations in NE...
[2026-04-04 05:35:19]   NE: 103 new stations (6741 total)
[2026-04-04 05:35:20] Discovering stations in KS...
[2026-04-04 05:35:48]   KS: 226 new stations (6967 total)
[2026-04-04 05:35:49] Discovering stations in OK...
[2026-04-04 05:35:50]   OK: 150 new stations (7117 total)
[2026-04-04 05:35:51] Discovering stations in AR...
[2026-04-04 05:36:05]   AR: 136 new stations (7253 total)
[2026-04-04 05:36:06] Discovering stations in LA...
[2026-04-04 05:36:07]   LA: 177 new stations (7430 total)
[2026-04-04 05:36:08] Discovering stations in MS...
[2026-04-04 05:36:16]   MS: 143 new stations (7573 total)
[2026-04-04 05:36:17] Discovering stations in NM...
[2026-04-04 05:36:17]   NM: 149 new stations (7722 total)
[2026-04-04 05:36:18] Discovering stations in AZ...
[2026-04-04 05:36:18]   AZ: 133 new stations (7855 total)
[2026-04-04 05:36:19] Discovering stations in UT...
[2026-04-04 05:36:20]   UT: 184 new stations (8039 total)
[2026-04-04 05:36:21] Discovering stations in NV...
[2026-04-04 05:36:22]   NV: 114 new stations (8153 total)
[2026-04-04 05:36:23] Discovering stations in ID...
[2026-04-04 05:36:23]   ID: 227 new stations (8380 total)
[2026-04-04 05:36:24] Discovering stations in MT...
[2026-04-04 05:36:25]   MT: 245 new stations (8625 total)
[2026-04-04 05:36:26] Discovering stations in WY...
[2026-04-04 05:36:26]   WY: 106 new stations (8731 total)
[2026-04-04 05:36:27] Discovering stations in ND...
[2026-04-04 05:36:38]   ND: 120 new stations (8851 total)
[2026-04-04 05:36:39] Discovering stations in SD...
[2026-04-04 05:36:47]   SD: 183 new stations (9034 total)
[2026-04-04 05:36:48] Discovering stations in ME...
[2026-04-04 05:36:48]   ME: 47 new stations (9081 total)
[2026-04-04 05:36:49] Discovering stations in NH...
[2026-04-04 05:36:49]   NH: 51 new stations (9132 total)
[2026-04-04 05:36:50] Discovering stations in VT...
[2026-04-04 05:36:51]   VT: 49 new stations (9181 total)
[2026-04-04 05:36:52] Discovering stations in RI...
[2026-04-04 05:36:52]   RI: 44 new stations (9225 total)
[2026-04-04 05:36:53] Discovering stations in DE...
[2026-04-04 05:36:53]   DE: 28 new stations (9253 total)
[2026-04-04 05:36:54] Discovering stations in HI...
[2026-04-04 05:36:55]   HI: 63 new stations (9316 total)
[2026-04-04 05:36:56] Discovering stations in AK...
[2026-04-04 05:36:56]   AK: 120 new stations (9436 total)
[2026-04-04 05:36:57] Discovering stations in DC...
[2026-04-04 05:36:57]   DC: 7 new stations (9443 total)
[2026-04-04 05:36:58] Total unique stations discovered: 9443
[2026-04-04 05:36:58] Saved 9443 stations to /home/bcheng/SENTINEL/data/raw/sensor/full/station_catalog.json
[2026-04-04 05:36:58] ======================================================================
[2026-04-04 05:36:58] STEP 2: Downloading IV data for up to 2000 stations
[2026-04-04 05:36:58] ======================================================================
[2026-04-04 05:36:58] Already have 0 parquet files
[2026-04-04 05:40:12]   Progress: 25/2000 (downloaded=2, failed=23, skipped=0)
[2026-04-04 05:43:32]   Progress: 50/2000 (downloaded=2, failed=48, skipped=0)
[2026-04-04 05:45:56]   Progress: 75/2000 (downloaded=2, failed=73, skipped=0)
