2026-04-06 03:16:14,187 INFO ============================================================
2026-04-06 03:16:14,187 INFO SENTINEL-DB Full Source Download
2026-04-06 03:16:14,187 INFO ============================================================
2026-04-06 03:16:14,187 INFO === GEMS/Water GEMStat ===
2026-04-06 03:16:15,362 INFO   Stations: HTTP 404
2026-04-06 03:16:16,124 INFO   https://gemstat.org/api/v1/getdata/?format=json&limit=10000: HTTP 404, 57655 bytes
2026-04-06 03:16:16,956 INFO   https://gemstat.org/api/getdata/?format=json&limit=10000: HTTP 404, 57409 bytes
2026-04-06 03:16:17,710 INFO   https://gemstat.org/api/stations/?format=json: HTTP 404, 57409 bytes
2026-04-06 03:16:17,710 INFO   GEMStat requires registration; using GRQA (already downloaded) as proxy
2026-04-06 03:16:17,711 INFO === EU Waterbase ===
2026-04-06 03:16:17,712 INFO   Querying DISCODATA: WISE_SOE_W_PhysChemObservations
2026-04-06 03:16:18,113 INFO     Count HTTP 200: {"errors":[{"error":"Invalid object name 'WISE_SOE_W_PhysChemObservations'.","errorcode":10003}]}
2026-04-06 03:16:18,354 INFO     Page 1: 0 rows
2026-04-06 03:16:18,354 INFO   Querying DISCODATA: WISE_SWB_Observations
2026-04-06 03:16:18,595 INFO     Count HTTP 200: {"errors":[{"error":"Invalid object name 'WISE_SWB_Observations'.","errorcode":10003}]}
2026-04-06 03:16:18,832 INFO     Page 1: 0 rows
2026-04-06 03:16:18,832 INFO   Querying DISCODATA: Waterbase_v2021_1_T_WISE4_AggregatedData
2026-04-06 03:16:19,067 INFO     Count HTTP 200: {"errors":[{"error":"Invalid object name 'Waterbase_v2021_1_T_WISE4_AggregatedData'.","errorcode":10003}]}
2026-04-06 03:16:19,315 INFO     Page 1: 0 rows
2026-04-06 03:16:19,315 INFO   Querying DISCODATA: WFD_AggregatedStatus
2026-04-06 03:16:19,559 INFO     Count HTTP 200: {"errors":[{"error":"Invalid object name 'WFD_AggregatedStatus'.","errorcode":10003}]}
2026-04-06 03:16:19,795 INFO     Page 1: 0 rows
2026-04-06 03:16:19,796 INFO   Trying EEA Semantic Data Service...
2026-04-06 03:16:19,923 WARNING   EEA SPARQL failed: HTTPSConnectionPool(host='semantic.eea.europa.eu', port=443): Max retries exceeded with url: /sparql?query=SELECT+%3Fs+%3Fp+%3Fo+WHERE+%7B%0A++++++++++++++++++++++++++++++++%3Fs+a+%3Chttp%3A%2F%2Fwww.w3.org%2Fns%2Fdcat%23Dataset%3E+%3B%0A+++++++++++++++++++++++++++++++++++%3Chttp%3A%2F%2Fpurl.org%2Fdc%2Fterms%2Ftitle%3E+%3Fp+.%0A++++++++++++++++++++++++++++++++FILTER%28CONTAINS%28LCASE%28STR%28%3Fp%29%29%2C+%22waterbase%22%29%29%0A++++++++++++++++++++++++++++%7D+LIMIT+5&format=json (Caused by NameResolutionError("HTTPSConnection(host='semantic.eea.europa.eu', port=443): Failed to resolve 'semantic.eea.europa.eu' ([Errno -2] Name or service not known)"))
2026-04-06 03:16:19,923 INFO === HydroLAKES ===
2026-04-06 03:16:19,923 INFO   Trying: https://www.hydrosheds.org/products/hydrolakes
2026-04-06 03:16:19,981 INFO   HTTP 200, 0.0 MB
2026-04-06 03:16:19,981 INFO   Trying: https://97de0c9d-0-0-www-hydrosheds-org.a.run.app/uploads/product-files/HydroLAKES_polys_v10_shp.zip
2026-04-06 03:16:20,135 INFO   HTTP 404, 0.0 MB
2026-04-06 03:16:20,135 INFO   Trying: https://figshare.com/ndownloader/files/9622510
2026-04-06 03:16:20,597 INFO   HTTP 202, 0.0 MB
2026-04-06 03:16:21,096 INFO   DOI 10.5281/zenodo.6386212: [6386212] NUMERICAL STUDY OF FORCED CONVECTION OF AIR IN A U-SHAPED CA
2026-04-06 03:16:21,594 INFO   DOI 10.5281/zenodo.7548338: [7548338] ҲАРБИЙ ХИЗМАТЧИЛАРИНИНГ ҲУҚУҚИЙ ҲИМОЯСИ ЙЎНАЛИШИДА  ХОРИЖ ТА
2026-04-06 03:16:21,997 INFO === LAGOS (Lake Multi-Scaled Geospatial DB) ===
2026-04-06 03:16:21,998 INFO   EDI package: edi.101.4
2026-04-06 03:16:22,535 INFO     Metadata: HTTP 404
2026-04-06 03:16:23,000 INFO     Entities: 1
2026-04-06 03:16:23,000 INFO   EDI package: edi.1029.1
2026-04-06 03:16:24,213 INFO     Metadata: HTTP 200
2026-04-06 03:16:24,722 INFO     Entities: 5
2026-04-06 03:16:24,723 WARNING     Entity 551aa612d86bbe19dce1fff6af781046 failed: Invalid URL '551aa612d86bbe19dce1fff6af781046': No scheme supplied. Perhaps you meant https://551aa612d86bbe19dce1fff6af781046?
2026-04-06 03:16:24,723 WARNING     Entity 6e7a185dbc4cafbbb5a76dab66dfc1ff failed: Invalid URL '6e7a185dbc4cafbbb5a76dab66dfc1ff': No scheme supplied. Perhaps you meant https://6e7a185dbc4cafbbb5a76dab66dfc1ff?
2026-04-06 03:16:24,724 WARNING     Entity e04c0af3206e80af72f97e3445393991 failed: Invalid URL 'e04c0af3206e80af72f97e3445393991': No scheme supplied. Perhaps you meant https://e04c0af3206e80af72f97e3445393991?
2026-04-06 03:16:24,724 INFO   EDI package: knb-lter-ntl.10280.1
2026-04-06 03:16:25,278 INFO     Metadata: HTTP 404
2026-04-06 03:16:25,745 INFO     Entities: 1
2026-04-06 03:16:25,747 INFO === NEON Aquatic Water Quality ===
2026-04-06 03:16:25,748 INFO   Product: DP1.20288.001 (Chemical properties of surface water)
2026-04-06 03:16:25,831 INFO     Available at 34 sites
2026-04-06 03:16:26,550 INFO     Saved: NEON.D10.ARIK.DP1.20288.001.102.100.100.waq_instantaneous.2026-02.expanded.20260304T234050Z.csv (13247 KB)
2026-04-06 03:16:27,119 INFO     Saved: NEON.D10.ARIK.DP1.20288.001.101.100.100.waq_instantaneous.2026-02.expanded.20260304T234050Z.csv (12375 KB)
2026-04-06 03:16:27,867 INFO     Saved: NEON.D03.BARC.DP1.20288.001.sensor_positions.20260305T003709Z.csv (1 KB)
2026-04-06 03:16:28,292 INFO     Saved: NEON.D03.BARC.DP1.20288.001.103.100.100.waq_instantaneous.2026-02.expanded.20260305T003709Z.csv (3233 KB)
2026-04-06 03:16:29,015 INFO     Saved: NEON.D17.BIGC.DP1.20288.001.ais_multisondeCleanCal.2026-02.expanded.20260304T234957Z.csv (2 KB)
2026-04-06 03:16:29,175 INFO     Saved: NEON.D17.BIGC.DP0.20288.001.categoricalCodes.20260304T234957Z.csv (12 KB)
2026-04-06 03:16:29,943 INFO     Saved: NEON.D12.BLDE.DP1.20288.001.variables.20260305T001537Z.csv (55 KB)
2026-04-06 03:16:30,836 INFO     Saved: NEON.D11.BLUE.DP1.20288.001.ais_maintenance.2026-02.expanded.20260305T001306Z.csv (0 KB)
2026-04-06 03:16:31,336 INFO   Product: DP1.20093.001 (Nitrate in surface water)
2026-04-06 03:16:31,426 INFO     Available at 34 sites
2026-04-06 03:16:31,864 INFO     Saved: NEON.D10.ARIK.DP0.20093.001.validation.20260402T215304Z.csv (52 KB)
2026-04-06 03:16:32,075 INFO     Saved: NEON.D10.ARIK.DP1.20093.001.swc_fieldData.2026-03.expanded.20260402T215304Z.csv (2 KB)
2026-04-06 03:16:32,859 INFO     Saved: NEON.D03.BARC.DP1.20093.001.swc_externalLabDataByAnalyte.2026-03.expanded.20260331T202752Z.csv (3 KB)
2026-04-06 03:16:33,077 INFO     Saved: NEON.D03.BARC.DP0.20093.001.categoricalCodes.20260331T202752Z.csv (16 KB)
2026-04-06 03:16:33,838 INFO     Saved: NEON.D17.BIGC.DP1.20093.001.swc_asiPOMFieldData.2026-03.expanded.20260402T215346Z.csv (1 KB)
2026-04-06 03:16:34,083 INFO     Saved: NEON.D17.BIGC.DP0.20093.001.categoricalCodes.20260402T215346Z.csv (16 KB)
2026-04-06 03:16:34,849 INFO     Saved: NEON.D12.BLDE.DP1.20093.001.swc_fieldData.2026-03.expanded.20260402T214732Z.csv (1 KB)
2026-04-06 03:16:35,237 INFO     Saved: NEON.D12.BLDE.DP1.20093.001.swc_domainLabData.2026-03.expanded.20260402T214732Z.csv (1 KB)
2026-04-06 03:16:35,992 INFO     Saved: NEON.Illinois_State_Water_Survey_Central_Analytical_Laboratory.swc_externalLabSummaryData.20260402T214928Z.csv (7 KB)
2026-04-06 03:16:36,248 INFO     Saved: NEON.D11.BLUE.DP1.20093.001.swc_externalLabDataByAnalyte.2026-03.expanded.20260402T214928Z.csv (1 KB)
2026-04-06 03:16:36,748 INFO   Product: DP1.20042.001 (Stream discharge)
2026-04-06 03:16:36,832 INFO     Available at 34 sites
2026-04-06 03:16:37,939 INFO     Saved: NEON.D03.BARC.DP1.20042.001.103.100.030.PARWS_30min.2026-02.basic.20260304T234400Z.csv (116 KB)
2026-04-06 03:16:38,842 INFO     Saved: NEON.D17.BIGC.DP1.20042.001.112.100.030.PARWS_30min.2026-02.expanded.20260305T000332Z.csv (253 KB)
2026-04-06 03:16:39,504 INFO     Saved: NEON.D17.BIGC.DP1.20042.001.112.100.001.PARWS_1min.2026-02.expanded.20260305T000332Z.csv (7451 KB)
2026-04-06 03:16:40,571 INFO     Saved: NEON.D12.BLDE.DP1.20042.001.102.100.001.PARWS_1min.2026-02.expanded.20260304T234721Z.csv (7449 KB)
2026-04-06 03:16:41,617 INFO     Saved: NEON.D11.BLUE.DP1.20042.001.112.100.001.PARWS_1min.2026-02.expanded.20260305T001425Z.csv (7525 KB)
2026-04-06 03:16:41,814 INFO     Saved: NEON.D11.BLUE.DP0.20042.001.categoricalCodes.20260305T001425Z.csv (12 KB)
2026-04-06 03:16:44,447 INFO   Combined NEON: 213,554 rows from 24 files
2026-04-06 03:16:44,505 INFO === WHO/UNICEF JMP ===
2026-04-06 03:16:44,538 INFO   jmp_water_2023.csv: HTTP 200, 37.6 KB
2026-04-06 03:16:44,538 INFO   Saved: jmp_water_2023.csv
2026-04-06 03:16:45,119 INFO   wb_wash.json: HTTP 200, 1384.4 KB
2026-04-06 03:16:45,120 INFO   Saved: wb_wash.json
2026-04-06 03:16:45,171 INFO   Parsed: 5,320 WB records
2026-04-06 03:16:46,726 INFO   wb_sanitation.json: HTTP 200, 1635.2 KB
2026-04-06 03:16:46,727 INFO   Saved: wb_sanitation.json
2026-04-06 03:16:46,771 INFO   Parsed: 6,384 WB records
2026-04-06 03:16:47,433 INFO   wb_water_access.json: HTTP 200, 1679.1 KB
2026-04-06 03:16:47,434 INFO   Saved: wb_water_access.json
2026-04-06 03:16:47,467 INFO   Parsed: 6,384 WB records
2026-04-06 03:16:47,471 INFO === California CEDEN Water Quality ===
2026-04-06 03:16:47,593 INFO   ca_wq_chem: HTTP 404
2026-04-06 03:16:47,659 INFO   ca_beach_wq: HTTP 404
2026-04-06 03:16:48,021 INFO   CEDEN: HTTP 404, 0.0 MB
2026-04-06 03:16:48,023 INFO === FreshWater Watch ===
2026-04-06 03:16:48,025 WARNING   https://freshwaterwatch.thewaterhub.org/api/v1/results/?format=json&limit=10000: HTTPSConnectionPool(host='freshwaterwatch.thewaterhub.org', port=443): Max retries exceeded with url: /api/v1/results/?format=json&limit=10000 (Caused by NameResolutionError("HTTPSConnection(host='freshwaterwatch.thewaterhub.org', port=443): Failed to resolve 'freshwaterwatch.thewaterhub.org' ([Errno -2] Name or service not known)"))
2026-04-06 03:16:48,027 WARNING   https://freshwaterwatch.thewaterhub.org/api/v1/surveys/?format=json&limit=1000: HTTPSConnectionPool(host='freshwaterwatch.thewaterhub.org', port=443): Max retries exceeded with url: /api/v1/surveys/?format=json&limit=1000 (Caused by NameResolutionError("HTTPSConnection(host='freshwaterwatch.thewaterhub.org', port=443): Failed to resolve 'freshwaterwatch.thewaterhub.org' ([Errno -2] Name or service not known)"))
2026-04-06 03:16:49,045 WARNING   https://api.thewaterhub.org/v1/results/?format=json: HTTPSConnectionPool(host='api.thewaterhub.org', port=443): Max retries exceeded with url: /v1/results/?format=json (Caused by NameResolutionError("HTTPSConnection(host='api.thewaterhub.org', port=443): Failed to resolve 'api.thewaterhub.org' ([Errno -2] Name or service not known)"))
2026-04-06 03:16:50,558 INFO   FWW Zenodo: [14616632] 0MB CARPINO CARpaneda for Participation, InclusioN and Observati
2026-04-06 03:16:51,113 INFO   Saved: WATER QUALITY ASSESSMENT IN CARPANEDA.xlsx
2026-04-06 03:16:51,517 INFO   Saved: SURVEY OF HERBACEOUS VEGETATION IN CARPANEDA.xlsx
2026-04-06 03:16:51,517 INFO   FWW Zenodo: [3776170] 0MB Short tests of the Sonic Kayaks custom turbidity sensor
2026-04-06 03:16:52,068 INFO   Saved: turbid-estuary-riverflow.csv
2026-04-06 03:16:52,509 INFO   Saved: turbid-estuary-shallowswirl.csv
2026-04-06 03:16:52,509 INFO   FWW Zenodo: [6836976] 0MB Engagement and social impact in tech-based Citizen Science i
2026-04-06 03:16:53,182 INFO   Saved: CS_projects_analysis.xlsx
2026-04-06 03:16:53,182 INFO   FWW Zenodo: [4836948] 1MB NEWSERA - Portrait of Citizen Science Communication Strategi
2026-04-06 03:16:54,253 INFO   Saved: NEWSERA_Questionnaire_D2.1_Portrait of Citizen Science Communication Strategies in EU Citizen Science Projects.pdf
2026-04-06 03:16:54,253 INFO   FWW Zenodo: [11473603] 0MB Nutrients, alkalinity (AT), dissolved inorganic carbon (CT) 
2026-04-06 03:16:54,257 INFO === Australia Water Quality ===
2026-04-06 03:16:55,019 INFO   au_waterquality_guidelines: HTTP 404
2026-04-06 03:16:55,795 INFO   au_swamp: HTTP 404
2026-04-06 03:16:55,797 INFO === Global Monitoring Stations ===
2026-04-06 03:16:56,329 INFO   GBIF: HTTP 400
2026-04-06 03:16:56,330 INFO ============================================================
2026-04-06 03:16:56,330 INFO SUMMARY:
2026-04-06 03:16:56,330 INFO   gemstat: 0 records
2026-04-06 03:16:56,330 INFO   eu_waterbase: 0 records
2026-04-06 03:16:56,330 INFO   hydrolakes: 0 records
2026-04-06 03:16:56,330 INFO   lagos: 0 records
2026-04-06 03:16:56,330 INFO   neon: 213,554 records
2026-04-06 03:16:56,330 INFO   jmp: 18,088 records
2026-04-06 03:16:56,330 INFO   california: 0 records
2026-04-06 03:16:56,330 INFO   freshwater_watch: 0 records
2026-04-06 03:16:56,331 INFO   australia: 0 records
2026-04-06 03:16:56,331 INFO   global_monitoring: 0 records
2026-04-06 03:16:56,331 INFO   Total new: 231,642
2026-04-06 03:16:56,331 INFO Done.
