2026-04-06 03:10:06,216 INFO === WHO/UNICEF JMP + FreshWater Watch + GLEON Download ===
2026-04-06 03:10:06,216 INFO Downloading JMP WASH data...
2026-04-06 03:10:06,370 WARNING   Failed jmp_national_wats: HTTP 404
2026-04-06 03:10:06,456 WARNING   Failed jmp_national_san: HTTP 404
2026-04-06 03:10:06,485 INFO   Saved: jmp_water_csv (37.6 KB)
2026-04-06 03:10:06,570 WARNING   Failed jmp_opendata: HTTP 404
2026-04-06 03:10:06,571 INFO Downloading World Bank water/sanitation indicators...
2026-04-06 03:10:07,531 INFO   wb_water_quality: 266 records, 1 pages
2026-04-06 03:10:07,549 INFO   Saved: wb_water_quality (266 records)
2026-04-06 03:10:08,083 INFO   wb_sanitation: 266 records, 1 pages
2026-04-06 03:10:08,086 INFO   Saved: wb_sanitation (266 records)
2026-04-06 03:10:08,086 INFO Searching Zenodo for JMP/WASH data...
2026-04-06 03:10:09,983 INFO   [19435997] Ipseity Daily Data
2026-04-06 03:10:09,983 INFO   [18834668] Long-Term Landslide Inventory of the Xiluodu Reservoir, Downstream Jin
2026-04-06 03:10:09,983 INFO   [19429093] MINIDS: Multi-domain In-Vehicle Network Intrusion Detection Dataset fo
2026-04-06 03:10:09,983 INFO   [19433786] Topography-Derived Cold-Air Pooling Maps of the Colorado Rocky Mountai
2026-04-06 03:10:09,983 INFO   [19431611] Microclimate Observation Dataset — Goa, India
2026-04-06 03:10:09,984 INFO Downloading FreshWater Watch data...
2026-04-06 03:10:10,768 INFO   [18834668] Long-Term Landslide Inventory of the Xiluodu Reservoir, Downstream Jin (4169 MB, 6 files)
2026-04-06 03:10:10,768 INFO   [19433786] Topography-Derived Cold-Air Pooling Maps of the Colorado Rocky Mountai (6178 MB, 2 files)
2026-04-06 03:10:10,768 INFO   [19431611] Microclimate Observation Dataset — Goa, India (0 MB, 1 files)
2026-04-06 03:10:10,768 INFO   [19431398] SUPPLY CHAIN MANAGEMENT IN MODERN CONDITIONS (0 MB, 1 files)
2026-04-06 03:10:10,768 INFO   [19431027] WAYS TO DEVELOP PILGRIMAGE TOURISM IN UZBEKISTAN BASED ON FOREIGN EXPE (0 MB, 1 files)
2026-04-06 03:10:11,811 INFO   [19436085] Opinions and Views of the Population of Ukraine: September-October 202 (5 MB, 6 files)
2026-04-06 03:10:11,811 INFO   [19381372] Data set for "Atom Camera: Super-resolution scanning microscope of a l (0 MB, 37 files)
2026-04-06 03:10:11,811 INFO   [19434769] Sequences of target genes and probes for construction of exon-targeted (39 MB, 2 files)
2026-04-06 03:10:11,811 INFO   [18933766] Analysis Code for Multimodal Emotional Discordance in Relation to Depr (20 MB, 1 files)
2026-04-06 03:10:11,811 INFO   [19431493] THE ROLE OF BUSINESS ENVIRONMENT IN ATTRACTING FOREIGN INVESTMENT (0 MB, 1 files)
2026-04-06 03:10:11,811 INFO Trying FreshWater Watch API...
2026-04-06 03:10:13,231 WARNING FWW API failed: HTTPSConnectionPool(host='freshwaterwatch.thewaterhub.org', port=443): Max retries exceeded with url: /api/v1/results?limit=1000&offset=0&format=json (Caused by NameResolutionError("HTTPSConnection(host='freshwaterwatch.thewaterhub.org', port=443): Failed to resolve 'freshwaterwatch.thewaterhub.org' ([Errno -2] Name or service not known)"))
2026-04-06 03:10:13,231 INFO Downloading GLEON data from EDI...
2026-04-06 03:10:13,933 INFO EDI search result: <resultset numFound='8979' start='0' rows='20'>
    <document>
        <packageid>edi.1305.1</packageid>
        <title>West Okoboji Lake Monitoring Buoy: High Frequency Oxygen, Temperature, Water Quality and Weather Data 2015-2021</title>
    </document>
    <document>
        <packageid>edi.568.1</packageid>
        <title>Total nitrogen and total phosphorus concentrations from surface water samples collected by the Citizen-Led Environmental Observatory (CLEO) from multiple nearshore sites in 
2026-04-06 03:10:14,402 INFO GLEON edi.1029.1: 200 551aa612d86bbe19dce1fff6af781046
6e7a185dbc4cafbbb5a76dab66dfc1ff
e04c0af3206e80af72f97e3445393991
569929d09ff2ca0f7d853e5563b06f10
fa01b594ff598a11adb78a4c34b351bb
2026-04-06 03:10:14,863 INFO GLEON edi.1027.3: 200 b1cbe3d303e7817bbe1d0a978ad59296
2026-04-06 03:10:14,863 INFO Searching Zenodo for GLEON data...
2026-04-06 03:10:15,402 INFO   [18834668] Long-Term Landslide Inventory of the Xiluodu Reservoir, Downstream Jin (4169 MB)
2026-04-06 03:10:15,403 INFO   [19433886] Dados de comparação das expressões barométricas e imagens dos ajustes  (0 MB)
2026-04-06 03:10:15,403 INFO   [19433239] Global past-to-future maps of ecoregion biodiversity indicators (1763 MB)
2026-04-06 03:10:15,403 INFO   [19431493] THE ROLE OF BUSINESS ENVIRONMENT IN ATTRACTING FOREIGN INVESTMENT (0 MB)
2026-04-06 03:10:15,403 INFO   [19431474] TRANSFORMATION AND FEATURES OF THEORIES OF WORLD ECONOMIC GLOBALIZATIO (0 MB)
2026-04-06 03:10:15,405 INFO JMP: 0.1 MB, FWW: 0.0 MB
2026-04-06 03:10:15,405 INFO Done.
