2026-04-06 03:10:06,282 INFO === EU Waterbase Download ===
2026-04-06 03:10:06,282 INFO Output: /home/bcheng/SENTINEL/data/raw/eu_waterbase
2026-04-06 03:10:06,283 INFO Existing: 0 files, ~0 rows
2026-04-06 03:10:06,283 INFO Trying table: WISE_SOE_W_PhysChemData
2026-04-06 03:10:06,820 INFO Trying table: Waterbase_v2021_1_T_WISE4_AggregatedData
2026-04-06 03:10:07,063 INFO Trying table: WISE_SOE_W_Observations
2026-04-06 03:10:07,308 INFO Trying table: v_waterbase_wise4_aggregated
2026-04-06 03:10:07,550 INFO Trying EEA direct download API...
2026-04-06 03:10:07,550 INFO Trying: https://sdi.eea.europa.eu/catalogue/srv/api/records/789c4b81-d839-4b0d-bd47-15f6d0a62a4d/attachments/Waterbase_v2021_1_csv.zip
2026-04-06 03:10:08,353 INFO   Status: 500, Content-Type: application/json
2026-04-06 03:10:08,353 INFO Trying: https://www.eea.europa.eu/data-and-maps/data/waterbase-water-quality-icm-2/download
2026-04-06 03:10:09,201 INFO   Status: 200, Content-Type: text/html; charset=utf-8
2026-04-06 03:10:09,201 INFO   Size: 0.0 MB
2026-04-06 03:10:09,201 INFO Trying: https://discodata.eea.europa.eu/download?query=SELECT+*+FROM+%22WISE_SOE_W_PhysChemData%22+LIMIT+1000000&filename=waterbase_wq.csv
2026-04-06 03:10:09,419 INFO   Status: 403, Content-Type: text/html
2026-04-06 03:10:09,420 INFO Downloading via paginated DISCODATA API...
2026-04-06 03:10:09,421 INFO   Trying physchem...
2026-04-06 03:10:09,675 INFO   No more rows at offset 0
2026-04-06 03:10:09,676 INFO   Trying aggregated...
2026-04-06 03:10:09,919 INFO   No more rows at offset 0
2026-04-06 03:10:09,919 INFO   Trying obs...
2026-04-06 03:10:10,168 INFO   No more rows at offset 0
2026-04-06 03:10:10,168 INFO Searching Zenodo for EU water datasets...
2026-04-06 03:10:10,990 INFO   [18834668] Long-Term Landslide Inventory of the Xiluodu Reservoir, Downstream Jin (4169 MB)
2026-04-06 03:10:10,990 INFO   [19433786] Topography-Derived Cold-Air Pooling Maps of the Colorado Rocky Mountai (6178 MB)
2026-04-06 03:10:10,990 INFO   [19431611] Microclimate Observation Dataset — Goa, India (0 MB)
2026-04-06 03:10:10,990 INFO   [19431531] ISSUES OF INTRODUCING GREEN BUDGETING IN THE CONTEXT OF THE TRANSITION (0 MB)
2026-04-06 03:10:10,990 INFO   [19431398] SUPPLY CHAIN MANAGEMENT IN MODERN CONDITIONS (0 MB)
2026-04-06 03:10:11,597 INFO   [18834668] Long-Term Landslide Inventory of the Xiluodu Reservoir, Downstream Jin (4169 MB)
2026-04-06 03:10:11,597 INFO   [19433786] Topography-Derived Cold-Air Pooling Maps of the Colorado Rocky Mountai (6178 MB)
2026-04-06 03:10:11,597 INFO   [19431611] Microclimate Observation Dataset — Goa, India (0 MB)
2026-04-06 03:10:11,597 INFO   [19431398] SUPPLY CHAIN MANAGEMENT IN MODERN CONDITIONS (0 MB)
2026-04-06 03:10:11,597 INFO   [19431279] THE ROLE OF ENVIRONMENTAL TAXES IN THE GREEN ECONOMY (0 MB)
2026-04-06 03:10:11,598 INFO Trying EEA SPARQL...
2026-04-06 03:10:11,711 WARNING SPARQL failed: HTTPSConnectionPool(host='semantic.eea.europa.eu', port=443): Max retries exceeded with url: /sparql (Caused by NameResolutionError("HTTPSConnection(host='semantic.eea.europa.eu', port=443): Failed to resolve 'semantic.eea.europa.eu' ([Errno -2] Name or service not known)"))
2026-04-06 03:10:11,712 INFO Status: {
  "success": false,
  "files": [],
  "total_mb": 0.0,
  "row_counts": {}
}
2026-04-06 03:10:11,712 INFO Done.
