[23:56:53] ============================================================
[23:56:53] Processing EPA ECOTOX Database for ToxiGene
[23:56:53] ============================================================
[23:56:53] Loading chemicals...
[23:56:53]   18520 chemicals loaded
[23:56:53]     other: 13216
[23:56:53]     pah: 1669
[23:56:53]     heavy_metal: 1323
[23:56:53]     pesticide: 746
[23:56:53]     nutrient: 487
[23:56:53]     pfas: 479
[23:56:53]     pharmaceutical: 317
[23:56:53]     pcb: 279
[23:56:53]     nanomaterial: 4
[23:56:53] Loading species...
[23:56:53]   29598 species loaded
[23:56:53] Loading tests...
[23:56:57]   724182 total tests
[23:56:57]   409218 aquatic tests after filtering
[23:56:57] Loading results...
[23:57:02]   1234077 total results
[23:57:02]   512414 results with target endpoints
[23:57:03]   478152 results with valid concentration
[23:57:03] Building training dataset...
[23:57:03]   Merged results-tests: 432236 records
[23:57:04]   After dropping 'other' class: 268029 records
[23:57:04]   Contaminant class distribution:
[23:57:04]     heavy_metal: 177927
[23:57:04]     pharmaceutical: 27239
[23:57:04]     pfas: 20750
[23:57:04]     pah: 15009
[23:57:04]     pesticide: 12594
[23:57:04]     nutrient: 11311
[23:57:04]     pcb: 2886
[23:57:04]     nanomaterial: 313
[23:57:04]   Feature vector size: 32 (10 endpoints, 20 effects)
[23:57:20]   Final dataset: 268029 samples, 32 features, 8 classes
[23:57:21] Saved training data: data/processed/ecotox/ecotox_training.npz
[23:57:21] Saved metadata: data/processed/ecotox/ecotox_metadata.json
[23:57:21] Building dose-response profiles...
[23:57:22]   1391 chemical profiles (≥5 records each)
[23:57:22] Saved 1391 dose-response profiles
[23:57:22] 
============================================================
[23:57:22] ECOTOX Processing Summary
[23:57:22] ============================================================
[23:57:22] Total training samples: 268029
[23:57:22] Feature dimensions: 32
[23:57:22] Classes: 8
[23:57:22]   heavy_metal: 177927 (66.4%)
[23:57:22]   nanomaterial: 313 (0.1%)
[23:57:22]   nutrient: 11311 (4.2%)
[23:57:22]   pah: 15009 (5.6%)
[23:57:22]   pcb: 2886 (1.1%)
[23:57:22]   pesticide: 12594 (4.7%)
[23:57:22]   pfas: 20750 (7.7%)
[23:57:22]   pharmaceutical: 27239 (10.2%)
[23:57:22] Dose-response profiles: 1391 chemicals
[23:57:22] Output: data/processed/ecotox
[23:57:22] ============================================================
