[04:27:27] INFO     ============================================================
                    =====                                                       
           INFO     EXPERIMENT 11: BioMotion Label Noise Sensitivity Audit      
           INFO     ============================================================
                    =====                                                       
           INFO     Loading BioMotion scores from real ECOTOX trajectories...   
[04:28:14] INFO       Loaded 200/1000 trajectories                              
[04:28:54] INFO       Loaded 400/1000 trajectories                              
[04:29:27] INFO       Loaded 600/1000 trajectories                              
[04:29:59] INFO       Loaded 800/1000 trajectories                              
[04:30:31] INFO       Loaded 1000/1000 trajectories                             
[04:30:32] INFO     Loaded 1000 samples. True AUROC: 0.9621                     
           INFO     Labels: 345 positive, 655 negative                          
           INFO                                                                 
                    --- Label Noise Sensitivity ---                             
           INFO       ε=0.00: AUROC=0.9621 ± 0.0000                             
           INFO       ε=0.01: AUROC=0.9513 ± 0.0030                             
           INFO       ε=0.02: AUROC=0.9402 ± 0.0036                             
           INFO       ε=0.05: AUROC=0.9071 ± 0.0055                             
           INFO       ε=0.10: AUROC=0.8571 ± 0.0072                             
[04:30:33] INFO       ε=0.15: AUROC=0.8071 ± 0.0091                             
           INFO       ε=0.20: AUROC=0.7602 ± 0.0099                             
           INFO       ε=0.30: AUROC=0.6700 ± 0.0112                             
           INFO       ε=0.40: AUROC=0.5826 ± 0.0097                             
           INFO       ε=0.50: AUROC=0.4989 ± 0.0124                             
           INFO                                                                 
                    --- Null Permutation Test ---                               
           INFO       True AUROC: 0.9621                                        
           INFO       Null AUROC: 0.4991 ± 0.0193                               
           INFO       p-value: 0.0000                                           
           INFO       Significant: True                                         
           INFO                                                                 
                    --- Score Distribution ---                                  
           INFO       Cohen's d: 2.6550                                         
           INFO       Bhattacharyya overlap: 0.1242                             
           INFO       Positive mean: -0.6474                                    
           INFO       Negative mean: -0.6988                                    
           INFO                                                                 
                    Results:                                                    
                    /home/bcheng/SENTINEL/results/exp11_label_noise/sensitivity_
                    results.json                                                
[04:30:34] INFO     Saved:                                                      
                    /home/bcheng/SENTINEL/paper/figures/fig_exp11_label_noise.jp
                    g                                                           
           INFO                                                                 
                    === VERDICT ===                                             
           INFO       ✓ ROBUST: AUROC degrades gracefully with noise (expected  
                    near 0.5 at ε=0.5)                                          
           INFO       ✓ REAL SIGNAL: Permutation test confirms significant      
                    discrimination (p<0.001)                                    
           INFO       ✓ LARGE EFFECT: Cohen's d=2.66 (>2.0 = very large)        
           INFO     Elapsed: 187.3s                                             
