[04:27:40] INFO     ============================================================
                    =====                                                       
           INFO     EXPERIMENT 14: Cross-Site Generalization                    
           INFO     ============================================================
                    =====                                                       
           INFO                                                                 
                    --- Ecoregion patterns ---                                  
           INFO       Great Plains: AUROC=0.5000 ± 0.0000 (5 sites)             
           INFO       Southeast Plains: AUROC=0.5000 ± 0.0000 (10 sites)        
           INFO       Mediterranean California: AUROC=0.5000 ± 0.0000 (2 sites) 
           INFO       Western Cordillera: AUROC=0.5000 ± 0.0000 (3 sites)       
           INFO       Central Appalachians: AUROC=0.5000 ± 0.0000 (1 sites)     
           INFO       Arctic Cordillera: AUROC=0.5000 ± 0.0000 (1 sites)        
           INFO       Northern Appalachians: AUROC=0.5000 ± 0.0000 (5 sites)    
           INFO       Caribbean Islands: AUROC=0.5000 ± 0.0000 (1 sites)        
           INFO       Ozark Highlands: AUROC=0.5000 ± 0.0000 (1 sites)          
           INFO       Tundra: AUROC=0.5000 ± 0.0000 (2 sites)                   
           INFO       Mojave Basin: AUROC=0.5000 ± 0.0000 (1 sites)             
           INFO                                                                 
                    Overall cross-site AUROC: 0.5000 ± 0.0000                   
           INFO     Sites above 0.6 AUROC: 0/32                                 
           INFO     Sites above 0.5 AUROC (better than chance): 0/32            
[04:27:41] INFO     Saved:                                                      
                    /home/bcheng/SENTINEL/paper/figures/fig_exp14_cross_site.jpg
           INFO                                                                 
                    Results:                                                    
                    /home/bcheng/SENTINEL/results/exp14_cross_site/cross_site_re
                    sults.json                                                  
           INFO     Elapsed: 1.4s                                               
