[03:59:44] INFO     ============================================================
                    =====                                                       
           INFO     EXPERIMENT 10: MC Dropout (T=50 passes)                     
           INFO     ============================================================
                    =====                                                       
           INFO     AquaSSM MC Dropout...                                       
[04:03:43] INFO       Mean uncertainty (std): 0.0000                            
           INFO       ECE: 0.2980                                               
           INFO       Uncertainty: normal=0.0000, anomaly=0.0000                
           INFO     Fusion MC Dropout...                                        
[04:09:47] INFO       Mean uncertainty (std): 0.0359                            
           INFO       ECE: 0.0857                                               
           INFO     BioMotion MC Dropout...                                     
[05:18:50] INFO       Mean uncertainty (std): 0.0000                            
           INFO                                                                 
                    Results:                                                    
                    /home/bcheng/SENTINEL/results/exp10_mc_dropout/mc_results.js
                    on                                                          
[05:18:51] INFO     Saved:                                                      
                    /home/bcheng/SENTINEL/paper/figures/fig_exp10_uncertainty.jp
                    g                                                           
           INFO     Saved:                                                      
                    /home/bcheng/SENTINEL/paper/figures/fig_exp10_reliability.jp
                    g                                                           
           INFO                                                                 
                    === MC DROPOUT SUMMARY ===                                  
           INFO       AquaSSM: uncertainty=0.0000, ECE=0.2980                   
           INFO       Fusion: uncertainty=0.0359, ECE=0.0857                    
           INFO       BioMotion: uncertainty=0.0000, ECE=0.4337                 
           INFO     Elapsed: 4747.3s                                            
