Unexpected keys: ['head.weight', 'head.bias']
======================================================================
SENTINEL Multimodal Case Study Experiment
  Sensor ckpt   : /home/bcheng/SENTINEL/checkpoints/sensor/aquassm_full_best.pt
  Satellite ckpt: /home/bcheng/SENTINEL/checkpoints/satellite/hydrovit_wq_v9.pt
  Fusion ckpt   : /home/bcheng/SENTINEL/checkpoints/fusion/fusion_real_best.pt
  Device        : cuda
======================================================================

Loading models...
  SensorEncoder: 0 missing, 0 unexpected keys
  AnomalyHead (sensor): loaded from checkpoint
  Sensor ckpt: epoch=43, val_auroc=0.9418608623417807
  SatelliteEncoder: 508 missing, 566 unexpected keys
  Fusion (PerceiverIOFusion + AnomalyDetectionHead): loaded

──────────────────────────────────────────────────────────────────────
Event: Lake Erie HAB 2023 (2023-07-15)
  USGS site: 04199500, lat=41.5, lon=-82.9

  [Sensor] Fetching 2023-04-16 → 2023-07-29...
    Records: 10076
    Windows: 156
    Sensor scores: 156, max=0.9973

  [Satellite] Querying PC for 2023-04-16 → 2023-07-22...
    S2: found 31 tiles
      Loaded tile 2023-05-29 (cloud=0.003504%)
      Loaded tile 2023-06-18 (cloud=3.928005%)
      Loaded tile 2023-05-24 (cloud=11.417978%)
      Loaded tile 2023-06-03 (cloud=13.009937%)
      Loaded tile 2023-04-19 (cloud=14.881606%)
      Loaded tile 2023-05-29 (cloud=16.285439%)
    Satellite scores computed: 6

  [Fusion] Combining sensor + satellite...
    Fusion windows: 8

  Summary for Lake Erie HAB 2023:
    Sensor lead time   : 2144.0 h
    Satellite lead time: 1128.0 h
    Fusion lead time   : 2079.25 h
    n_s2_tiles_found   : 6

──────────────────────────────────────────────────────────────────────
Event: Gulf Dead Zone 2023 (2023-07-01)
  USGS site: 07374000, lat=29.5, lon=-90.5

  [Sensor] Fetching 2023-04-02 → 2023-07-15...
    Records: 2723
    Windows: 41
    Sensor scores: 41, max=0.9929

  [Satellite] Querying PC for 2023-04-02 → 2023-07-08...
    S2: found 26 tiles
      Loaded tile 2023-04-22 (cloud=0.003953%)
      Loaded tile 2023-07-01 (cloud=4.427359%)
      Loaded tile 2023-06-11 (cloud=12.76048%)
      Loaded tile 2023-06-21 (cloud=20.921344%)
      Loaded tile 2023-06-01 (cloud=26.78951%)
      Loaded tile 2023-06-14 (cloud=30.874121%)
    Satellite scores computed: 6

  [Fusion] Combining sensor + satellite...
    Fusion windows: 3

  Summary for Gulf Dead Zone 2023:
    Sensor lead time   : 2093.0 h
    Satellite lead time: 1680.0 h
    Fusion lead time   : None h
    n_s2_tiles_found   : 6

──────────────────────────────────────────────────────────────────────
Event: Chesapeake Bay Hypoxia 2018 (2018-07-20)
  USGS site: 01589485, lat=39.2, lon=-76.5

  [Sensor] Fetching 2018-04-21 → 2018-08-03...
    Records: 30223
    Windows: 471
    Sensor scores: 471, max=0.9989

  [Satellite] Querying PC for 2018-04-21 → 2018-07-27...
    S2: found 7 tiles
      Loaded tile 2018-07-10 (cloud=0.41974%)
      Loaded tile 2018-05-01 (cloud=0.480453%)
      Loaded tile 2018-06-15 (cloud=0.530994%)
      Loaded tile 2018-04-26 (cloud=3.939954%)
      Loaded tile 2018-05-26 (cloud=7.20266%)
      Loaded tile 2018-05-21 (cloud=17.484726%)
    Satellite scores computed: 6

  [Fusion] Combining sensor + satellite...
    Fusion windows: 27

  Summary for Chesapeake Bay Hypoxia 2018:
    Sensor lead time   : 2154.67 h
    Satellite lead time: 240.0 h
    Fusion lead time   : 2048.0 h
    n_s2_tiles_found   : 6

──────────────────────────────────────────────────────────────────────
Event: Klamath River HAB 2021 (2021-08-01)
  USGS site: 11530500, lat=41.55, lon=-122.3

  [Sensor] Fetching 2021-05-03 → 2021-08-15...
    Records: 10080
    Windows: 147
    Sensor scores: 147, max=0.9929

  [Satellite] Querying PC for 2021-05-03 → 2021-08-08...
    S2: found 62 tiles
      Loaded tile 2021-07-13 (cloud=0.03947%)
      Loaded tile 2021-07-08 (cloud=0.133876%)
      Loaded tile 2021-05-29 (cloud=0.465825%)
      Loaded tile 2021-07-11 (cloud=1.468923%)
      Loaded tile 2021-06-23 (cloud=3.261567%)
      Loaded tile 2021-08-07 (cloud=11.092042%)
    Satellite scores computed: 6

  [Fusion] Combining sensor + satellite...
    Fusion windows: 8

  Summary for Klamath River HAB 2021:
    Sensor lead time   : 2141.0 h
    Satellite lead time: 456.0 h
    Fusion lead time   : 1533.0 h
    n_s2_tiles_found   : 6

──────────────────────────────────────────────────────────────────────
Event: Jordan Lake HAB NC (2022-07-15)
  USGS site: 02097517, lat=35.78, lon=-79.06

  [Sensor] Fetching 2022-04-16 → 2022-07-29...
    No USGS data returned

  [Satellite] Querying PC for 2022-04-16 → 2022-07-22...
    S2: found 17 tiles
      Loaded tile 2022-04-23 (cloud=0.006374%)
      Loaded tile 2022-04-28 (cloud=0.122322%)
      Loaded tile 2022-05-28 (cloud=2.120789%)
      Loaded tile 2022-06-02 (cloud=4.725383%)
      Loaded tile 2022-06-17 (cloud=10.98649%)
      Loaded tile 2022-05-18 (cloud=23.964669%)
    Satellite scores computed: 6

  [Fusion] Combining sensor + satellite...
    Skipping fusion: no_sensor_data

  Summary for Jordan Lake HAB NC:
    Sensor lead time   : N/A h
    Satellite lead time: 1992.0 h
    Fusion lead time   : None h
    n_s2_tiles_found   : 6

──────────────────────────────────────────────────────────────────────
Event: Mississippi Salinity Intrusion 2023 (2023-10-01)
  USGS site: 07374000, lat=29.95, lon=-90.06

  [Sensor] Fetching 2023-07-03 → 2023-10-15...
    Records: 4835
    Windows: 74
    Sensor scores: 74, max=0.9929

  [Satellite] Querying PC for 2023-07-03 → 2023-10-08...
    S2: found 82 tiles
      Loaded tile 2023-08-15 (cloud=1.326081%)
      Loaded tile 2023-09-19 (cloud=5.18348%)
      Loaded tile 2023-07-24 (cloud=10.962009%)
      Loaded tile 2023-07-19 (cloud=15.729269%)
      Loaded tile 2023-08-23 (cloud=18.848078%)
      Loaded tile 2023-09-09 (cloud=24.071836%)
    Satellite scores computed: 6

  [Fusion] Combining sensor + satellite...
    Fusion windows: 6

  Summary for Mississippi Salinity Intrusion 2023:
    Sensor lead time   : 2127.0 h
    Satellite lead time: 1128.0 h
    Fusion lead time   : 1775.0 h
    n_s2_tiles_found   : 6

Results saved to /home/bcheng/SENTINEL/results/case_studies_multimodal/case_studies_multimodal.json


======================================================================
=== SENTINEL Multimodal Case Study Results ===
======================================================================
  lake_erie_hab_2023                      
      sensor_lead=2144.0 h  sat_lead=1128.0 h  fusion_lead=2079.25 h  n_tiles=6
  gulf_dead_zone_2023                     
      sensor_lead=2093.0 h  sat_lead=1680.0 h  fusion_lead=None h  n_tiles=6
  chesapeake_hypoxia_2018                 
      sensor_lead=2154.67 h  sat_lead=240.0 h  fusion_lead=2048.0 h  n_tiles=6
  klamath_river_hab_2021                  
      sensor_lead=2141.0 h  sat_lead=456.0 h  fusion_lead=1533.0 h  n_tiles=6
  jordan_lake_hab_nc                      
      sensor_lead=None h  sat_lead=1992.0 h  fusion_lead=None h  n_tiles=6
  mississippi_salinity_2023               
      sensor_lead=2127.0 h  sat_lead=1128.0 h  fusion_lead=1775.0 h  n_tiles=6

Statistics: {
  "sensor_mean_lead_h": 2131.93,
  "sensor_median_lead_h": 2141.0,
  "sensor_n_detected": 5,
  "satellite_mean_lead_h": 1104.0,
  "satellite_n_detected": 6,
  "fusion_mean_lead_h": 1858.81,
  "fusion_n_detected": 4,
  "n_events": 6,
  "detection_threshold": 0.1
}
======================================================================
