Loading models...
  SensorEncoder loaded: 0 missing, 0 unexpected keys
  Fusion loaded: 0 missing, 0 unexpected keys
  AnomalyHead loaded: 0 missing, 0 unexpected keys

============================================================
Event: Gold King Mine Spill (2015, CO)
Onset: 2015-08-05T10:30:00
Location: 37.8924, -107.6344
============================================================
  Finding nearby USGS stations...
  Found 3 stations:
    09358550 (CEMENT CREEK AT SILVERTON, CO) - 8.5 km
    09358000 (ANIMAS RIVER AT SILVERTON, CO.) - 9.3 km
    09359010 (MINERAL CREEK AT SILVERTON, CO) - 10.5 km
  Downloading NWIS IV data for 09358550...
  Downloading NWIS IV data for 09358000...
  Downloading NWIS IV data for 09359010...
  WARNING: No data available for Gold King Mine Spill

============================================================
Event: Lake Erie Harmful Algal Bloom (2023, OH)
Onset: 2023-07-01T00:00:00
Location: 41.5, -83.15
============================================================
  Finding nearby USGS stations...
  Found 3 stations:
    412122083061400 (Sandusky River below Bradys Island at Fremont OH) - 16.5 km
    04195500 (Portage River at Woodville OH) - 18.5 km
    04198000 (Sandusky River near Fremont OH) - 21.4 km
  Downloading NWIS IV data for 412122083061400...
  Downloaded 5768 records from 412122083061400
  Columns: ['site_no', '00010', '00010_cd', '00095', '00095_cd', '00300', '00300_cd', '63680', '63680_cd']
  Created 89 sliding windows
  Running AquaSSM + fusion inference...
  Got 89 anomaly scores
  Pre-event mean anomaly: 0.054
  During-event mean anomaly: 0.061

============================================================
Event: Toledo Water Crisis (2014, OH)
Onset: 2014-07-28T00:00:00
Location: 41.65, -83.53
============================================================
  Finding nearby USGS stations...
  Found 3 stations:
    413849083315000 (Maumee River at Boers-Boyer Way at Toledo OH) - 0.3 km
    413913083314200 (Maumee River at Maritime Plaza at Toledo OH) - 0.4 km
    413922083310500 (Maumee River at Riverside Dr at Toledo OH) - 1.2 km
  Downloading NWIS IV data for 413849083315000...
  Downloading NWIS IV data for 413913083314200...
  Downloading NWIS IV data for 413922083310500...
  WARNING: No data available for Toledo Water Crisis

============================================================
Event: Dan River Coal Ash Spill (2014, NC)
Onset: 2014-02-02T14:00:00
Location: 36.5, -79.77
============================================================
  Finding nearby USGS stations...
  Found 3 stations:
    02077200 (HYCO CREEK NEAR LEASBURG, NC) - 52.5 km
    02077303 (HYCO R BL ABAY D NR MCGEHEES MILL, NC) - 69.1 km
    02101726 (ROCKY R AT US 64 NEAR SILER CITY, NC) - 90.6 km
  Downloading NWIS IV data for 02077200...
  Downloaded 11608 records from 02077200
  Columns: ['site_no', '00010', '00010_cd']
  Created 0 sliding windows

============================================================
Event: Elk River MCHM Spill (2014, WV)
Onset: 2014-01-09T06:00:00
Location: 38.36, -81.7
============================================================
  Finding nearby USGS stations...
  Found 3 stations:
    03197950 (ELK RIVER AT CHARLESTON, WV) - 6.4 km
    03197937 (ELK RIVER AB ELK TWOMILE CREEK AT CHARLESTON, WV) - 8.2 km
    03200500 (COAL RIVER AT TORNADO, WV) - 12.6 km
  Downloading NWIS IV data for 03197950...
  Downloading NWIS IV data for 03197937...
  Downloading NWIS IV data for 03200500...
  Downloaded 11509 records from 03200500
  Columns: ['site_no', '00010', '00010_cd', '00095', '00095_cd']
  Created 178 sliding windows
  Running AquaSSM + fusion inference...
  Got 178 anomaly scores
  Pre-event mean anomaly: 0.057
  During-event mean anomaly: 0.063

============================================================
Event: Houston Ship Channel Contamination (2019, TX)
Onset: 2019-03-17T10:00:00
Location: 29.73, -95.01
============================================================
  Finding nearby USGS stations...
  Found 3 stations:
    08067074 (CWA Canal at Thompson Rd nr Baytown, TX) - 8.8 km
    295524095072701 (SJRA E Industrial Canal nr Crosby, TX) - 24.2 km
    08067250 (Trinity Rv at IH 10 nr Wallisville, TX) - 26.6 km
  Downloading NWIS IV data for 08067074...
  Downloaded 11096 records from 08067074
  Columns: ['site_no', '00010', '00010_cd', '00095', '00095_cd', '00300', '00300_cd', '00400', '00400_cd', '63680', '63680_cd']
  Created 172 sliding windows
  Running AquaSSM + fusion inference...
  Got 172 anomaly scores
  Pre-event mean anomaly: 0.058
  During-event mean anomaly: 0.063

============================================================
Event: Flint Water Crisis (2014, MI)
Onset: 2014-04-25T00:00:00
Location: 43.01, -83.69
============================================================
  Finding nearby USGS stations...
  Found 3 stations:
    041482663 (ALGER CREEK AT HILL ROAD NEAR SWARTZ CREEK, MI) - 14.8 km
    04144032 (THREEMILE CREEK AT PRIOR ROAD NEAR DURAND, MI) - 27.9 km
    04157005 (SAGINAW RIVER AT HOLLAND AVENUE AT SAGINAW, MI) - 50.5 km
  Downloading NWIS IV data for 041482663...
  Downloaded 16352 records from 041482663
  Columns: ['site_no', '00010', '00010_cd', '00095', '00095_cd', '00300', '00300_cd', '00400', '00400_cd', '63680', '63680_cd']
  Created 254 sliding windows
  Running AquaSSM + fusion inference...
  Got 254 anomaly scores
  No pre-event data
  During-event mean anomaly: 0.062

============================================================
Event: Gulf of Mexico Dead Zone (2023, LA)
Onset: 2023-06-01T00:00:00
Location: 28.9, -90.5
============================================================
  Finding nearby USGS stations...
  Found 3 stations:
    07380245 (Southwestern Louisiana Canal E of Leeville, LA) - 53.1 km
    07381328 (Houma Navigation Canal at Dulac, LA) - 58.4 km
    073802516 (Barataria Pass at Grand Isle, LA) - 67.9 km
  Downloading NWIS IV data for 07380245...
  Downloaded 5807 records from 07380245
  Columns: ['site_no', '00010', '00010_cd', '00095', '00095_cd']
  Created 89 sliding windows
  Running AquaSSM + fusion inference...
  Got 89 anomaly scores
  Pre-event mean anomaly: 0.054
  During-event mean anomaly: 0.061

============================================================
Event: Chesapeake Bay Algal Blooms (2023, MD)
Onset: 2023-05-15T00:00:00
Location: 38.15, -76.15
============================================================
  Finding nearby USGS stations...
  Found 3 stations:
    01490200 (FARM CREEK NEAR TODDVILLE, MD) - 19.5 km
    01653560 (PISCATAWAY CREEK AT WOODYARD, MD) - 92.9 km
    01658000 (MATTAWOMAN CREEK NEAR POMONKEY, MD) - 93.3 km
  Downloading NWIS IV data for 01490200...
  Downloading NWIS IV data for 01653560...
  Downloading NWIS IV data for 01658000...
  WARNING: No data available for Chesapeake Bay Algal Blooms

============================================================
Event: East Palestine Train Derailment (2023, OH)
Onset: 2023-02-03T21:00:00
Location: 40.84, -80.52
============================================================
  Finding nearby USGS stations...
  Found 3 stations:
    03099500 (Mahoning River at Lowellville OH) - 21.9 km
    03098600 (Mahoning River above West Ave at Youngstown OH) - 31.9 km
    03090500 (Mahoning River bl Berlin Dam nr Berlin Center OH) - 46.6 km
  Downloading NWIS IV data for 03099500...
  Downloaded 11602 records from 03099500
  Columns: ['site_no', '00010', '00010_cd', '00095', '00095_cd', '00300', '00300_cd']
  Created 180 sliding windows
  Running AquaSSM + fusion inference...
  Got 180 anomaly scores
  Pre-event mean anomaly: 0.058
  During-event mean anomaly: 0.063

Figure saved to /home/bcheng/SENTINEL/paper/figures/fig_exp1_real_detection.jpg

Results saved to /home/bcheng/SENTINEL/results/exp1_usgs_anomaly

============================================================
SUMMARY
============================================================
  Gold King Mine Spill: no_data
  Lake Erie Harmful Algal Bloom: success | max_p=0.084 | first_detect@0.5: N/Ah before official
  Toledo Water Crisis: no_data
  Dan River Coal Ash Spill: insufficient_data
  Elk River MCHM Spill: success | max_p=0.084 | first_detect@0.5: N/Ah before official
  Houston Ship Channel Contamination: success | max_p=0.084 | first_detect@0.5: N/Ah before official
  Flint Water Crisis: success | max_p=0.084 | first_detect@0.5: N/Ah before official
  Gulf of Mexico Dead Zone: success | max_p=0.084 | first_detect@0.5: N/Ah before official
  Chesapeake Bay Algal Blooms: no_data
  East Palestine Train Derailment: success | max_p=0.084 | first_detect@0.5: N/Ah before official

Successful: 6/10
