[13:46:27] INFO     ============================================================
           INFO     EXP16: Per-Parameter Occlusion Attribution                  
           INFO     ============================================================
[13:46:30] INFO     Models loaded on cuda                                       
           INFO     Processing top 20 sites by max anomaly score                
           INFO     NEON parquet open. Schema cols: 289                         
           INFO       [ 1/20] POSE: max_score=0.8436                            
[13:46:51] INFO         Baseline=0.1994, top param: SpCond (Δ=+0.0751)          
           INFO       [ 2/20] COMO: max_score=0.7669                            
[13:47:12] INFO         Baseline=0.1892, top param: DO (Δ=+0.0945)              
           INFO       [ 3/20] GUIL: max_score=0.7660                            
[13:47:32] INFO         Baseline=0.1635, top param: pH (Δ=+0.1173)              
           INFO       [ 4/20] BLDE: max_score=0.7622                            
[13:47:53] INFO         Baseline=0.2691, top param: DO (Δ=+0.1984)              
           INFO       [ 5/20] MCDI: max_score=0.7410                            
[13:48:14] INFO         Baseline=0.1932, top param: Turbidity (Δ=+0.0718)       
           INFO       [ 6/20] MART: max_score=0.7225                            
[13:48:36] INFO         Baseline=0.1613, top param: pH (Δ=+0.1466)              
           INFO       [ 7/20] MCRA: max_score=0.7119                            
[13:48:57] INFO         Baseline=0.2240, top param: pH (Δ=+0.2140)              
           INFO       [ 8/20] CUPE: max_score=0.6932                            
[13:49:18] INFO         Baseline=0.1703, top param: DO (Δ=+0.0937)              
           INFO       [ 9/20] BARC: max_score=0.6866                            
[13:49:35] INFO         Baseline=0.1643, top param: DO (Δ=+0.0826)              
           INFO       [10/20] LECO: max_score=0.6747                            
[13:49:57] INFO         Baseline=0.1025, top param: SpCond (Δ=+0.0845)          
           INFO       [11/20] PRLA: max_score=0.6615                            
[13:50:14] INFO         Baseline=0.2197, top param: pH (Δ=+0.2094)              
           INFO       [12/20] LEWI: max_score=0.6561                            
[13:50:35] INFO         Baseline=0.2139, top param: SpCond (Δ=+0.0459)          
           INFO       [13/20] KING: max_score=0.6420                            
[13:50:55] INFO         Baseline=0.2535, top param: Turbidity (Δ=+0.1345)       
           INFO       [14/20] ARIK: max_score=0.6325                            
[13:51:16] INFO         Baseline=0.2435, top param: pH (Δ=+0.1564)              
           INFO       [15/20] PRPO: max_score=0.6270                            
[13:51:32] INFO         Baseline=0.1628, top param: DO (Δ=+0.0989)              
           INFO       [16/20] OKSR: max_score=0.6177                            
[13:51:52] INFO         Baseline=0.0182, top param: DO (Δ=+0.0016)              
           INFO       [17/20] CARI: max_score=0.6118                            
[13:52:13] INFO         Baseline=0.2078, top param: DO (Δ=+0.0566)              
           INFO       [18/20] BIGC: max_score=0.5917                            
[13:52:37] INFO         Baseline=0.1112, top param: pH (Δ=+0.0593)              
           INFO       [19/20] HOPB: max_score=0.5714                            
[13:53:00] INFO         Baseline=0.1638, top param: DO (Δ=+0.0955)              
           INFO       [20/20] PRIN: max_score=0.5693                            
[13:53:21] INFO         Baseline=0.2894, top param: DO (Δ=+0.1019)              
           INFO                                                                 
                    Saved:                                                      
                    /home/bcheng/SENTINEL/results/exp16_attribution/attribution_
                    results.json                                                
[13:53:22] INFO     Saved:                                                      
                    /home/bcheng/SENTINEL/paper/figures/fig_exp16_attribution_he
                    atmap.jpg                                                   
           INFO                                                                 
                    === PARAMETER ATTRIBUTION SUMMARY ===                       
           INFO     Parameter       Top-driver #   Mean Δ     Std Δ             
           INFO     -------------------------------------------------------     
           INFO       DO            9              0.0641     0.0654            
           INFO       pH            6              0.0446     0.0851            
           INFO       SpCond        3              0.0032     0.0561            
           INFO       Turbidity     2              -0.0104    0.0810            
           INFO                                                                 
                    Elapsed: 414.2s                                             
