[19:30:22] INFO     Loaded sensor embeddings: torch.Size([2000, 256])           
           INFO     Ground truth: 1400 normal, 600 anomalous                    
           INFO     Generating synthetic sensor data for baselines...           
           INFO     Synthetic sensor data: (2000, 128, 5)                       
           INFO     Running baseline 1: Z-score threshold...                    
           INFO       Z-score AUROC: 0.4215                                     
           INFO     Running baseline 2: Isolation Forest...                     
           INFO       Isolation Forest AUROC: 1.0000                            
           INFO     Running baseline 3: ARIMA residual...                       
[19:32:11] INFO       ARIMA AUROC: 0.9993                                       
           INFO     Running baseline 4: AquaSSM-only (no fusion)...             
           INFO       AquaSSM-only AUROC: 0.5000                                
           INFO     Running SENTINEL (fusion + anomaly head)...                 
[19:36:17] INFO       SENTINEL inference: 500/2000                              
[19:39:57] INFO       SENTINEL inference: 1000/2000                             
[19:42:12] INFO       SENTINEL inference: 1500/2000                             
[19:44:23] INFO       SENTINEL inference: 2000/2000                             
           INFO       SENTINEL AUROC: 0.0000                                    
           INFO     Results saved to                                            
                    /home/bcheng/SENTINEL/results/exp2_baselines/baseline_compar
                    ison.json                                                   
           INFO     Figure saved to                                             
                    /home/bcheng/SENTINEL/paper/figures/fig_exp2_baselines.jpg  
           INFO                                                                 
                    ==================================================          
           INFO     BASELINE COMPARISON SUMMARY                                 
           INFO     ==================================================          
           INFO     Method                  AUROC                               
           INFO     ----------------------------                                
           INFO     Z-score                0.4215                               
           INFO     Isolation Forest       1.0000                               
           INFO     ARIMA                  0.9993                               
           INFO     AquaSSM-only           0.5000                               
           INFO     SENTINEL               0.0000                               
           INFO     ==================================================          
           INFO     Elapsed: 841.3s                                             
