======================================================================
SENTINEL Discovery Scan — Current Water Quality Crisis Detection
  Checkpoint : /home/bcheng/SENTINEL/checkpoints/sensor/aquassm_full_best.pt
  Device     : cuda
  Date range : 2025-01-01 → 2026-04-14
  Sites      : 18
======================================================================

Loading AquaSSM model...
  SensorEncoder: 0 missing, 0 unexpected keys
  Checkpoint epoch=43, val_auroc=0.9418608623417807

────────────────────────────────────────────────────────────
Site: Lake Okeechobee (02276900)
  Fetching USGS IV 2025-01-01 → 2026-04-14...
  No data returned

────────────────────────────────────────────────────────────
Site: St. Johns River FL (02231000)
  Fetching USGS IV 2025-01-01 → 2026-04-14...
  No data returned

────────────────────────────────────────────────────────────
Site: Raccoon River IA (nitrate) (05482000)
  Fetching USGS IV 2025-01-01 → 2026-04-14...
  Records: 44970
  Windows: 0

────────────────────────────────────────────────────────────
Site: Des Moines River (05481000)
  Fetching USGS IV 2025-01-01 → 2026-04-14...
  No data returned

────────────────────────────────────────────────────────────
Site: Illinois River (05586100)
  Fetching USGS IV 2025-01-01 → 2026-04-14...
  No data returned

────────────────────────────────────────────────────────────
Site: Maumee River OH (04193500)
  Fetching USGS IV 2025-01-01 → 2026-04-14...
  Records: 24528
  Windows: 381
  Scores: 381
  max_score=0.9983  mean_score=0.793  n>0.9=153  recent_30d_max=0.998  alert=True
  *** ALERT ***

────────────────────────────────────────────────────────────
Site: Mississippi River at Baton Rouge (07374000)
  Fetching USGS IV 2025-01-01 → 2026-04-14...
  Records: 21855
  Windows: 325
  Scores: 325
  max_score=0.9995  mean_score=0.8776  n>0.9=209  recent_30d_max=0.9908  alert=True
  *** ALERT ***

────────────────────────────────────────────────────────────
Site: Atchafalaya River (07381490)
  Fetching USGS IV 2025-01-01 → 2026-04-14...
  No data returned

────────────────────────────────────────────────────────────
Site: Neuse River NC (02089500)
  Fetching USGS IV 2025-01-01 → 2026-04-14...
  No data returned

────────────────────────────────────────────────────────────
Site: Cape Fear River NC (02101726)
  Fetching USGS IV 2025-01-01 → 2026-04-14...
  Records: 44141
  Windows: 688
  Scores: 688
  max_score=0.9929  mean_score=0.9929  n>0.9=688  recent_30d_max=0.9929  alert=True
  *** ALERT ***

────────────────────────────────────────────────────────────
Site: Sandusky River OH (Lake Erie tributary) (04199500)
  Fetching USGS IV 2025-01-01 → 2026-04-14...
  Records: 29594
  Windows: 456
  Scores: 456
  max_score=0.9929  mean_score=0.9929  n>0.9=456  recent_30d_max=None  alert=True
  *** ALERT ***

────────────────────────────────────────────────────────────
Site: Maumee River (Toledo area) (04197170)
  Fetching USGS IV 2025-01-01 → 2026-04-14...
  No data returned

────────────────────────────────────────────────────────────
Site: Klamath River CA (11530500)
  Fetching USGS IV 2025-01-01 → 2026-04-14...
  Records: 45059
  Windows: 667
  Scores: 667
  max_score=0.9929  mean_score=0.9929  n>0.9=667  recent_30d_max=0.9929  alert=True
  *** ALERT ***

────────────────────────────────────────────────────────────
Site: Sacramento River CA (11447650)
  Fetching USGS IV 2025-01-01 → 2026-04-14...
  Records: 44962
  Windows: 701
  Scores: 701
  max_score=0.9971  mean_score=0.3893  n>0.9=40  recent_30d_max=0.683  alert=True
  *** ALERT ***

────────────────────────────────────────────────────────────
Site: Patuxent River MD (01589485)
  Fetching USGS IV 2025-01-01 → 2026-04-14...
  No data returned

────────────────────────────────────────────────────────────
Site: Potomac River DC (01646500)
  Fetching USGS IV 2025-01-01 → 2026-04-14...
  Records: 100951
  Windows: 1576
  Scores: 1576
  max_score=0.9984  mean_score=0.5212  n>0.9=25  recent_30d_max=0.9958  alert=True
  *** ALERT ***

────────────────────────────────────────────────────────────
Site: Willamette River OR (14211720)
  Fetching USGS IV 2025-01-01 → 2026-04-14...
  Records: 22364
  Windows: 348
  Scores: 348
  max_score=0.9849  mean_score=0.2556  n>0.9=2  recent_30d_max=0.236  alert=True
  *** ALERT ***

────────────────────────────────────────────────────────────
Site: San Antonio River TX (08178800)
  Fetching USGS IV 2025-01-01 → 2026-04-14...
  No data returned

Results saved to /home/bcheng/SENTINEL/results/discovery_scan/discovery_scan_results.json


======================================================================
=== SENTINEL Discovery Scan Results ===
======================================================================
Sites attempted : 18
Sites with data : 9
Sites on ALERT  : 8

Top 10 sites by max anomaly score:
  Rank  Name                                        max   mean  n>0.9   r30d  alert
  ───────────────────────────────────────────────────────────────────────────
  1     Mississippi River at Baton Rouge         0.9995 0.8776    209 0.9908  ALERT
  2     Potomac River DC                         0.9984 0.5212     25 0.9958  ALERT
  3     Maumee River OH                          0.9983 0.7930    153 0.9980  ALERT
  4     Sacramento River CA                      0.9971 0.3893     40 0.6830  ALERT
  5     Cape Fear River NC                       0.9929 0.9929    688 0.9929  ALERT
  6     Sandusky River OH (Lake Erie tributary)  0.9929 0.9929    456    N/A  ALERT
  7     Klamath River CA                         0.9929 0.9929    667 0.9929  ALERT
  8     Willamette River OR                      0.9849 0.2556      2 0.2360  ALERT
  9     Lake Okeechobee                             N/A    N/A      0    N/A      -
  10    St. Johns River FL                          N/A    N/A      0    N/A      -

ALERT sites:
  - Mississippi River at Baton Rouge
  - Potomac River DC
  - Maumee River OH
  - Sacramento River CA
  - Cape Fear River NC
  - Sandusky River OH (Lake Erie tributary)
  - Klamath River CA
  - Willamette River OR
======================================================================
