[23:14:53] ============================================================
[23:14:53] Expanding HydroViT paired satellite-WQ dataset
[23:14:53] ============================================================
[23:14:53] Loading GRQA data (2015-2020)...
[23:14:53]   GRQA TSS: 87617 records
[23:14:53]   GRQA TN: 126515 records
[23:14:54]   GRQA TP: 161260 records
[23:14:54]   GRQA DO: 151809 records
[23:14:54]   GRQA NH4N: 29602 records
[23:14:54]   GRQA NO3N: 134600 records
[23:14:54]   GRQA pH: 159364 records
[23:14:55]   GRQA TEMP: 192559 records
[23:14:55]   GRQA PC: 17224 records
[23:14:55]   Total GRQA records: 1060550
[23:14:55] Loading EPA WQP data...
[23:15:16]   WQP coordinate lookup: 73293 sites
[23:15:37]   Total WQP records with coordinates: 313734
[23:15:37] Selecting diverse site-date pairs...
[23:15:41]   Total unique site-date pairs: 291985
[23:15:41]   Parameter coverage distribution:
[23:15:41]     1 params: 54007 pairs
[23:15:41]     2 params: 36097 pairs
[23:15:41]     3 params: 51743 pairs
[23:15:41]     4 params: 27573 pairs
[23:15:41]     5 params: 28033 pairs
[23:15:41]     6 params: 28487 pairs
[23:15:41]     7 params: 57650 pairs
[23:15:41]     8 params: 8093 pairs
[23:15:41]     9 params: 222 pairs
/home/bcheng/SENTINEL/scripts/expand_satellite_wq_pairs.py:224: SettingWithCopyWarning: 
A value is trying to be set on a copy of a slice from a DataFrame.
Try using .loc[row_indexer,col_indexer] = value instead

See the caveats in the documentation: https://pandas.pydata.org/pandas-docs/stable/user_guide/indexing.html#returning-a-view-versus-a-copy
  candidates["lat_bin"] = (candidates["latitude"] // 1).astype(int)
/home/bcheng/SENTINEL/scripts/expand_satellite_wq_pairs.py:225: SettingWithCopyWarning: 
A value is trying to be set on a copy of a slice from a DataFrame.
Try using .loc[row_indexer,col_indexer] = value instead

See the caveats in the documentation: https://pandas.pydata.org/pandas-docs/stable/user_guide/indexing.html#returning-a-view-versus-a-copy
  candidates["lon_bin"] = (candidates["longitude"] // 1).astype(int)
/home/bcheng/SENTINEL/scripts/expand_satellite_wq_pairs.py:226: SettingWithCopyWarning: 
A value is trying to be set on a copy of a slice from a DataFrame.
Try using .loc[row_indexer,col_indexer] = value instead

See the caveats in the documentation: https://pandas.pydata.org/pandas-docs/stable/user_guide/indexing.html#returning-a-view-versus-a-copy
  candidates["cell"] = candidates["lat_bin"].astype(str) + "_" + candidates["lon_bin"].astype(str)
[23:15:41]   Selected 515 pairs across 85 geographic cells
[23:15:41]   Mean params per pair: 8.4
[23:15:41]   Pairs with optical params: 515
[23:15:41] 
Downloading Sentinel-2 tiles for 515 site-date pairs...
[23:15:41] Using 6 parallel workers
[23:15:42]   Already downloaded: 0
[23:15:42]   To download: 515
[23:17:26]   Progress: 25/515 (ok=25, skip=0, fail=0) [0.2/s, ETA 34m]
[23:18:56]   Progress: 50/515 (ok=49, skip=0, fail=1) [0.3/s, ETA 30m]
[23:20:09]   Progress: 75/515 (ok=67, skip=0, fail=8) [0.3/s, ETA 26m]
[23:21:36]   Progress: 100/515 (ok=88, skip=0, fail=12) [0.3/s, ETA 24m]
[23:22:45]   Progress: 125/515 (ok=102, skip=0, fail=23) [0.3/s, ETA 22m]
[23:24:29]   Progress: 150/515 (ok=121, skip=0, fail=29) [0.3/s, ETA 21m]
[23:26:24]   Progress: 175/515 (ok=141, skip=0, fail=34) [0.3/s, ETA 21m]
[23:27:38]   Progress: 200/515 (ok=157, skip=0, fail=43) [0.3/s, ETA 19m]
[23:29:51]   Progress: 225/515 (ok=176, skip=0, fail=49) [0.3/s, ETA 18m]
[23:31:32]   Progress: 250/515 (ok=195, skip=0, fail=55) [0.3/s, ETA 17m]
[23:32:40]   Progress: 275/515 (ok=210, skip=0, fail=65) [0.3/s, ETA 15m]
[23:33:57]   Progress: 300/515 (ok=228, skip=0, fail=72) [0.3/s, ETA 13m]
[23:35:20]   Progress: 325/515 (ok=247, skip=0, fail=78) [0.3/s, ETA 11m]
[23:36:58]   Progress: 350/515 (ok=272, skip=0, fail=78) [0.3/s, ETA 10m]
[23:38:35]   Progress: 375/515 (ok=297, skip=0, fail=78) [0.3/s, ETA 9m]
[23:40:02]   Progress: 400/515 (ok=322, skip=0, fail=78) [0.3/s, ETA 7m]
[23:41:03]   Progress: 425/515 (ok=336, skip=0, fail=89) [0.3/s, ETA 5m]
[23:42:08]   Progress: 450/515 (ok=354, skip=0, fail=96) [0.3/s, ETA 4m]
[23:43:22]   Progress: 475/515 (ok=377, skip=0, fail=98) [0.3/s, ETA 2m]
[23:44:34]   Progress: 500/515 (ok=394, skip=0, fail=106) [0.3/s, ETA 1m]
[23:45:11]   Progress: 515/515 (ok=402, skip=0, fail=113) [0.3/s, ETA 0m]
[23:45:12] 
Download complete: 402 new + 0 existing, 113 failed
[23:45:12] Total time: 29.5 minutes
[23:45:12] Building expanded paired dataset...
[23:45:12]   Found 402 downloaded tiles
[23:45:12]   Found 2139 original tiles
[23:46:43]   Saved 402 paired samples to /home/bcheng/SENTINEL/data/processed/satellite/paired_wq_expanded.npz
[23:46:43]   Image shape: (402, 10, 224, 224)
[23:46:43]   Target shape: (402, 16)
[23:46:43]   Per-parameter coverage:
[23:46:43]     chl_a: 86/402 (21%)
[23:46:43]     turbidity: 264/402 (66%)
[23:46:43]     tss: 259/402 (64%)
[23:46:43]     TN: 399/402 (99%)
[23:46:43]     TP: 399/402 (99%)
[23:46:43]     DO: 399/402 (99%)
[23:46:43]     NH4N: 116/402 (29%)
[23:46:43]     NO3N: 372/402 (93%)
[23:46:43]     pH: 400/402 (100%)
[23:46:43]     temp: 402/402 (100%)
[23:46:43]     PC: 261/402 (65%)
[23:46:44] 
Final paired dataset: 402 samples
[23:46:44] ============================================================
