Existing datasets: {'GSE83514', 'GSE73661'}
  Downloading GSE153551...
    No expression data found
  Downloading GSE164437...
    No expression data found
  Downloading GSE122556...
    No expression data found
  Downloading GSE133548...
    No expression data found
  Downloading GSE97434...
    No expression data found
  GSE73661: already downloaded, skipping
  Downloading GSE59768...
    No expression data found
  Downloading GSE143795...
    No expression data found
  Downloading GSE104776...
    Saved: 61046 genes x 9 samples (unknown, unknown)
  GSE83514: already downloaded, skipping
  Downloading GSE114036...
    No expression data found
  Downloading GSE54800...
    Saved: 84138 genes x 12 samples (unknown, unknown)
  Downloading GSE130306...
    No expression data found
  Downloading GSE108634...
    No expression data found
  Downloading GSE126666...
    Too small: 22790 genes x 2 samples

Total new datasets: 2
Total datasets in summary: 2
DONE
