/home/bcheng/SENTINEL/scripts/train_hydrovit_wq.py:78: RuntimeWarning: Mean of empty slice
  self.target_mean = np.nanmean(self.targets, axis=0)
/home/bcheng/.conda/envs/physiformer/lib/python3.10/site-packages/numpy/lib/_nanfunctions_impl.py:2019: RuntimeWarning: Degrees of freedom <= 0 for slice.
  var = nanvar(a, axis=axis, dtype=dtype, out=out, ddof=ddof,
/home/bcheng/SENTINEL/scripts/train_hydrovit_wq.py:97: RuntimeWarning: Mean of empty slice
  self.target_mean = np.nanmean(self.targets_norm, axis=0)
[20:28:34] INFO     Loaded 2861 paired samples, images: (2861, 10, 224, 224),   
                    targets: (2861, 16)                                         
[20:28:35] INFO     Non-NaN target density: 0.280                               
           INFO     Split: 2002 train / 429 val / 430 test                      
           INFO     Loading HydroViT with pretrained weights from               
                    checkpoints/satellite/hydrovit_real_mae.pt                  
[20:28:36] INFO     Loaded checkpoint: 0 missing, 0 unexpected keys             
           INFO     HydroViT: 40,796,000 parameters                             
           INFO     ============================================================
           INFO     PHASE 1: Train WQ Head (backbone frozen)                    
           INFO     ============================================================
           INFO     Trainable: 829,984 / 40,796,000 (2.0%)                      
[20:28:48] INFO     [Head] Ep   1/100 | Train Loss: 0.8061 | Val Loss: 0.5032 | 
                    Mean R2: 0.0255 | Optical R2: -0.0129                       
[20:29:34] INFO     [Head] Ep   5/100 | Train Loss: 0.4297 | Val Loss: 0.4735 | 
                    Mean R2: 0.0227 | Optical R2: -0.0104                       
[20:30:29] INFO     [Head] Ep  10/100 | Train Loss: 0.4150 | Val Loss: 0.4000 | 
                    Mean R2: 0.0452 | Optical R2: -0.0058                       
[20:31:26] INFO     [Head] Ep  15/100 | Train Loss: 0.3917 | Val Loss: 0.3990 | 
                    Mean R2: 0.0499 | Optical R2: -0.0055                       
[20:32:21] INFO     [Head] Ep  20/100 | Train Loss: 0.3726 | Val Loss: 0.3843 | 
                    Mean R2: 0.0554 | Optical R2: -0.0027                       
[20:33:16] INFO     [Head] Ep  25/100 | Train Loss: 0.3469 | Val Loss: 0.4015 | 
                    Mean R2: 0.0433 | Optical R2: 0.0042                        
[20:34:12] INFO     [Head] Ep  30/100 | Train Loss: 0.3383 | Val Loss: 0.3974 | 
                    Mean R2: 0.0577 | Optical R2: 0.0155                        
[20:35:06] INFO     [Head] Ep  35/100 | Train Loss: 0.3308 | Val Loss: 0.3800 | 
                    Mean R2: 0.0574 | Optical R2: 0.0240                        
[20:36:02] INFO     [Head] Ep  40/100 | Train Loss: 0.3130 | Val Loss: 0.3809 | 
                    Mean R2: 0.0678 | Optical R2: 0.0394                        
[20:36:56] INFO     [Head] Ep  45/100 | Train Loss: 0.3005 | Val Loss: 0.3894 | 
                    Mean R2: 0.0720 | Optical R2: 0.0655                        
[20:37:52] INFO     [Head] Ep  50/100 | Train Loss: 0.2884 | Val Loss: 0.3890 | 
                    Mean R2: 0.0683 | Optical R2: 0.0632                        
[20:38:47] INFO     [Head] Ep  55/100 | Train Loss: 0.2713 | Val Loss: 0.4419 | 
                    Mean R2: 0.0399 | Optical R2: -0.0563                       
[20:39:43] INFO     [Head] Ep  60/100 | Train Loss: 0.2559 | Val Loss: 0.4443 | 
                    Mean R2: 0.0344 | Optical R2: -0.0474                       
[20:40:39] INFO     [Head] Ep  65/100 | Train Loss: 0.2352 | Val Loss: 0.4445 | 
                    Mean R2: 0.0628 | Optical R2: -0.0081                       
[20:41:35] INFO     [Head] Ep  70/100 | Train Loss: 0.2260 | Val Loss: 0.4617 | 
                    Mean R2: 0.0601 | Optical R2: -0.0028                       
[20:42:31] INFO     [Head] Ep  75/100 | Train Loss: 0.2162 | Val Loss: 0.4836 | 
                    Mean R2: 0.0440 | Optical R2: -0.0592                       
[20:43:26] INFO     [Head] Ep  80/100 | Train Loss: 0.2058 | Val Loss: 0.5216 | 
                    Mean R2: 0.0340 | Optical R2: -0.0747                       
[20:44:22] INFO     [Head] Ep  85/100 | Train Loss: 0.1993 | Val Loss: 0.5225 | 
                    Mean R2: 0.0372 | Optical R2: -0.0597                       
[20:45:16] INFO     [Head] Ep  90/100 | Train Loss: 0.1917 | Val Loss: 0.5336 | 
                    Mean R2: 0.0413 | Optical R2: -0.0475                       
[20:46:10] INFO     [Head] Ep  95/100 | Train Loss: 0.1890 | Val Loss: 0.5392 | 
                    Mean R2: 0.0401 | Optical R2: -0.0515                       
[20:47:04] INFO     [Head] Ep 100/100 | Train Loss: 0.1817 | Val Loss: 0.5400 | 
                    Mean R2: 0.0404 | Optical R2: -0.0509                       
[20:47:05] INFO     Phase 1 best val R2: 0.0743                                 
           INFO     ============================================================
           INFO     PHASE 2: Fine-tune backbone + head                          
           INFO     ============================================================
[20:47:22] INFO     [Finetune] Ep   1/100 | Train Loss: 0.4120 | Val Loss:      
                    0.4009 | Mean R2: 0.0364 | Optical R2: -0.0382              
[20:48:29] INFO     [Finetune] Ep   5/100 | Train Loss: 0.3037 | Val Loss:      
                    0.4012 | Mean R2: 0.0760 | Optical R2: 0.0317               
[20:49:54] INFO     [Finetune] Ep  10/100 | Train Loss: 0.2491 | Val Loss:      
                    0.3869 | Mean R2: 0.0808 | Optical R2: 0.0675               
[20:51:18] INFO     [Finetune] Ep  15/100 | Train Loss: 0.1754 | Val Loss:      
                    0.4103 | Mean R2: 0.0598 | Optical R2: 0.0565               
[20:52:41] INFO     [Finetune] Ep  20/100 | Train Loss: 0.1148 | Val Loss:      
                    0.4155 | Mean R2: 0.0751 | Optical R2: 0.0755               
[20:54:06] INFO     [Finetune] Ep  25/100 | Train Loss: 0.0463 | Val Loss:      
                    0.3998 | Mean R2: 0.0942 | Optical R2: 0.0553               
[20:55:30] INFO     [Finetune] Ep  30/100 | Train Loss: -0.0367 | Val Loss:     
                    0.5837 | Mean R2: 0.0825 | Optical R2: 0.0288               
[20:56:54] INFO     [Finetune] Ep  35/100 | Train Loss: -0.1150 | Val Loss:     
                    0.6162 | Mean R2: 0.0632 | Optical R2: 0.0486               
[20:58:18] INFO     [Finetune] Ep  40/100 | Train Loss: -0.1869 | Val Loss:     
                    0.8707 | Mean R2: 0.0856 | Optical R2: 0.0638               
[20:59:42] INFO     [Finetune] Ep  45/100 | Train Loss: -0.2432 | Val Loss:     
                    1.3281 | Mean R2: 0.0871 | Optical R2: 0.0800               
[21:01:07] INFO     [Finetune] Ep  50/100 | Train Loss: -0.3137 | Val Loss:     
                    1.5899 | Mean R2: 0.0711 | Optical R2: 0.0501               
[21:02:30] INFO     [Finetune] Ep  55/100 | Train Loss: -0.3648 | Val Loss:     
                    1.8981 | Mean R2: 0.0497 | Optical R2: 0.0666               
[21:03:53] INFO     [Finetune] Ep  60/100 | Train Loss: -0.4450 | Val Loss:     
                    2.6840 | Mean R2: 0.1004 | Optical R2: 0.0941               
[21:05:17] INFO     [Finetune] Ep  65/100 | Train Loss: -0.4877 | Val Loss:     
                    3.3380 | Mean R2: 0.0948 | Optical R2: 0.1098               
[21:06:41] INFO     [Finetune] Ep  70/100 | Train Loss: -0.5408 | Val Loss:     
                    4.0772 | Mean R2: 0.1026 | Optical R2: 0.1012               
[21:08:05] INFO     [Finetune] Ep  75/100 | Train Loss: -0.5849 | Val Loss:     
                    4.8996 | Mean R2: 0.0951 | Optical R2: 0.1049               
[21:09:29] INFO     [Finetune] Ep  80/100 | Train Loss: -0.6251 | Val Loss:     
                    5.9505 | Mean R2: 0.1080 | Optical R2: 0.1156               
[21:10:53] INFO     [Finetune] Ep  85/100 | Train Loss: -0.6399 | Val Loss:     
                    6.5048 | Mean R2: 0.1088 | Optical R2: 0.1170               
[21:12:16] INFO     [Finetune] Ep  90/100 | Train Loss: -0.6731 | Val Loss:     
                    7.0660 | Mean R2: 0.1038 | Optical R2: 0.1160               
[21:13:40] INFO     [Finetune] Ep  95/100 | Train Loss: -0.6779 | Val Loss:     
                    7.1766 | Mean R2: 0.1091 | Optical R2: 0.1170               
[21:15:04] INFO     [Finetune] Ep 100/100 | Train Loss: -0.6838 | Val Loss:     
                    7.2646 | Mean R2: 0.1073 | Optical R2: 0.1150               
           INFO     Phase 2 best val R2: 0.1199                                 
           INFO     ============================================================
           INFO     TEST EVALUATION                                             
           INFO     ============================================================
[21:15:07] INFO                           chl_a: R2 =  -0.1836 [OPTICAL] BELOW  
           INFO                       turbidity: R2 =   0.0917 [OPTICAL] BELOW  
           INFO                    secchi_depth: R2 =      nan                  
           INFO                            cdom: R2 =      nan                  
           INFO                             tss: R2 =   0.2215 [OPTICAL] BELOW  
           INFO                  total_nitrogen: R2 =   0.0723                  
           INFO                total_phosphorus: R2 =   0.2109                  
           INFO                dissolved_oxygen: R2 =   0.2400                  
           INFO                         ammonia: R2 =  -0.0156                  
           INFO                         nitrate: R2 =   0.0017                  
           INFO                              ph: R2 =   0.0365                  
           INFO                      water_temp: R2 =   0.6738                  
           INFO                     phycocyanin: R2 =   0.0057                  
           INFO                 oil_probability: R2 =      nan                  
           INFO                           acdom: R2 =      nan                  
           INFO         pollution_anomaly_index: R2 =      nan                  
           INFO       Mean R2 (all params with data): 0.1232                    
           INFO       Mean R2 (optical params): 0.0432                          
           INFO       >>> BELOW THRESHOLD (0.1232) <<<                          
           INFO     Saved checkpoint: checkpoints/satellite/hydrovit_wq_v3.pt   
           INFO     Results saved:                                              
                    checkpoints/satellite/results_wq_finetuned.json             
           INFO     Total time: 46.9 min                                        
           INFO     DONE                                                        
