/home/bcheng/SENTINEL/scripts/train_hydrovit_wq.py:71: RuntimeWarning: Mean of empty slice
  self.target_mean = np.nanmean(self.targets, axis=0)
/home/bcheng/.conda/envs/physiformer/lib/python3.10/site-packages/numpy/lib/_nanfunctions_impl.py:2019: RuntimeWarning: Degrees of freedom <= 0 for slice.
  var = nanvar(a, axis=axis, dtype=dtype, out=out, ddof=ddof,
/home/bcheng/SENTINEL/scripts/train_hydrovit_wq.py:90: RuntimeWarning: Mean of empty slice
  self.target_mean = np.nanmean(self.targets_norm, axis=0)
[01:38:00] INFO     Loaded 847 paired samples, images: (847, 10, 224, 224),     
                    targets: (847, 16)                                          
           INFO     Non-NaN target density: 0.508                               
           INFO     Split: 592 train / 127 val / 128 test                       
           INFO     Loading HydroViT with pretrained weights from               
                    checkpoints/satellite/hydrovit_real_mae.pt                  
[01:38:02] INFO     Loaded checkpoint: 0 missing, 0 unexpected keys             
           INFO     HydroViT: 40,796,000 parameters                             
           INFO     ============================================================
           INFO     PHASE 1: Train WQ Head (backbone frozen)                    
           INFO     ============================================================
           INFO     Trainable: 829,984 / 40,796,000 (2.0%)                      
[01:38:10] INFO     [Head] Ep   1/100 | Train Loss: 1.2029 | Val Loss: 0.5351 | 
                    Mean R2: 0.0024 | Optical R2: -0.0519                       
[01:38:47] INFO     [Head] Ep   5/100 | Train Loss: 0.4930 | Val Loss: 0.4749 | 
                    Mean R2: 0.0281 | Optical R2: -0.0473                       
[01:39:28] INFO     [Head] Ep  10/100 | Train Loss: 0.4630 | Val Loss: 0.4669 | 
                    Mean R2: 0.0315 | Optical R2: -0.0487                       
[01:40:11] INFO     [Head] Ep  15/100 | Train Loss: 0.4462 | Val Loss: 0.4453 | 
                    Mean R2: 0.0361 | Optical R2: -0.0472                       
[01:40:51] INFO     [Head] Ep  20/100 | Train Loss: 0.4332 | Val Loss: 0.4257 | 
                    Mean R2: 0.0369 | Optical R2: -0.0460                       
[01:41:31] INFO     [Head] Ep  25/100 | Train Loss: 0.4158 | Val Loss: 0.4133 | 
                    Mean R2: 0.0390 | Optical R2: -0.0473                       
[01:42:15] INFO     [Head] Ep  30/100 | Train Loss: 0.4029 | Val Loss: 0.4358 | 
                    Mean R2: 0.0208 | Optical R2: -0.0686                       
[01:43:42] INFO     [Head] Ep  35/100 | Train Loss: 0.3788 | Val Loss: 0.4575 | 
                    Mean R2: 0.0398 | Optical R2: -0.0329                       
[01:44:18] INFO     [Head] Ep  40/100 | Train Loss: 0.3728 | Val Loss: 0.5136 | 
                    Mean R2: 0.0387 | Optical R2: -0.0530                       
[01:44:56] INFO     [Head] Ep  45/100 | Train Loss: 0.3505 | Val Loss: 0.5042 | 
                    Mean R2: 0.0420 | Optical R2: -0.0395                       
[01:45:31] INFO     [Head] Ep  50/100 | Train Loss: 0.3392 | Val Loss: 0.6135 | 
                    Mean R2: 0.0451 | Optical R2: -0.0536                       
[01:46:08] INFO     [Head] Ep  55/100 | Train Loss: 0.3162 | Val Loss: 0.5369 | 
                    Mean R2: 0.0349 | Optical R2: -0.0430                       
[01:46:45] INFO     [Head] Ep  60/100 | Train Loss: 0.3012 | Val Loss: 0.5987 | 
                    Mean R2: 0.0566 | Optical R2: -0.0480                       
[01:47:22] INFO     [Head] Ep  65/100 | Train Loss: 0.2798 | Val Loss: 0.6175 | 
                    Mean R2: 0.0403 | Optical R2: -0.0438                       
[01:48:02] INFO     [Head] Ep  70/100 | Train Loss: 0.2708 | Val Loss: 0.6297 | 
                    Mean R2: 0.0411 | Optical R2: -0.0584                       
[01:48:45] INFO     [Head] Ep  75/100 | Train Loss: 0.2533 | Val Loss: 0.6714 | 
                    Mean R2: 0.0526 | Optical R2: -0.0516                       
[01:49:34] INFO     [Head] Ep  80/100 | Train Loss: 0.2477 | Val Loss: 0.6427 | 
                    Mean R2: 0.0380 | Optical R2: -0.0644                       
[01:50:40] INFO     [Head] Ep  85/100 | Train Loss: 0.2400 | Val Loss: 0.6848 | 
                    Mean R2: 0.0375 | Optical R2: -0.0750                       
[01:51:14] INFO     [Head] Ep  90/100 | Train Loss: 0.2341 | Val Loss: 0.6858 | 
                    Mean R2: 0.0367 | Optical R2: -0.0730                       
[01:51:47] INFO     [Head] Ep  95/100 | Train Loss: 0.2299 | Val Loss: 0.6943 | 
                    Mean R2: 0.0382 | Optical R2: -0.0697                       
[01:52:23] INFO     [Head] Ep 100/100 | Train Loss: 0.2321 | Val Loss: 0.6942 | 
                    Mean R2: 0.0381 | Optical R2: -0.0699                       
[01:52:24] INFO     Phase 1 best val R2: 0.0566                                 
           INFO     ============================================================
           INFO     PHASE 2: Fine-tune backbone + head                          
           INFO     ============================================================
[01:52:32] INFO     [Finetune] Ep   1/100 | Train Loss: 0.3899 | Val Loss:      
                    0.6874 | Mean R2: 0.0431 | Optical R2: -0.0416              
[01:53:12] INFO     [Finetune] Ep   5/100 | Train Loss: 0.3238 | Val Loss:      
                    0.4759 | Mean R2: 0.0443 | Optical R2: -0.0789              
[01:53:56] INFO     [Finetune] Ep  10/100 | Train Loss: 0.2658 | Val Loss:      
                    0.5333 | Mean R2: 0.0781 | Optical R2: -0.0278              
[01:54:45] INFO     [Finetune] Ep  15/100 | Train Loss: 0.2470 | Val Loss:      
                    0.5297 | Mean R2: 0.0918 | Optical R2: -0.0244              
[01:55:35] INFO     [Finetune] Ep  20/100 | Train Loss: 0.1880 | Val Loss:      
                    0.6111 | Mean R2: 0.1110 | Optical R2: 0.0421               
[01:56:15] INFO     [Finetune] Ep  25/100 | Train Loss: 0.1515 | Val Loss:      
                    0.5925 | Mean R2: 0.0901 | Optical R2: -0.0106              
[01:56:44] INFO     [Finetune] Ep  30/100 | Train Loss: 0.1127 | Val Loss:      
                    0.7612 | Mean R2: 0.0831 | Optical R2: 0.0290               
[01:57:15] INFO     [Finetune] Ep  35/100 | Train Loss: 0.0409 | Val Loss:      
                    0.8677 | Mean R2: 0.0823 | Optical R2: -0.0135              
[01:57:47] INFO     [Finetune] Ep  40/100 | Train Loss: -0.0104 | Val Loss:     
                    1.0742 | Mean R2: 0.0719 | Optical R2: 0.0252               
[01:58:17] INFO     [Finetune] Ep  45/100 | Train Loss: -0.0692 | Val Loss:     
                    1.4300 | Mean R2: 0.0515 | Optical R2: 0.0126               
[01:58:48] INFO     [Finetune] Ep  50/100 | Train Loss: -0.1332 | Val Loss:     
                    1.5884 | Mean R2: 0.0724 | Optical R2: 0.0563               
[01:59:19] INFO     [Finetune] Ep  55/100 | Train Loss: -0.1730 | Val Loss:     
                    1.9090 | Mean R2: 0.0637 | Optical R2: 0.0169               
[01:59:48] INFO     [Finetune] Ep  60/100 | Train Loss: -0.2146 | Val Loss:     
                    2.0492 | Mean R2: 0.0622 | Optical R2: -0.0110              
[02:00:26] INFO     [Finetune] Ep  65/100 | Train Loss: -0.2676 | Val Loss:     
                    2.3251 | Mean R2: 0.0738 | Optical R2: -0.0128              
[02:00:55] INFO     [Finetune] Ep  70/100 | Train Loss: -0.2989 | Val Loss:     
                    2.6877 | Mean R2: 0.0663 | Optical R2: 0.0065               
[02:01:24] INFO     [Finetune] Ep  75/100 | Train Loss: -0.3239 | Val Loss:     
                    3.0470 | Mean R2: 0.0657 | Optical R2: 0.0051               
[02:01:54] INFO     [Finetune] Ep  80/100 | Train Loss: -0.3433 | Val Loss:     
                    3.1855 | Mean R2: 0.0724 | Optical R2: 0.0120               
[02:02:28] INFO     [Finetune] Ep  85/100 | Train Loss: -0.3703 | Val Loss:     
                    3.3786 | Mean R2: 0.0758 | Optical R2: 0.0254               
[02:03:01] INFO     [Finetune] Ep  90/100 | Train Loss: -0.3772 | Val Loss:     
                    3.4571 | Mean R2: 0.0781 | Optical R2: 0.0260               
[02:03:35] INFO     [Finetune] Ep  95/100 | Train Loss: -0.3817 | Val Loss:     
                    3.5483 | Mean R2: 0.0786 | Optical R2: 0.0268               
[02:04:08] INFO     [Finetune] Ep 100/100 | Train Loss: -0.3935 | Val Loss:     
                    3.5478 | Mean R2: 0.0790 | Optical R2: 0.0277               
           INFO     Phase 2 best val R2: 0.1110                                 
           INFO     ============================================================
           INFO     TEST EVALUATION                                             
           INFO     ============================================================
[02:04:09] INFO                           chl_a: R2 =  -0.0114 [OPTICAL] BELOW  
           INFO                       turbidity: R2 =  -0.0021 [OPTICAL] BELOW  
           INFO                    secchi_depth: R2 =      nan                  
           INFO                            cdom: R2 =      nan                  
           INFO                             tss: R2 =  -0.0121 [OPTICAL] BELOW  
           INFO                  total_nitrogen: R2 =   0.0614                  
           INFO                total_phosphorus: R2 =   0.1066                  
           INFO                dissolved_oxygen: R2 =   0.2063                  
           INFO                         ammonia: R2 =  -0.0164                  
           INFO                         nitrate: R2 =   0.0042                  
           INFO                              ph: R2 =   0.0714                  
           INFO                      water_temp: R2 =   0.5031                  
           INFO                     phycocyanin: R2 =  -0.0684                  
           INFO                 oil_probability: R2 =      nan                  
           INFO                           acdom: R2 =      nan                  
           INFO         pollution_anomaly_index: R2 =      nan                  
           INFO       Mean R2 (all params with data): 0.0766                    
           INFO       Mean R2 (optical params): -0.0085                         
           INFO       >>> BELOW THRESHOLD (0.0766) <<<                          
[02:04:10] INFO     Saved checkpoint:                                           
                    checkpoints/satellite/hydrovit_wq_finetuned.pt              
           INFO     Results saved:                                              
                    checkpoints/satellite/results_wq_finetuned.json             
           INFO     Total time: 26.3 min                                        
           INFO     DONE                                                        
