[2026-04-04 09:13:19] ============================================================
[2026-04-04 09:13:19] GRQA → SENTINEL-DB Ingest
[2026-04-04 09:13:19] ============================================================
[2026-04-04 09:13:19] Found 42 GRQA parameter files
[2026-04-04 09:13:24]       BOD5 → biological_oxygen_demand :    219,320 records (11 countries, 8,558 sites)
[2026-04-04 09:13:24]       BOD7 → SKIPPED (no canonical mapping)
[2026-04-04 09:13:28]        BOD → biological_oxygen_demand :    163,531 records (59 countries, 2,945 sites)
[2026-04-04 09:13:28]      CODCr → SKIPPED (no canonical mapping)
[2026-04-04 09:13:28]      CODMn → SKIPPED (no canonical mapping)
[2026-04-04 09:13:31]        COD → chemical_oxygen_demand   :    126,372 records (51 countries, 2,769 sites)
[2026-04-04 09:13:31]         DC → SKIPPED (no canonical mapping)
[2026-04-04 09:13:31]        DIC → SKIPPED (no canonical mapping)
[2026-04-04 09:13:31]        DIN → nitrate_nitrite          :      7,822 records (2 countries, 119 sites)
[2026-04-04 09:13:43]        DIP → orthophosphate           :    612,922 records (33 countries, 9,931 sites)
[2026-04-04 09:13:45]        DKN → total_kjeldahl_nitrogen  :     80,732 records (6 countries, 2,820 sites)
[2026-04-04 09:13:56]        DOC → dissolved_organic_carbon :    524,542 records (42 countries, 20,182 sites)
[2026-04-04 09:13:56]        DON → SKIPPED (no canonical mapping)
[2026-04-04 09:13:56]        DOP → SKIPPED (no canonical mapping)
[2026-04-04 09:14:17]      DOSAT → dissolved_oxygen_saturation:    953,274 records (46 countries, 34,949 sites)
[2026-04-04 09:14:49]         DO → dissolved_oxygen         :  1,487,724 records (90 countries, 48,072 sites)
[2026-04-04 09:15:04]       NH4N → ammonium                 :    651,850 records (57 countries, 11,372 sites)
[2026-04-04 09:15:21]       NO2N → nitrite                  :    720,944 records (58 countries, 30,902 sites)
[2026-04-04 09:15:50]       NO3N → nitrate                  :  1,229,584 records (84 countries, 45,422 sites)
[2026-04-04 09:15:51]         PC → chlorophyll_a            :     51,049 records (1 countries, 2,898 sites)
[2026-04-04 09:15:51]        PIC → SKIPPED (no canonical mapping)
[2026-04-04 09:15:51]         PN → SKIPPED (no canonical mapping)
[2026-04-04 09:15:51]        POC → SKIPPED (no canonical mapping)
[2026-04-04 09:15:51]        PON → SKIPPED (no canonical mapping)
[2026-04-04 09:15:51]        POP → SKIPPED (no canonical mapping)
[2026-04-04 09:16:08]        TAN → ammonia                  :    717,776 records (2 countries, 27,980 sites)
[2026-04-04 09:16:08]         TC → SKIPPED (no canonical mapping)
[2026-04-04 09:16:08]        TDN → SKIPPED (no canonical mapping)
[2026-04-04 09:16:19]        TDP → dissolved_phosphorus     :    470,473 records (25 countries, 18,312 sites)
[2026-04-04 09:17:26]       TEMP → water_temperature        :  2,991,485 records (94 countries, 82,889 sites)
[2026-04-04 09:17:26]        TIC → SKIPPED (no canonical mapping)
[2026-04-04 09:17:26]        TIN → SKIPPED (no canonical mapping)
[2026-04-04 09:17:26]        TIP → SKIPPED (no canonical mapping)
[2026-04-04 09:17:36]        TKN → total_kjeldahl_nitrogen  :    425,595 records (30 countries, 9,418 sites)
[2026-04-04 09:17:59]         TN → total_nitrogen           :    987,294 records (40 countries, 28,548 sites)
[2026-04-04 09:18:10]        TOC → total_organic_carbon     :    481,066 records (45 countries, 18,260 sites)
[2026-04-04 09:18:10]        TON → SKIPPED (no canonical mapping)
[2026-04-04 09:18:10]        TOP → SKIPPED (no canonical mapping)
[2026-04-04 09:18:10]        TPP → SKIPPED (no canonical mapping)
[2026-04-04 09:18:49]         TP → total_phosphorus         :  1,607,092 records (72 countries, 42,658 sites)
[2026-04-04 09:19:06]        TSS → total_suspended_solids   :    754,336 records (86 countries, 18,885 sites)
[2026-04-04 09:20:08]         pH → ph                       :  2,723,605 records (105 countries, 79,663 sites)
[2026-04-04 09:20:08] 
Total ingested: 17,988,388 records
[2026-04-04 09:20:27] 
Top 20 countries:
[2026-04-04 09:20:27]   United States       :  9,979,532
[2026-04-04 09:20:27]   USA                 :  1,192,527
[2026-04-04 09:20:27]   South Africa        :  1,113,157
[2026-04-04 09:20:27]   Germany             :  1,107,072
[2026-04-04 09:20:27]   Mexico              :    943,564
[2026-04-04 09:20:27]   Canada              :    656,738
[2026-04-04 09:20:27]   Australia           :    524,879
[2026-04-04 09:20:27]   United States of America (the):    398,618
[2026-04-04 09:20:27]   France              :    352,568
[2026-04-04 09:20:27]   Brazil              :    181,770
[2026-04-04 09:20:27]   New Zealand         :    149,012
[2026-04-04 09:20:27]   UK                  :    113,529
[2026-04-04 09:20:27]   Belgium             :    106,396
[2026-04-04 09:20:27]   Norway              :     82,946
[2026-04-04 09:20:27]   Spain               :     70,383
[2026-04-04 09:20:27]   India               :     65,295
[2026-04-04 09:20:27]   Japan               :     62,872
[2026-04-04 09:20:27]   PL                  :     56,464
[2026-04-04 09:20:27]   United Kingdom of Great Britain and Northern Ireland (the):     55,985
[2026-04-04 09:20:27]   CH                  :     55,558
[2026-04-04 09:20:28] 
Unique sites: 94,903
[2026-04-04 09:20:29] Unique H3 cells: 80,275
[2026-04-04 09:20:29] Date range: 1894-08-30 00:00:00 to 2020-11-13 00:00:00
[2026-04-04 09:20:29] DONE
