[19:25:47] INFO     Device: cuda                                                
           INFO     NEON parquet:                                               
                    /home/bcheng/SENTINEL/data/raw/neon_aquatic/neon_DP1.20288.0
                    01_consolidated.parquet                                     
[19:25:49] INFO     AquaSSM loaded                                              
[19:25:50] INFO     Fusion + AnomalyHead loaded                                 
           INFO     Reading NEON parquet columns...                             
[19:26:08] INFO     Loaded 62,670,845 rows in 17.5s                             
[19:26:12] INFO     Sites: 32 — ['ARIK', 'BARC', 'BIGC', 'BLDE', 'BLUE', 'BLWA',
                    'CARI', 'COMO', 'CRAM', 'CUPE', 'FLNT', 'GUIL', 'HOPB',     
                    'KING', 'LECO', 'LEWI', 'LIRO', 'MART', 'MAYF', 'MCDI',     
                    'MCRA', 'OKSR', 'POSE', 'PRIN', 'PRLA', 'PRPO', 'REDB',     
                    'SUGG', 'SYCA', 'TOMB', 'TOOK', 'WALK']                     
[19:26:15] INFO     [1/32] ARIK: 3,027,326 rows                                 
[19:27:10] INFO       → 1065 windows, max_score=0.0000, mean=0.0000  [54.9s]    
[19:27:14] INFO     [2/32] BARC: 302,445 rows                                   
[19:28:03] INFO       → 983 windows, max_score=0.0000, mean=0.0000  [49.2s]     
[19:28:07] INFO     [3/32] BIGC: 3,300,930 rows                                 
[19:29:55] INFO       → 1011 windows, max_score=0.0000, mean=0.0000  [108.2s]   
[19:30:02] INFO     [4/32] BLDE: 3,157,199 rows                                 
[19:31:14] INFO       → 1087 windows, max_score=0.0000, mean=0.0000  [72.4s]    
[19:31:19] INFO     [5/32] BLUE: 1,590,061 rows                                 
[19:31:58] INFO       → 582 windows, max_score=0.0000, mean=0.0000  [39.1s]     
[19:32:03] INFO     [6/32] BLWA: 350,657 rows                                   
[19:33:21] INFO       → 1048 windows, max_score=0.0000, mean=0.0000  [78.0s]    
[19:33:28] INFO     [7/32] CARI: 3,022,973 rows                                 
[19:34:32] INFO       → 962 windows, max_score=0.0000, mean=0.0000  [64.3s]     
[19:34:37] INFO     [8/32] COMO: 3,077,732 rows                                 
[19:35:43] INFO       → 1057 windows, max_score=0.0000, mean=0.0000  [66.1s]    
[19:35:47] INFO     [9/32] CRAM: 326,454 rows                                   
[19:36:40] INFO       → 948 windows, max_score=0.0000, mean=0.0000  [53.1s]     
[19:36:45] INFO     [10/32] CUPE: 3,021,628 rows                                
[19:37:53] INFO       → 1068 windows, max_score=0.0000, mean=0.0000  [67.9s]    
[19:37:57] INFO     [11/32] FLNT: 291,638 rows                                  
[19:39:01] INFO       → 1045 windows, max_score=0.0000, mean=0.0000  [64.0s]    
[19:39:08] INFO     [12/32] GUIL: 3,244,802 rows                                
[19:40:23] INFO       → 1039 windows, max_score=0.0000, mean=0.0000  [75.6s]    
[19:40:29] INFO     [13/32] HOPB: 3,201,578 rows                                
[19:41:41] INFO       → 1092 windows, max_score=0.0000, mean=0.0000  [72.3s]    
[19:41:46] INFO     [14/32] KING: 2,761,142 rows                                
[19:42:56] INFO       → 1094 windows, max_score=0.0000, mean=0.0000  [70.5s]    
[19:43:01] INFO     [15/32] LECO: 3,066,244 rows                                
[19:44:15] INFO       → 1094 windows, max_score=0.0000, mean=0.0000  [73.8s]    
[19:44:20] INFO     [16/32] LEWI: 3,119,563 rows                                
[19:45:19] INFO       → 1091 windows, max_score=0.0000, mean=0.0000  [58.4s]    
[19:45:22] INFO     [17/32] LIRO: 293,902 rows                                  
[19:46:05] INFO       → 835 windows, max_score=0.0000, mean=0.0000  [42.5s]     
[19:46:09] INFO     [18/32] MART: 3,198,746 rows                                
[19:47:08] INFO       → 1094 windows, max_score=0.0000, mean=0.0000  [59.0s]    
[19:47:11] INFO     [19/32] MAYF: 3,728,622 rows                                
[19:48:00] INFO       → 925 windows, max_score=0.0000, mean=0.0000  [49.1s]     
[19:48:04] INFO     [20/32] MCDI: 3,295,167 rows                                
[19:49:01] INFO       → 1094 windows, max_score=0.0000, mean=0.0000  [57.5s]    
[19:49:05] INFO     [21/32] MCRA: 3,243,388 rows                                
[19:50:00] INFO       → 1088 windows, max_score=0.0000, mean=0.0000  [54.7s]    
[19:50:03] INFO     [22/32] OKSR: 2,408,078 rows                                
[19:50:38] INFO       → 662 windows, max_score=0.0000, mean=0.0000  [35.3s]     
[19:50:42] INFO     [23/32] POSE: 2,811,413 rows                                
[19:51:36] INFO       → 1077 windows, max_score=0.0000, mean=0.0000  [54.8s]    
[19:51:40] INFO     [24/32] PRIN: 2,892,048 rows                                
[19:52:34] INFO       → 1071 windows, max_score=0.0000, mean=0.0000  [54.0s]    
[19:52:37] INFO     [25/32] PRLA: 280,679 rows                                  
[19:53:20] INFO       → 857 windows, max_score=0.0000, mean=0.0000  [43.2s]     
[19:53:24] INFO     [26/32] PRPO: 276,368 rows                                  
[19:54:09] INFO       → 904 windows, max_score=0.0000, mean=0.0000  [45.7s]     
[19:54:14] INFO     [27/32] REDB: 2,893,421 rows                                
[19:55:17] INFO       → 1035 windows, max_score=0.0000, mean=0.0000  [62.8s]    
[19:55:22] INFO     [28/32] SUGG: 194,326 rows                                  
[19:55:54] INFO       → 575 windows, max_score=0.0000, mean=0.0000  [31.3s]     
[19:56:01] INFO     [29/32] SYCA: 178,711 rows                                  
[19:56:05] INFO       → 46 windows, max_score=0.0000, mean=0.0000  [3.8s]       
[19:56:22] INFO     [30/32] TOMB: 9,068 rows                                    
[19:56:26] INFO       → 43 windows, max_score=0.0000, mean=0.0000  [3.3s]       
[19:56:30] INFO     [31/32] TOOK: 17,996 rows                                   
[19:56:33] INFO       → 33 windows, max_score=0.0000, mean=0.0000  [3.6s]       
[19:56:37] INFO     [32/32] WALK: 86,540 rows                                   
[19:56:40] INFO       → 39 windows, max_score=0.0000, mean=0.0000  [3.6s]       
           INFO                                                                 
                    Results saved to                                            
                    /home/bcheng/SENTINEL/results/neon_anomaly_scan/neon_scan_re
                    sults.json                                                  
           INFO                                                                 
                    === TOP ANOMALOUS NEON SITES ===                            
[19:56:41] INFO     Site          MaxScore  MeanScore  LabelRate  Windows       
           INFO     -------------------------------------------------------     
           INFO     ARIK            0.0000     0.0000      27.2%     1065       
           INFO     BARC            0.0000     0.0000     100.0%      983       
           INFO     BIGC            0.0000     0.0000      26.1%     1011       
           INFO     BLDE            0.0000     0.0000       8.8%     1087       
           INFO     BLUE            0.0000     0.0000      17.5%      582       
           INFO     BLWA            0.0000     0.0000       2.7%     1048       
           INFO     CARI            0.0000     0.0000      16.8%      962       
           INFO     COMO            0.0000     0.0000       7.9%     1057       
           INFO     CRAM            0.0000     0.0000      94.3%      948       
           INFO     CUPE            0.0000     0.0000      22.8%     1068       
           INFO     FLNT            0.0000     0.0000       0.2%     1045       
           INFO     GUIL            0.0000     0.0000      24.6%     1039       
           INFO     HOPB            0.0000     0.0000       3.8%     1092       
           INFO     KING            0.0000     0.0000      29.6%     1094       
           INFO     LECO            0.0000     0.0000      20.3%     1094       
           INFO                                                                 
                    Total elapsed: 1853.9s                                      
