[2026-04-04 09:08:47] ============================================================
[2026-04-04 09:08:47] Processing USGS NWIS Parquets → AquaSSM Training Data
[2026-04-04 09:08:47] ============================================================
[2026-04-04 09:08:47] Found 277 parquet files in data/raw/sensor/full
[2026-04-04 09:08:47] Already processed: 0 stations
[2026-04-04 09:09:04]   Progress: 25/277 (processed=25, seqs=9934, skipped=0)
[2026-04-04 09:09:16]   Progress: 50/277 (processed=50, seqs=17220, skipped=0)
[2026-04-04 09:09:29]   Progress: 75/277 (processed=75, seqs=25271, skipped=0)
[2026-04-04 09:09:48]   Progress: 100/277 (processed=100, seqs=37340, skipped=0)
[2026-04-04 09:10:07]   Progress: 125/277 (processed=125, seqs=49617, skipped=0)
[2026-04-04 09:10:20]   Progress: 150/277 (processed=150, seqs=58414, skipped=0)
[2026-04-04 09:10:33]   Progress: 175/277 (processed=175, seqs=66970, skipped=0)
[2026-04-04 09:10:46]   Progress: 200/277 (processed=200, seqs=76059, skipped=0)
[2026-04-04 09:10:58]   Progress: 225/277 (processed=225, seqs=85459, skipped=0)
[2026-04-04 09:11:09]   Progress: 250/277 (processed=250, seqs=93796, skipped=0)
[2026-04-04 09:11:20]   Progress: 275/277 (processed=275, seqs=101889, skipped=0)
[2026-04-04 09:11:44] 
Done! Total sequences: 102531
[2026-04-04 09:11:44]   Normal: 84990
[2026-04-04 09:11:44]   Anomalous: 17541
[2026-04-04 09:11:44]   Anomaly rate: 17.1%
[2026-04-04 09:11:44] DONE
