[2026-04-04 09:08:13] ============================================================
[2026-04-04 09:08:13] Processing USGS NWIS Parquets → AquaSSM Training Data
[2026-04-04 09:08:13] ============================================================
[2026-04-04 09:08:13] Found 277 parquet files in data/raw/sensor/full
[2026-04-04 09:08:13] Already processed: 0 stations
[2026-04-04 09:08:13]   Progress: 25/277 (processed=25, seqs=0, skipped=0)
[2026-04-04 09:08:13]   Progress: 50/277 (processed=50, seqs=0, skipped=0)
[2026-04-04 09:08:14]   Progress: 75/277 (processed=75, seqs=0, skipped=0)
[2026-04-04 09:08:14]   Progress: 100/277 (processed=100, seqs=0, skipped=0)
[2026-04-04 09:08:14]   Progress: 125/277 (processed=125, seqs=0, skipped=0)
[2026-04-04 09:08:14]   Progress: 150/277 (processed=150, seqs=0, skipped=0)
[2026-04-04 09:08:15]   Progress: 175/277 (processed=175, seqs=0, skipped=0)
[2026-04-04 09:08:15]   Progress: 200/277 (processed=200, seqs=0, skipped=0)
[2026-04-04 09:08:15]   Progress: 225/277 (processed=225, seqs=0, skipped=0)
[2026-04-04 09:08:16]   Progress: 250/277 (processed=250, seqs=0, skipped=0)
[2026-04-04 09:08:16]   Progress: 275/277 (processed=275, seqs=0, skipped=0)
[2026-04-04 09:08:16] 
Done! Total sequences: 0
[2026-04-04 09:08:16]   Normal: 0
[2026-04-04 09:08:16]   Anomalous: 0
[2026-04-04 09:08:16]   Anomaly rate: 0.0%
[2026-04-04 09:08:16] DONE
