[2026-04-04 13:13:13] ============================================================
[2026-04-04 13:13:13] Processing USGS NWIS Parquets → AquaSSM Training Data
[2026-04-04 13:13:13] ============================================================
[2026-04-04 13:13:13] Found 786 parquet files in data/raw/sensor/full
[2026-04-04 13:13:13] Already processed: 277 stations
[2026-04-04 13:13:27]   Progress: 97/786 (processed=25, seqs=8424, skipped=72)
[2026-04-04 13:13:41]   Progress: 222/786 (processed=50, seqs=17749, skipped=172)
[2026-04-04 13:13:54]   Progress: 270/786 (processed=75, seqs=26433, skipped=195)
[2026-04-04 13:14:04]   Progress: 313/786 (processed=100, seqs=32974, skipped=213)
[2026-04-04 13:14:17]   Progress: 351/786 (processed=125, seqs=40662, skipped=226)
[2026-04-04 13:14:29]   Progress: 423/786 (processed=150, seqs=48104, skipped=273)
[2026-04-04 13:14:43]   Progress: 452/786 (processed=175, seqs=56117, skipped=277)
[2026-04-04 13:14:49]   Progress: 477/786 (processed=200, seqs=59702, skipped=277)
[2026-04-04 13:14:58]   Progress: 502/786 (processed=225, seqs=65185, skipped=277)
[2026-04-04 13:15:09]   Progress: 527/786 (processed=250, seqs=71637, skipped=277)
[2026-04-04 13:15:20]   Progress: 552/786 (processed=275, seqs=78310, skipped=277)
[2026-04-04 13:15:32]   Progress: 577/786 (processed=300, seqs=85915, skipped=277)
[2026-04-04 13:15:42]   Progress: 602/786 (processed=325, seqs=92141, skipped=277)
[2026-04-04 13:15:54]   Progress: 627/786 (processed=350, seqs=99591, skipped=277)
[2026-04-04 13:16:06]   Progress: 652/786 (processed=375, seqs=106961, skipped=277)
[2026-04-04 13:16:17]   Progress: 677/786 (processed=400, seqs=113852, skipped=277)
[2026-04-04 13:16:25]   Progress: 702/786 (processed=425, seqs=119349, skipped=277)
[2026-04-04 13:16:37]   Progress: 727/786 (processed=450, seqs=126848, skipped=277)
[2026-04-04 13:16:45]   Progress: 752/786 (processed=475, seqs=131894, skipped=277)
[2026-04-04 13:16:55]   Progress: 777/786 (processed=500, seqs=138005, skipped=277)
[2026-04-04 13:18:49] 
Done! Total sequences: 241585
[2026-04-04 13:18:49]   Normal: 201462
[2026-04-04 13:18:49]   Anomalous: 40123
[2026-04-04 13:18:49]   Anomaly rate: 16.6%
[2026-04-04 13:18:49] DONE
