[23:59:32] ============================================================
[23:59:32] Expanding HydroViT paired satellite-WQ dataset
[23:59:32] ============================================================
[23:59:32] Loading GRQA data (2015-2020)...
[23:59:32]   GRQA TSS: 87617 records
[23:59:32]   GRQA TN: 126515 records
[23:59:32]   GRQA TP: 161260 records
[23:59:33]   GRQA DO: 151809 records
[23:59:33]   GRQA NH4N: 29602 records
[23:59:33]   GRQA NO3N: 134600 records
[23:59:33]   GRQA pH: 159364 records
[23:59:33]   GRQA TEMP: 192559 records
[23:59:33]   GRQA PC: 17224 records
[23:59:33]   Total GRQA records: 1060550
[23:59:33] Loading EPA WQP data...
[23:59:53]   WQP coordinate lookup: 73293 sites
[00:00:14]   Total WQP records with coordinates: 313734
[00:00:14] Selecting diverse site-date pairs...
[00:00:20]   Total unique site-date pairs: 291985
[00:00:20]   Parameter coverage distribution:
[00:00:20]     1 params: 54007 pairs
[00:00:20]     2 params: 36097 pairs
[00:00:20]     3 params: 51743 pairs
[00:00:20]     4 params: 27573 pairs
[00:00:20]     5 params: 28033 pairs
[00:00:20]     6 params: 28487 pairs
[00:00:20]     7 params: 57650 pairs
[00:00:20]     8 params: 8093 pairs
[00:00:20]     9 params: 222 pairs
/home/bcheng/SENTINEL/scripts/expand_satellite_wq_pairs.py:224: SettingWithCopyWarning: 
A value is trying to be set on a copy of a slice from a DataFrame.
Try using .loc[row_indexer,col_indexer] = value instead

See the caveats in the documentation: https://pandas.pydata.org/pandas-docs/stable/user_guide/indexing.html#returning-a-view-versus-a-copy
  candidates["lat_bin"] = (candidates["latitude"] // 1).astype(int)
/home/bcheng/SENTINEL/scripts/expand_satellite_wq_pairs.py:225: SettingWithCopyWarning: 
A value is trying to be set on a copy of a slice from a DataFrame.
Try using .loc[row_indexer,col_indexer] = value instead

See the caveats in the documentation: https://pandas.pydata.org/pandas-docs/stable/user_guide/indexing.html#returning-a-view-versus-a-copy
  candidates["lon_bin"] = (candidates["longitude"] // 1).astype(int)
/home/bcheng/SENTINEL/scripts/expand_satellite_wq_pairs.py:226: SettingWithCopyWarning: 
A value is trying to be set on a copy of a slice from a DataFrame.
Try using .loc[row_indexer,col_indexer] = value instead

See the caveats in the documentation: https://pandas.pydata.org/pandas-docs/stable/user_guide/indexing.html#returning-a-view-versus-a-copy
  candidates["cell"] = candidates["lat_bin"].astype(str) + "_" + candidates["lon_bin"].astype(str)
[00:00:20]   Selected 1116 pairs across 170 geographic cells
[00:00:20]   Mean params per pair: 8.1
[00:00:20]   Pairs with optical params: 1116
[00:00:21] 
Downloading Sentinel-2 tiles for 1116 site-date pairs...
[00:00:21] Using 6 parallel workers
[00:00:21]   Already downloaded: 402
[00:00:21]   To download: 714
[00:00:42]   Progress: 25/714 (ok=0, skip=402, fail=25) [1.2/s, ETA 10m]
[00:01:15]   Progress: 50/714 (ok=0, skip=402, fail=50) [0.9/s, ETA 12m]
[00:01:33]   Progress: 75/714 (ok=0, skip=402, fail=75) [1.0/s, ETA 10m]
[00:01:46]   Progress: 100/714 (ok=0, skip=402, fail=100) [1.2/s, ETA 9m]
[00:02:35]   Progress: 125/714 (ok=10, skip=402, fail=115) [0.9/s, ETA 11m]
[00:03:39]   Progress: 150/714 (ok=21, skip=402, fail=129) [0.8/s, ETA 12m]
[00:04:53]   Progress: 175/714 (ok=38, skip=402, fail=137) [0.6/s, ETA 14m]
[00:06:16]   Progress: 200/714 (ok=59, skip=402, fail=141) [0.6/s, ETA 15m]
[00:07:31]   Progress: 225/714 (ok=77, skip=402, fail=148) [0.5/s, ETA 16m]
[00:08:46]   Progress: 250/714 (ok=88, skip=402, fail=162) [0.5/s, ETA 16m]
[00:10:21]   Progress: 275/714 (ok=110, skip=402, fail=165) [0.5/s, ETA 16m]
[00:11:42]   Progress: 300/714 (ok=127, skip=402, fail=173) [0.4/s, ETA 16m]
[00:13:01]   Progress: 325/714 (ok=147, skip=402, fail=178) [0.4/s, ETA 15m]
[00:14:41]   Progress: 350/714 (ok=171, skip=402, fail=179) [0.4/s, ETA 15m]
[00:16:13]   Progress: 375/714 (ok=194, skip=402, fail=181) [0.4/s, ETA 14m]
[00:17:12]   Progress: 400/714 (ok=210, skip=402, fail=190) [0.4/s, ETA 13m]
[00:18:36]   Progress: 425/714 (ok=234, skip=402, fail=191) [0.4/s, ETA 12m]
[00:20:11]   Progress: 450/714 (ok=256, skip=402, fail=194) [0.4/s, ETA 12m]
[00:21:56]   Progress: 475/714 (ok=281, skip=402, fail=194) [0.4/s, ETA 11m]
[00:23:37]   Progress: 500/714 (ok=301, skip=402, fail=199) [0.4/s, ETA 10m]
[00:25:02]   Progress: 525/714 (ok=318, skip=402, fail=207) [0.4/s, ETA 9m]
[00:26:22]   Progress: 550/714 (ok=333, skip=402, fail=217) [0.4/s, ETA 8m]
[00:28:18]   Progress: 575/714 (ok=355, skip=402, fail=220) [0.3/s, ETA 7m]
[00:30:09]   Progress: 600/714 (ok=375, skip=402, fail=225) [0.3/s, ETA 6m]
[00:31:35]   Progress: 625/714 (ok=394, skip=402, fail=231) [0.3/s, ETA 4m]
[00:32:54]   Progress: 650/714 (ok=412, skip=402, fail=238) [0.3/s, ETA 3m]
[00:34:25]   Progress: 675/714 (ok=431, skip=402, fail=244) [0.3/s, ETA 2m]
[00:35:21]   Progress: 700/714 (ok=442, skip=402, fail=258) [0.3/s, ETA 1m]
[00:35:41]   Progress: 714/714 (ok=445, skip=402, fail=269) [0.3/s, ETA 0m]
[00:35:41] 
Download complete: 445 new + 402 existing, 269 failed
[00:35:41] Total time: 35.3 minutes
[00:35:41] Building expanded paired dataset...
[00:35:41]   Found 847 downloaded tiles
[00:35:41]   Found 2139 original tiles
[00:37:51]   Saved 847 paired samples to /home/bcheng/SENTINEL/data/processed/satellite/paired_wq_expanded.npz
[00:37:51]   Image shape: (847, 10, 224, 224)
[00:37:51]   Target shape: (847, 16)
[00:37:51]   Per-parameter coverage:
[00:37:51]     chl_a: 92/847 (11%)
[00:37:51]     turbidity: 472/847 (56%)
[00:37:51]     tss: 550/847 (65%)
[00:37:51]     TN: 843/847 (100%)
[00:37:51]     TP: 844/847 (100%)
[00:37:51]     DO: 844/847 (100%)
[00:37:51]     NH4N: 314/847 (37%)
[00:37:51]     NO3N: 807/847 (95%)
[00:37:51]     pH: 845/847 (100%)
[00:37:51]     temp: 847/847 (100%)
[00:37:51]     PC: 432/847 (51%)
[00:37:51] 
Final paired dataset: 847 samples
[00:37:51] ============================================================
