[2026-04-05 23:54:35] ======================================================================
[2026-04-05 23:54:35] STEP 1: Discovering USGS NWIS water quality stations (smart mode)
[2026-04-05 23:54:35] ======================================================================
[2026-04-05 23:54:35] Loaded cached smart catalog: 1650 qualified stations
[2026-04-05 23:54:35] ======================================================================
[2026-04-05 23:54:35] STEP 2: Downloading IV data for 1650 qualified stations
[2026-04-05 23:54:35] ======================================================================
[2026-04-05 23:54:35] Already have 1130 parquet files
[2026-04-05 23:55:54]   Progress: 125/1650 (downloaded=101, failed=24, skipped_existing=101)
[2026-04-05 23:57:50]   Progress: 300/1650 (downloaded=244, failed=56, skipped_existing=244)
[2026-04-05 23:59:20]   Progress: 350/1650 (downloaded=273, failed=77, skipped_existing=273)
[2026-04-06 00:00:13]   Progress: 450/1650 (downloaded=360, failed=90, skipped_existing=360)
[2026-04-06 00:00:24]   Progress: 475/1650 (downloaded=381, failed=94, skipped_existing=381)
[2026-04-06 00:01:15]   Progress: 625/1650 (downloaded=514, failed=111, skipped_existing=514)
[2026-04-06 00:02:12]   Progress: 650/1650 (downloaded=515, failed=135, skipped_existing=515)
[2026-04-06 00:03:14]   Progress: 675/1650 (downloaded=515, failed=160, skipped_existing=515)
[2026-04-06 00:04:14]   Progress: 700/1650 (downloaded=516, failed=184, skipped_existing=516)
[2026-04-06 00:04:45]   Progress: 725/1650 (downloaded=528, failed=197, skipped_existing=528)
[2026-04-06 00:06:17]   Progress: 800/1650 (downloaded=568, failed=232, skipped_existing=568)
[2026-04-06 00:07:33]   Progress: 850/1650 (downloaded=595, failed=255, skipped_existing=595)
[2026-04-06 00:09:09]   Progress: 1050/1650 (downloaded=756, failed=294, skipped_existing=756)
[2026-04-06 00:10:32]   Progress: 1100/1650 (downloaded=790, failed=310, skipped_existing=790)
[2026-04-06 00:11:45]   Progress: 1150/1650 (downloaded=817, failed=333, skipped_existing=817)
[2026-04-06 00:12:36]   Progress: 1175/1650 (downloaded=821, failed=354, skipped_existing=821)
[2026-04-06 00:13:34]   Progress: 1225/1650 (downloaded=853, failed=372, skipped_existing=853)
[2026-04-06 00:14:11]   Progress: 1250/1650 (downloaded=863, failed=387, skipped_existing=863)
[2026-04-06 00:14:57]   Progress: 1275/1650 (downloaded=869, failed=406, skipped_existing=869)
[2026-04-06 00:16:24]   Progress: 1425/1650 (downloaded=991, failed=434, skipped_existing=991)
[2026-04-06 00:18:02]   Progress: 1475/1650 (downloaded=1021, failed=454, skipped_existing=1021)
[2026-04-06 00:18:14]   Progress: 1500/1650 (downloaded=1041, failed=459, skipped_existing=1041)
[2026-04-06 00:19:06]   Progress: 1550/1650 (downloaded=1081, failed=469, skipped_existing=1081)
[2026-04-06 00:21:44]   Progress: 1600/1650 (downloaded=1104, failed=496, skipped_existing=1104)
[2026-04-06 00:22:11]   Progress: 1625/1650 (downloaded=1118, failed=507, skipped_existing=1118)
[2026-04-06 00:22:43]   Progress: 1650/1650 (downloaded=1130, failed=520, skipped_existing=1130)
[2026-04-06 00:22:43] Download complete: 1130 stations with data, 520 failed
