[08:46:56] INFO     Data: 1000 samples, 1000 genes, 7 outcomes, 200 pathways    
           INFO     Hierarchy: genes(1000) → pathways(200) → processes(12) →    
                    outcomes(7)                                                 
           INFO     Split: 700/150/150                                          
           INFO     ToxiGene: 420,391 parameters                                
[08:46:58] INFO     Ep   1/80 | Loss: 5.9477 | Train F1: 0.4101 | Val F1: 0.3919
                    | Genes: 0                                                  
[08:47:02] INFO     Ep  10/80 | Loss: 5.1386 | Train F1: 0.6464 | Val F1: 0.7117
                    | Genes: 0                                                  
[08:47:07] INFO     Ep  20/80 | Loss: 4.5111 | Train F1: 0.6699 | Val F1: 0.7278
                    | Genes: 0                                                  
[08:47:12] INFO     Ep  30/80 | Loss: 4.0443 | Train F1: 0.7033 | Val F1: 0.7284
                    | Genes: 0                                                  
[08:47:17] INFO     Ep  40/80 | Loss: 3.7376 | Train F1: 0.8150 | Val F1: 0.8659
                    | Genes: 0                                                  
[08:47:22] INFO     Ep  50/80 | Loss: 3.5250 | Train F1: 0.8380 | Val F1: 0.8839
                    | Genes: 0                                                  
[08:47:28] INFO     Ep  60/80 | Loss: 3.4045 | Train F1: 0.8499 | Val F1: 0.8971
                    | Genes: 0                                                  
[08:47:36] INFO     Ep  70/80 | Loss: 3.3495 | Train F1: 0.8512 | Val F1: 0.8925
                    | Genes: 0                                                  
[08:47:44] INFO     Ep  80/80 | Loss: 3.3518 | Train F1: 0.8490 | Val F1: 0.8959
                    | Genes: 0                                                  
           INFO     ============================================================
           INFO     TEST RESULTS                                                
           INFO     ============================================================
           INFO       Outcome 0: F1 = 0.9107                                    
           INFO       Outcome 1: F1 = 0.9103                                    
           INFO       Outcome 2: F1 = 0.7500                                    
           INFO       Outcome 3: F1 = 0.8966                                    
           INFO       Outcome 4: F1 = 0.9390                                    
           INFO       Outcome 5: F1 = 0.9273                                    
           INFO       Outcome 6: F1 = 0.9245                                    
           INFO                                                                 
                      Macro F1: 0.8941                                          
           INFO       Accuracy: 0.9276                                          
           INFO       Selected genes: 0/1000                                    
           INFO     *** HARD THRESHOLD MET ***                                  
           INFO     Time: 0.8m                                                  
           INFO     DONE                                                        
