[05:08:41] INFO     ============================================================
                    ==========                                                  
           INFO     HydroViT v9 — CNN-ViT hybrid + per-param band attention     
           INFO       Data:   data/processed/satellite/paired_wq_v5.npz         
           INFO       Device: cuda:2                                            
           INFO       Grad accum: 4 (effective batch=32)                        
           INFO     ============================================================
                    ==========                                                  
[05:10:36] INFO     Split: 3826 train / 819 val / 819 test                      
/home/bcheng/SENTINEL/scripts/train_hydrovit_v9.py:439: RuntimeWarning: Mean of empty slice
  self.mean = np.nanmean(targets_norm, axis=0)
/home/bcheng/.conda/envs/physiformer/lib/python3.10/site-packages/numpy/lib/_nanfunctions_impl.py:2019: RuntimeWarning: Degrees of freedom <= 0 for slice.
  var = nanvar(a, axis=axis, dtype=dtype, out=out, ddof=ddof,
Unexpected keys: ['head.weight', 'head.bias']
[05:14:26] INFO     Loaded pretrained backbone: 0 missing, 0 unexpected keys    
[05:14:28] INFO     Model: 41,973,805 trainable parameters                      
           INFO       CNN extractor+adapter+agg: 91,613                         
           INFO       ViT encoder:               40,796,000                     
           INFO       WQ head:                   1,123,856                      
           INFO                                                                 
                    --- Phase 1: CNN + head training (ViT frozen) ---           
[05:19:30] INFO     [Phase1-CNN+Head] Ep  10/80 | tr=0.5382 val=0.5882 |        
                    mean_R2=0.1963 wt=0.6578 chl_a=-0.1243                      
           INFO       -> New best mean R2: 0.1963 (wt=0.6578)                   
[05:24:13] INFO     [Phase1-CNN+Head] Ep  20/80 | tr=0.4594 val=0.4828 |        
                    mean_R2=0.3447 wt=0.7790 chl_a=0.5211                       
           INFO       -> New best mean R2: 0.3447 (wt=0.7790)                   
[05:29:18] INFO     [Phase1-CNN+Head] Ep  30/80 | tr=0.4035 val=0.4394 |        
                    mean_R2=0.3743 wt=0.8312 chl_a=0.3873                       
[05:29:19] INFO       -> New best mean R2: 0.3743 (wt=0.8312)                   
[05:34:26] INFO     [Phase1-CNN+Head] Ep  40/80 | tr=0.3520 val=0.4158 |        
                    mean_R2=0.3989 wt=0.8334 chl_a=0.4284                       
[05:34:28] INFO       -> New best mean R2: 0.3989 (wt=0.8334)                   
[05:39:33] INFO     [Phase1-CNN+Head] Ep  50/80 | tr=0.3024 val=0.3738 |        
                    mean_R2=0.4634 wt=0.8459 chl_a=0.4874                       
           INFO       -> New best mean R2: 0.4634 (wt=0.8459)                   
[05:44:38] INFO     [Phase1-CNN+Head] Ep  60/80 | tr=0.2611 val=0.3460 |        
                    mean_R2=0.5182 wt=0.8469 chl_a=0.5609                       
[05:44:39] INFO       -> New best mean R2: 0.5182 (wt=0.8469)                   
[05:49:48] INFO     [Phase1-CNN+Head] Ep  70/80 | tr=0.2454 val=0.3877 |        
                    mean_R2=0.4671 wt=0.8173 chl_a=0.4160                       
[05:54:09] INFO     [Phase1-CNN+Head] Ep  80/80 | tr=0.2341 val=0.3185 |        
                    mean_R2=0.5395 wt=0.8710 chl_a=0.5597                       
           INFO       -> New best mean R2: 0.5395 (wt=0.8710)                   
           INFO     Phase 1 best: water_temp R2=0.8710, mean R2=0.5395          
           INFO                                                                 
                    --- Phase 2: Full fine-tune ---                             
[05:58:56] INFO     [Phase2-Finetune] Ep  10/120 | tr=0.3078 val=0.3810 |       
                    mean_R2=0.4465 wt=0.8392 chl_a=0.1145                       
           INFO       -> New best mean R2: 0.4465 (wt=0.8392)                   
[06:03:45] INFO     [Phase2-Finetune] Ep  20/120 | tr=0.1906 val=0.3002 |       
                    mean_R2=0.5768 wt=0.8628 chl_a=0.3698                       
           INFO       -> New best mean R2: 0.5768 (wt=0.8628)                   
[06:08:32] INFO     [Phase2-Finetune] Ep  30/120 | tr=0.0899 val=0.2481 |       
                    mean_R2=0.6401 wt=0.8882 chl_a=0.3680                       
           INFO       -> New best mean R2: 0.6401 (wt=0.8882)                   
[06:13:21] INFO     [Phase2-Finetune] Ep  40/120 | tr=0.0492 val=0.2504 |       
                    mean_R2=0.6355 wt=0.8865 chl_a=0.4171                       
[06:18:11] INFO     [Phase2-Finetune] Ep  50/120 | tr=0.0312 val=0.2414 |       
                    mean_R2=0.6725 wt=0.8838 chl_a=0.5920                       
           INFO       -> New best mean R2: 0.6725 (wt=0.8838)                   
[06:23:02] INFO     [Phase2-Finetune] Ep  60/120 | tr=0.0222 val=0.2441 |       
                    mean_R2=0.6473 wt=0.8920 chl_a=0.4663                       
[06:27:54] INFO     [Phase2-Finetune] Ep  70/120 | tr=0.0157 val=0.2451 |       
                    mean_R2=0.6595 wt=0.8821 chl_a=0.4605                       
[06:32:50] INFO     [Phase2-Finetune] Ep  80/120 | tr=0.0114 val=0.2512 |       
                    mean_R2=0.6350 wt=0.8832 chl_a=0.3978                       
[06:37:50] INFO     [Phase2-Finetune] Ep  90/120 | tr=0.0087 val=0.2459 |       
                    mean_R2=0.6497 wt=0.8846 chl_a=0.4276                       
[06:42:41] INFO     [Phase2-Finetune] Ep 100/120 | tr=0.0071 val=0.2426 |       
                    mean_R2=0.6549 wt=0.8861 chl_a=0.4661                       
[06:47:43] INFO     [Phase2-Finetune] Ep 110/120 | tr=0.0061 val=0.2429 |       
                    mean_R2=0.6557 wt=0.8838 chl_a=0.4623                       
[06:52:48] INFO     [Phase2-Finetune] Ep 120/120 | tr=0.0065 val=0.2441 |       
                    mean_R2=0.6529 wt=0.8849 chl_a=0.4413                       
           INFO     Phase 2 best: water_temp R2=0.8838, mean R2=0.6725          
[06:52:49] INFO                                                                 
                    --- Final test evaluation ---                               
[06:52:55] INFO                                                                 
                    ============================================================
                    ====================                                        
           INFO                     Parameter | DenseNet121 | HydroViT v8 |     
                    HydroViT v9 |  v9 vs DN                                     
           INFO     ------------------------------------------------------------
                    --------------------                                        
           INFO                         chl_a |      0.7806 |      0.3640 |     
                    0.1422 |   -0.6384                                          
           INFO                     turbidity |      0.7783 |      0.7330 |     
                    0.7628 |   -0.0155                                          
           INFO                           tss |      0.6634 |      0.7470 |     
                    0.7629 |   +0.0995 +++                                      
           INFO                total_nitrogen |      0.7130 |      0.6320 |     
                    0.6533 |   -0.0597                                          
           INFO              total_phosphorus |      0.7584 |      0.7380 |     
                    0.7484 |   -0.0100                                          
           INFO              dissolved_oxygen |      0.7721 |      0.7720 |     
                    0.7760 |   +0.0039                                          
           INFO                       ammonia |      0.5783 |      0.5570 |     
                    0.5736 |   -0.0047                                          
           INFO                       nitrate |      0.8220 |      0.7460 |     
                    0.7770 |   -0.0450                                          
           INFO                            ph |      0.6352 |      0.6570 |     
                    0.6441 |   +0.0089                                          
           INFO                    water_temp |      0.8840 |      0.8720 |     
                    0.8927 |   +0.0087 ***                                      
           INFO                   phycocyanin |      0.3464 |      0.4670 |     
                    0.4437 |   +0.0973 +++                                      
           INFO     ------------------------------------------------------------
                    --------------------                                        
           INFO           MEAN (valid params) |      0.7029 |      0.6622 |     
                    0.6524 |                                                    
           INFO     ============================================================
                    ====================                                        
           INFO                                                                 
                    Saved checkpoint: checkpoints/satellite/hydrovit_wq_v9.pt   
           INFO     Saved results: results/benchmarks/hydrovit_v9_results.json  
           INFO     Total elapsed: 104.2 min                                    
           INFO                                                                 
                    === FINAL SUMMARY ===                                       
           INFO       water_temp R²:  0.8927  (v8=0.8716, DenseNet=0.884)       
           INFO       mean R²:        0.6524  (v8=0.6622, DenseNet=0.7029)      
           INFO       chl_a R²:       0.1422  (v8=0.364, DenseNet=0.7806)       
