[Mon Apr  6 05:24:07 PM EDT 2026] Waiting for download PID 1824668...
[Mon Apr  6 05:25:07 PM EDT 2026] Download running, 46 tiles cached
[Mon Apr  6 05:26:07 PM EDT 2026] Download running, 62 tiles cached
[Mon Apr  6 05:27:07 PM EDT 2026] Download running, 69 tiles cached
[Mon Apr  6 05:28:07 PM EDT 2026] Download running, 75 tiles cached
[Mon Apr  6 05:29:07 PM EDT 2026] Download running, 86 tiles cached
[Mon Apr  6 05:30:07 PM EDT 2026] Download running, 98 tiles cached
[Mon Apr  6 05:31:07 PM EDT 2026] Download running, 105 tiles cached
[Mon Apr  6 05:32:07 PM EDT 2026] Download running, 112 tiles cached
[Mon Apr  6 05:33:07 PM EDT 2026] Download running, 119 tiles cached
[Mon Apr  6 05:34:07 PM EDT 2026] Download running, 127 tiles cached
[Mon Apr  6 05:35:07 PM EDT 2026] Download running, 136 tiles cached
[Mon Apr  6 05:36:07 PM EDT 2026] Download running, 149 tiles cached
[Mon Apr  6 05:37:07 PM EDT 2026] Download running, 160 tiles cached
[Mon Apr  6 05:38:07 PM EDT 2026] Download running, 171 tiles cached
[Mon Apr  6 05:39:07 PM EDT 2026] Download running, 181 tiles cached
[Mon Apr  6 05:40:07 PM EDT 2026] Download running, 188 tiles cached
[Mon Apr  6 05:41:07 PM EDT 2026] Download running, 198 tiles cached
[Mon Apr  6 05:42:07 PM EDT 2026] Download running, 209 tiles cached
[Mon Apr  6 05:43:07 PM EDT 2026] Download running, 217 tiles cached
[Mon Apr  6 05:44:07 PM EDT 2026] Download running, 226 tiles cached
[Mon Apr  6 05:45:07 PM EDT 2026] Download running, 236 tiles cached
[Mon Apr  6 05:46:07 PM EDT 2026] Download running, 247 tiles cached
[Mon Apr  6 05:47:07 PM EDT 2026] Download running, 259 tiles cached
[Mon Apr  6 05:48:07 PM EDT 2026] Download running, 264 tiles cached
[Mon Apr  6 05:49:07 PM EDT 2026] Download running, 271 tiles cached
[Mon Apr  6 05:50:07 PM EDT 2026] Download running, 285 tiles cached
[Mon Apr  6 05:51:07 PM EDT 2026] Download running, 299 tiles cached
[Mon Apr  6 05:52:07 PM EDT 2026] Download running, 308 tiles cached
[Mon Apr  6 05:53:07 PM EDT 2026] Download running, 315 tiles cached
[Mon Apr  6 05:54:07 PM EDT 2026] Download running, 326 tiles cached
[Mon Apr  6 05:55:07 PM EDT 2026] Download running, 337 tiles cached
[Mon Apr  6 05:56:07 PM EDT 2026] Download running, 342 tiles cached
[Mon Apr  6 05:57:07 PM EDT 2026] Download running, 348 tiles cached
[Mon Apr  6 05:58:07 PM EDT 2026] Download running, 353 tiles cached
[Mon Apr  6 05:59:08 PM EDT 2026] Download running, 358 tiles cached
[Mon Apr  6 06:00:08 PM EDT 2026] Download running, 371 tiles cached
[Mon Apr  6 06:01:08 PM EDT 2026] Download running, 384 tiles cached
[Mon Apr  6 06:02:08 PM EDT 2026] Download running, 396 tiles cached
[Mon Apr  6 06:03:08 PM EDT 2026] Download running, 412 tiles cached
[Mon Apr  6 06:04:08 PM EDT 2026] Download running, 428 tiles cached
[Mon Apr  6 06:05:08 PM EDT 2026] Download running, 436 tiles cached
[Mon Apr  6 06:06:08 PM EDT 2026] Download running, 448 tiles cached
[Mon Apr  6 06:07:08 PM EDT 2026] Download running, 462 tiles cached
[Mon Apr  6 06:08:08 PM EDT 2026] Download running, 473 tiles cached
[Mon Apr  6 06:09:08 PM EDT 2026] Download running, 481 tiles cached
[Mon Apr  6 06:10:08 PM EDT 2026] Download running, 491 tiles cached
[Mon Apr  6 06:11:08 PM EDT 2026] Download running, 501 tiles cached
[Mon Apr  6 06:12:08 PM EDT 2026] Download running, 509 tiles cached
[Mon Apr  6 06:13:08 PM EDT 2026] Download running, 518 tiles cached
[Mon Apr  6 06:14:08 PM EDT 2026] Download running, 531 tiles cached
[Mon Apr  6 06:15:08 PM EDT 2026] Download running, 543 tiles cached
[Mon Apr  6 06:16:08 PM EDT 2026] Download running, 552 tiles cached
[Mon Apr  6 06:17:08 PM EDT 2026] Download running, 565 tiles cached
[Mon Apr  6 06:18:08 PM EDT 2026] Download running, 577 tiles cached
[Mon Apr  6 06:19:08 PM EDT 2026] Download running, 587 tiles cached
[Mon Apr  6 06:20:08 PM EDT 2026] Download running, 596 tiles cached
[Mon Apr  6 06:21:08 PM EDT 2026] Download running, 604 tiles cached
[Mon Apr  6 06:22:08 PM EDT 2026] Download running, 612 tiles cached
[Mon Apr  6 06:23:08 PM EDT 2026] Download running, 620 tiles cached
[Mon Apr  6 06:24:08 PM EDT 2026] Download running, 626 tiles cached
[Mon Apr  6 06:25:08 PM EDT 2026] Download running, 630 tiles cached
[Mon Apr  6 06:26:08 PM EDT 2026] Download running, 635 tiles cached
[Mon Apr  6 06:27:08 PM EDT 2026] Download running, 644 tiles cached
[Mon Apr  6 06:28:08 PM EDT 2026] Download running, 651 tiles cached
[Mon Apr  6 06:29:08 PM EDT 2026] Download running, 658 tiles cached
[Mon Apr  6 06:30:08 PM EDT 2026] Download running, 667 tiles cached
[Mon Apr  6 06:31:08 PM EDT 2026] Download running, 674 tiles cached
[Mon Apr  6 06:32:08 PM EDT 2026] Download running, 683 tiles cached
[Mon Apr  6 06:33:08 PM EDT 2026] Download running, 694 tiles cached
[Mon Apr  6 06:34:08 PM EDT 2026] Download running, 705 tiles cached
[Mon Apr  6 06:35:08 PM EDT 2026] Download running, 715 tiles cached
[Mon Apr  6 06:36:08 PM EDT 2026] Download running, 724 tiles cached
[Mon Apr  6 06:37:08 PM EDT 2026] Download running, 736 tiles cached
[Mon Apr  6 06:38:08 PM EDT 2026] Download running, 748 tiles cached
[Mon Apr  6 06:39:08 PM EDT 2026] Download running, 761 tiles cached
[Mon Apr  6 06:40:08 PM EDT 2026] Download running, 773 tiles cached
[Mon Apr  6 06:41:08 PM EDT 2026] Download running, 787 tiles cached
[Mon Apr  6 06:42:08 PM EDT 2026] Download running, 799 tiles cached
[Mon Apr  6 06:43:08 PM EDT 2026] Download running, 811 tiles cached
[Mon Apr  6 06:44:08 PM EDT 2026] Download running, 825 tiles cached
[Mon Apr  6 06:45:08 PM EDT 2026] Download running, 839 tiles cached
[Mon Apr  6 06:46:08 PM EDT 2026] Download running, 852 tiles cached
[Mon Apr  6 06:47:08 PM EDT 2026] Download running, 864 tiles cached
[Mon Apr  6 06:48:08 PM EDT 2026] Download running, 877 tiles cached
[Mon Apr  6 06:49:08 PM EDT 2026] Download running, 889 tiles cached
[Mon Apr  6 06:50:08 PM EDT 2026] Download running, 900 tiles cached
[Mon Apr  6 06:51:08 PM EDT 2026] Download running, 911 tiles cached
[Mon Apr  6 06:52:08 PM EDT 2026] Download running, 923 tiles cached
[Mon Apr  6 06:53:08 PM EDT 2026] Download running, 935 tiles cached
[Mon Apr  6 06:54:08 PM EDT 2026] Download running, 949 tiles cached
[Mon Apr  6 06:55:08 PM EDT 2026] Download running, 961 tiles cached
[Mon Apr  6 06:56:08 PM EDT 2026] Download running, 974 tiles cached
[Mon Apr  6 06:57:08 PM EDT 2026] Download running, 989 tiles cached
[Mon Apr  6 06:58:08 PM EDT 2026] Download running, 1001 tiles cached
[Mon Apr  6 06:59:08 PM EDT 2026] Download running, 1015 tiles cached
[Mon Apr  6 07:00:08 PM EDT 2026] Download running, 1030 tiles cached
[Mon Apr  6 07:01:08 PM EDT 2026] Download running, 1036 tiles cached
[Mon Apr  6 07:02:08 PM EDT 2026] Download running, 1046 tiles cached
[Mon Apr  6 07:03:08 PM EDT 2026] Download running, 1057 tiles cached
[Mon Apr  6 07:04:09 PM EDT 2026] Download running, 1064 tiles cached
[Mon Apr  6 07:05:09 PM EDT 2026] Download running, 1077 tiles cached
[Mon Apr  6 07:06:09 PM EDT 2026] Download running, 1088 tiles cached
[Mon Apr  6 07:07:09 PM EDT 2026] Download running, 1098 tiles cached
[Mon Apr  6 07:08:09 PM EDT 2026] Download running, 1109 tiles cached
[Mon Apr  6 07:09:09 PM EDT 2026] Download running, 1120 tiles cached
[Mon Apr  6 07:10:09 PM EDT 2026] Download running, 1132 tiles cached
[Mon Apr  6 07:11:09 PM EDT 2026] Download running, 1141 tiles cached
[Mon Apr  6 07:12:09 PM EDT 2026] Download running, 1143 tiles cached
[Mon Apr  6 07:13:09 PM EDT 2026] Download running, 1151 tiles cached
[Mon Apr  6 07:14:09 PM EDT 2026] Download running, 1160 tiles cached
[Mon Apr  6 07:15:09 PM EDT 2026] Download running, 1174 tiles cached
[Mon Apr  6 07:16:09 PM EDT 2026] Download running, 1190 tiles cached
[Mon Apr  6 07:17:09 PM EDT 2026] Download running, 1200 tiles cached
[Mon Apr  6 07:18:09 PM EDT 2026] Download running, 1217 tiles cached
[Mon Apr  6 07:19:09 PM EDT 2026] Download running, 1232 tiles cached
[Mon Apr  6 07:20:09 PM EDT 2026] Download running, 1245 tiles cached
[Mon Apr  6 07:21:09 PM EDT 2026] Download running, 1260 tiles cached
[Mon Apr  6 07:22:09 PM EDT 2026] Download running, 1274 tiles cached
[Mon Apr  6 07:23:09 PM EDT 2026] Download running, 1284 tiles cached
[Mon Apr  6 07:24:09 PM EDT 2026] Download running, 1299 tiles cached
[Mon Apr  6 07:25:09 PM EDT 2026] Download running, 1307 tiles cached
[Mon Apr  6 07:26:09 PM EDT 2026] Download running, 1317 tiles cached
[Mon Apr  6 07:27:09 PM EDT 2026] Download running, 1325 tiles cached
[Mon Apr  6 07:28:09 PM EDT 2026] Download running, 1341 tiles cached
[Mon Apr  6 07:29:09 PM EDT 2026] Download running, 1354 tiles cached
[Mon Apr  6 07:30:09 PM EDT 2026] Download running, 1367 tiles cached
[Mon Apr  6 07:31:09 PM EDT 2026] Download running, 1380 tiles cached
[Mon Apr  6 07:32:09 PM EDT 2026] Download running, 1390 tiles cached
[Mon Apr  6 07:33:09 PM EDT 2026] Download running, 1400 tiles cached
[Mon Apr  6 07:34:09 PM EDT 2026] Download running, 1404 tiles cached
[Mon Apr  6 07:35:09 PM EDT 2026] Download running, 1412 tiles cached
[Mon Apr  6 07:36:09 PM EDT 2026] Download running, 1424 tiles cached
[Mon Apr  6 07:37:09 PM EDT 2026] Download running, 1434 tiles cached
[Mon Apr  6 07:38:09 PM EDT 2026] Download running, 1444 tiles cached
[Mon Apr  6 07:39:09 PM EDT 2026] Download running, 1455 tiles cached
[Mon Apr  6 07:40:09 PM EDT 2026] Download running, 1464 tiles cached
[Mon Apr  6 07:41:09 PM EDT 2026] Download running, 1477 tiles cached
[Mon Apr  6 07:42:09 PM EDT 2026] Download running, 1493 tiles cached
[Mon Apr  6 07:43:09 PM EDT 2026] Download running, 1509 tiles cached
[Mon Apr  6 07:44:09 PM EDT 2026] Download running, 1524 tiles cached
[Mon Apr  6 07:45:09 PM EDT 2026] Download running, 1540 tiles cached
[Mon Apr  6 07:46:10 PM EDT 2026] Download running, 1544 tiles cached
[Mon Apr  6 07:47:10 PM EDT 2026] Download running, 1549 tiles cached
[Mon Apr  6 07:48:10 PM EDT 2026] Download running, 1563 tiles cached
[Mon Apr  6 07:49:10 PM EDT 2026] Download running, 1578 tiles cached
[Mon Apr  6 07:50:10 PM EDT 2026] Download running, 1592 tiles cached
[Mon Apr  6 07:51:10 PM EDT 2026] Download running, 1606 tiles cached
[Mon Apr  6 07:52:10 PM EDT 2026] Download running, 1622 tiles cached
[Mon Apr  6 07:53:10 PM EDT 2026] Download running, 1638 tiles cached
[Mon Apr  6 07:54:10 PM EDT 2026] Download running, 1653 tiles cached
[Mon Apr  6 07:55:10 PM EDT 2026] Download running, 1668 tiles cached
[Mon Apr  6 07:56:10 PM EDT 2026] Download running, 1680 tiles cached
[Mon Apr  6 07:57:10 PM EDT 2026] Download running, 1693 tiles cached
[Mon Apr  6 07:58:10 PM EDT 2026] Download running, 1704 tiles cached
[Mon Apr  6 07:59:10 PM EDT 2026] Download running, 1719 tiles cached
[Mon Apr  6 08:00:10 PM EDT 2026] Download running, 1736 tiles cached
[Mon Apr  6 08:01:10 PM EDT 2026] Download running, 1746 tiles cached
[Mon Apr  6 08:02:10 PM EDT 2026] Download running, 1760 tiles cached
[Mon Apr  6 08:03:10 PM EDT 2026] Download running, 1761 tiles cached
[Mon Apr  6 08:04:10 PM EDT 2026] Download running, 1776 tiles cached
[Mon Apr  6 08:05:10 PM EDT 2026] Download running, 1791 tiles cached
[Mon Apr  6 08:06:10 PM EDT 2026] Download running, 1805 tiles cached
[Mon Apr  6 08:07:10 PM EDT 2026] Download running, 1816 tiles cached
[Mon Apr  6 08:08:10 PM EDT 2026] Download running, 1833 tiles cached
[Mon Apr  6 08:09:10 PM EDT 2026] Download running, 1846 tiles cached
[Mon Apr  6 08:10:10 PM EDT 2026] Download running, 1854 tiles cached
[Mon Apr  6 08:11:10 PM EDT 2026] Download running, 1862 tiles cached
[Mon Apr  6 08:12:10 PM EDT 2026] Download running, 1873 tiles cached
[Mon Apr  6 08:13:10 PM EDT 2026] Download running, 1885 tiles cached
[Mon Apr  6 08:14:10 PM EDT 2026] Download running, 1897 tiles cached
[Mon Apr  6 08:15:10 PM EDT 2026] Download running, 1906 tiles cached
[Mon Apr  6 08:16:10 PM EDT 2026] Download running, 1917 tiles cached
[Mon Apr  6 08:17:10 PM EDT 2026] Download running, 1929 tiles cached
[Mon Apr  6 08:18:10 PM EDT 2026] Download running, 1941 tiles cached
[Mon Apr  6 08:19:11 PM EDT 2026] Download running, 1954 tiles cached
[Mon Apr  6 08:20:11 PM EDT 2026] Download running, 1963 tiles cached
[Mon Apr  6 08:21:11 PM EDT 2026] Download running, 1974 tiles cached
[Mon Apr  6 08:22:11 PM EDT 2026] Download running, 1988 tiles cached
[Mon Apr  6 08:23:11 PM EDT 2026] Download running, 2000 tiles cached
[Mon Apr  6 08:24:11 PM EDT 2026] Download running, 2010 tiles cached
[Mon Apr  6 08:25:11 PM EDT 2026] Download running, 2014 tiles cached
[Mon Apr  6 08:26:11 PM EDT 2026] Download running, 2014 tiles cached
[Mon Apr  6 08:27:11 PM EDT 2026] Download running, 2014 tiles cached
[Mon Apr  6 08:28:11 PM EDT 2026] Download running, 2014 tiles cached
[Mon Apr  6 08:28:11 PM EDT 2026] Download complete. Starting HydroViT v3 training...
/home/bcheng/SENTINEL/scripts/train_hydrovit_wq.py:78: RuntimeWarning: Mean of empty slice
  self.target_mean = np.nanmean(self.targets, axis=0)
/home/bcheng/.conda/envs/physiformer/lib/python3.10/site-packages/numpy/lib/_nanfunctions_impl.py:2019: RuntimeWarning: Degrees of freedom <= 0 for slice.
  var = nanvar(a, axis=axis, dtype=dtype, out=out, ddof=ddof,
/home/bcheng/SENTINEL/scripts/train_hydrovit_wq.py:97: RuntimeWarning: Mean of empty slice
  self.target_mean = np.nanmean(self.targets_norm, axis=0)
[20:28:34] INFO     Loaded 2861 paired samples, images: (2861, 10, 224, 224),   
                    targets: (2861, 16)                                         
[20:28:35] INFO     Non-NaN target density: 0.280                               
           INFO     Split: 2002 train / 429 val / 430 test                      
           INFO     Loading HydroViT with pretrained weights from               
                    checkpoints/satellite/hydrovit_real_mae.pt                  
[20:28:36] INFO     Loaded checkpoint: 0 missing, 0 unexpected keys             
           INFO     HydroViT: 40,796,000 parameters                             
           INFO     ============================================================
           INFO     PHASE 1: Train WQ Head (backbone frozen)                    
           INFO     ============================================================
           INFO     Trainable: 829,984 / 40,796,000 (2.0%)                      
[20:28:48] INFO     [Head] Ep   1/100 | Train Loss: 0.8061 | Val Loss: 0.5032 | 
                    Mean R2: 0.0255 | Optical R2: -0.0129                       
[20:29:34] INFO     [Head] Ep   5/100 | Train Loss: 0.4297 | Val Loss: 0.4735 | 
                    Mean R2: 0.0227 | Optical R2: -0.0104                       
[20:30:29] INFO     [Head] Ep  10/100 | Train Loss: 0.4150 | Val Loss: 0.4000 | 
                    Mean R2: 0.0452 | Optical R2: -0.0058                       
[20:31:26] INFO     [Head] Ep  15/100 | Train Loss: 0.3917 | Val Loss: 0.3990 | 
                    Mean R2: 0.0499 | Optical R2: -0.0055                       
[20:32:21] INFO     [Head] Ep  20/100 | Train Loss: 0.3726 | Val Loss: 0.3843 | 
                    Mean R2: 0.0554 | Optical R2: -0.0027                       
[20:33:16] INFO     [Head] Ep  25/100 | Train Loss: 0.3469 | Val Loss: 0.4015 | 
                    Mean R2: 0.0433 | Optical R2: 0.0042                        
[20:34:12] INFO     [Head] Ep  30/100 | Train Loss: 0.3383 | Val Loss: 0.3974 | 
                    Mean R2: 0.0577 | Optical R2: 0.0155                        
[20:35:06] INFO     [Head] Ep  35/100 | Train Loss: 0.3308 | Val Loss: 0.3800 | 
                    Mean R2: 0.0574 | Optical R2: 0.0240                        
[20:36:02] INFO     [Head] Ep  40/100 | Train Loss: 0.3130 | Val Loss: 0.3809 | 
                    Mean R2: 0.0678 | Optical R2: 0.0394                        
[20:36:56] INFO     [Head] Ep  45/100 | Train Loss: 0.3005 | Val Loss: 0.3894 | 
                    Mean R2: 0.0720 | Optical R2: 0.0655                        
[20:37:52] INFO     [Head] Ep  50/100 | Train Loss: 0.2884 | Val Loss: 0.3890 | 
                    Mean R2: 0.0683 | Optical R2: 0.0632                        
[20:38:47] INFO     [Head] Ep  55/100 | Train Loss: 0.2713 | Val Loss: 0.4419 | 
                    Mean R2: 0.0399 | Optical R2: -0.0563                       
[20:39:43] INFO     [Head] Ep  60/100 | Train Loss: 0.2559 | Val Loss: 0.4443 | 
                    Mean R2: 0.0344 | Optical R2: -0.0474                       
[20:40:39] INFO     [Head] Ep  65/100 | Train Loss: 0.2352 | Val Loss: 0.4445 | 
                    Mean R2: 0.0628 | Optical R2: -0.0081                       
[20:41:35] INFO     [Head] Ep  70/100 | Train Loss: 0.2260 | Val Loss: 0.4617 | 
                    Mean R2: 0.0601 | Optical R2: -0.0028                       
[20:42:31] INFO     [Head] Ep  75/100 | Train Loss: 0.2162 | Val Loss: 0.4836 | 
                    Mean R2: 0.0440 | Optical R2: -0.0592                       
[20:43:26] INFO     [Head] Ep  80/100 | Train Loss: 0.2058 | Val Loss: 0.5216 | 
                    Mean R2: 0.0340 | Optical R2: -0.0747                       
[20:44:22] INFO     [Head] Ep  85/100 | Train Loss: 0.1993 | Val Loss: 0.5225 | 
                    Mean R2: 0.0372 | Optical R2: -0.0597                       
[20:45:16] INFO     [Head] Ep  90/100 | Train Loss: 0.1917 | Val Loss: 0.5336 | 
                    Mean R2: 0.0413 | Optical R2: -0.0475                       
[20:46:10] INFO     [Head] Ep  95/100 | Train Loss: 0.1890 | Val Loss: 0.5392 | 
                    Mean R2: 0.0401 | Optical R2: -0.0515                       
[20:47:04] INFO     [Head] Ep 100/100 | Train Loss: 0.1817 | Val Loss: 0.5400 | 
                    Mean R2: 0.0404 | Optical R2: -0.0509                       
[20:47:05] INFO     Phase 1 best val R2: 0.0743                                 
           INFO     ============================================================
           INFO     PHASE 2: Fine-tune backbone + head                          
           INFO     ============================================================
[20:47:22] INFO     [Finetune] Ep   1/100 | Train Loss: 0.4120 | Val Loss:      
                    0.4009 | Mean R2: 0.0364 | Optical R2: -0.0382              
[20:48:29] INFO     [Finetune] Ep   5/100 | Train Loss: 0.3037 | Val Loss:      
                    0.4012 | Mean R2: 0.0760 | Optical R2: 0.0317               
[20:49:54] INFO     [Finetune] Ep  10/100 | Train Loss: 0.2491 | Val Loss:      
                    0.3869 | Mean R2: 0.0808 | Optical R2: 0.0675               
[20:51:18] INFO     [Finetune] Ep  15/100 | Train Loss: 0.1754 | Val Loss:      
                    0.4103 | Mean R2: 0.0598 | Optical R2: 0.0565               
[20:52:41] INFO     [Finetune] Ep  20/100 | Train Loss: 0.1148 | Val Loss:      
                    0.4155 | Mean R2: 0.0751 | Optical R2: 0.0755               
[20:54:06] INFO     [Finetune] Ep  25/100 | Train Loss: 0.0463 | Val Loss:      
                    0.3998 | Mean R2: 0.0942 | Optical R2: 0.0553               
[20:55:30] INFO     [Finetune] Ep  30/100 | Train Loss: -0.0367 | Val Loss:     
                    0.5837 | Mean R2: 0.0825 | Optical R2: 0.0288               
[20:56:54] INFO     [Finetune] Ep  35/100 | Train Loss: -0.1150 | Val Loss:     
                    0.6162 | Mean R2: 0.0632 | Optical R2: 0.0486               
[20:58:18] INFO     [Finetune] Ep  40/100 | Train Loss: -0.1869 | Val Loss:     
                    0.8707 | Mean R2: 0.0856 | Optical R2: 0.0638               
[20:59:42] INFO     [Finetune] Ep  45/100 | Train Loss: -0.2432 | Val Loss:     
                    1.3281 | Mean R2: 0.0871 | Optical R2: 0.0800               
[21:01:07] INFO     [Finetune] Ep  50/100 | Train Loss: -0.3137 | Val Loss:     
                    1.5899 | Mean R2: 0.0711 | Optical R2: 0.0501               
[21:02:30] INFO     [Finetune] Ep  55/100 | Train Loss: -0.3648 | Val Loss:     
                    1.8981 | Mean R2: 0.0497 | Optical R2: 0.0666               
[21:03:53] INFO     [Finetune] Ep  60/100 | Train Loss: -0.4450 | Val Loss:     
                    2.6840 | Mean R2: 0.1004 | Optical R2: 0.0941               
[21:05:17] INFO     [Finetune] Ep  65/100 | Train Loss: -0.4877 | Val Loss:     
                    3.3380 | Mean R2: 0.0948 | Optical R2: 0.1098               
[21:06:41] INFO     [Finetune] Ep  70/100 | Train Loss: -0.5408 | Val Loss:     
                    4.0772 | Mean R2: 0.1026 | Optical R2: 0.1012               
[21:08:05] INFO     [Finetune] Ep  75/100 | Train Loss: -0.5849 | Val Loss:     
                    4.8996 | Mean R2: 0.0951 | Optical R2: 0.1049               
[21:09:29] INFO     [Finetune] Ep  80/100 | Train Loss: -0.6251 | Val Loss:     
                    5.9505 | Mean R2: 0.1080 | Optical R2: 0.1156               
[21:10:53] INFO     [Finetune] Ep  85/100 | Train Loss: -0.6399 | Val Loss:     
                    6.5048 | Mean R2: 0.1088 | Optical R2: 0.1170               
[21:12:16] INFO     [Finetune] Ep  90/100 | Train Loss: -0.6731 | Val Loss:     
                    7.0660 | Mean R2: 0.1038 | Optical R2: 0.1160               
[21:13:40] INFO     [Finetune] Ep  95/100 | Train Loss: -0.6779 | Val Loss:     
                    7.1766 | Mean R2: 0.1091 | Optical R2: 0.1170               
[21:15:04] INFO     [Finetune] Ep 100/100 | Train Loss: -0.6838 | Val Loss:     
                    7.2646 | Mean R2: 0.1073 | Optical R2: 0.1150               
           INFO     Phase 2 best val R2: 0.1199                                 
           INFO     ============================================================
           INFO     TEST EVALUATION                                             
           INFO     ============================================================
[21:15:07] INFO                           chl_a: R2 =  -0.1836 [OPTICAL] BELOW  
           INFO                       turbidity: R2 =   0.0917 [OPTICAL] BELOW  
           INFO                    secchi_depth: R2 =      nan                  
           INFO                            cdom: R2 =      nan                  
           INFO                             tss: R2 =   0.2215 [OPTICAL] BELOW  
           INFO                  total_nitrogen: R2 =   0.0723                  
           INFO                total_phosphorus: R2 =   0.2109                  
           INFO                dissolved_oxygen: R2 =   0.2400                  
           INFO                         ammonia: R2 =  -0.0156                  
           INFO                         nitrate: R2 =   0.0017                  
           INFO                              ph: R2 =   0.0365                  
           INFO                      water_temp: R2 =   0.6738                  
           INFO                     phycocyanin: R2 =   0.0057                  
           INFO                 oil_probability: R2 =      nan                  
           INFO                           acdom: R2 =      nan                  
           INFO         pollution_anomaly_index: R2 =      nan                  
           INFO       Mean R2 (all params with data): 0.1232                    
           INFO       Mean R2 (optical params): 0.0432                          
           INFO       >>> BELOW THRESHOLD (0.1232) <<<                          
           INFO     Saved checkpoint: checkpoints/satellite/hydrovit_wq_v3.pt   
           INFO     Results saved:                                              
                    checkpoints/satellite/results_wq_finetuned.json             
           INFO     Total time: 46.9 min                                        
           INFO     DONE                                                        
[Mon Apr  6 09:15:08 PM EDT 2026] Training complete.
